Change Component Footprint: Designator=C19 Old Footprint=CAPC0805X060 New Footprint=CAPC0402X020
Change Component Footprint: Designator=C20 Old Footprint=CAPC0805X060 New Footprint=CAPC0402X020
Change Component Comment : Designator=C19 Old Comment=CL21B104KACNNNC New Comment=CL05B104KB5NNNC
Change Component Comment : Designator=C20 Old Comment=CL21B104KACNNNC New Comment=CL05B104KB5NNNC
Change component parameters: Designator = "C19" ("C19"); Footprint = "CAPC0805X060"; UniqueID = "\HKTNPMJO\XSRAWMIY" ("\HKTNPMJO\XSRAWMIY")
Change component parameters (AddParameter): Name = "Capacitance"; Value = "0.1uF"; VariantName = "[No Variations]"
Change component parameters (AddParameter): Name = "Case Code"; Value = "0402"; VariantName = "[No Variations]"
Change component parameters (AddParameter): Name = "Distributor"; Value = "Digikey"; VariantName = "[No Variations]"
Change component parameters (AddParameter): Name = "Distributor Part Number"; Value = "1276-CL05B104KB5NNNCCT-ND"; VariantName = "[No Variations]"
Change component parameters (AddParameter): Name = "Part Number"; Value = "CL05B104KB5NNNC"; VariantName = "[No Variations]"
Change component parameters (AddParameter): Name = "Tolerance"; Value = "10%"; VariantName = "[No Variations]"
Change component parameters (AddParameter): Name = "Voltage Rating"; Value = "50V"; VariantName = "[No Variations]"
Change component parameters: Designator = "C20" ("C20"); Footprint = "CAPC0805X060"; UniqueID = "\HKTNPMJO\WTTDYPQH" ("\HKTNPMJO\WTTDYPQH")
Change component parameters (AddParameter): Name = "Capacitance"; Value = "0.1uF"; VariantName = "[No Variations]"
Change component parameters (AddParameter): Name = "Case Code"; Value = "0402"; VariantName = "[No Variations]"
Change component parameters (AddParameter): Name = "Distributor"; Value = "Digikey"; VariantName = "[No Variations]"
Change component parameters (AddParameter): Name = "Distributor Part Number"; Value = "1276-CL05B104KB5NNNCCT-ND"; VariantName = "[No Variations]"
Change component parameters (AddParameter): Name = "Part Number"; Value = "CL05B104KB5NNNC"; VariantName = "[No Variations]"
Change component parameters (AddParameter): Name = "Tolerance"; Value = "10%"; VariantName = "[No Variations]"
Change component parameters (AddParameter): Name = "Voltage Rating"; Value = "50V"; VariantName = "[No Variations]"
Added Room: Name=Top_Level
