Removed Member From Class: ClassName=Battery Member=C29
Removed Member From Class: ClassName=Cubesat BMS Member=C29
Removed Member From Class: ClassName=Battery Member=D5
Added Component: Designator=C6(CAPC1210X090)
Add component (AddParameter): Name = "Capacitance"; Value = "22uF"; VariantName = "[No Variations]"
Add component (AddParameter): Name = "Case Code"; Value = "1210"; VariantName = "[No Variations]"
Add component (AddParameter): Name = "Distributor"; Value = "Digikey"; VariantName = "[No Variations]"
Add component (AddParameter): Name = "Distributor Part Number"; Value = "1276-3392-1-ND"; VariantName = "[No Variations]"
Add component (AddParameter): Name = "Part Number"; Value = "CL32B226KAJNNNE"; VariantName = "[No Variations]"
Add component (AddParameter): Name = "Tolerance"; Value = "10%"; VariantName = "[No Variations]"
Add component (AddParameter): Name = "Voltage Rating"; Value = "25V"; VariantName = "[No Variations]"
Added Component: Designator=C7(CAPC1210X090)
Add component (AddParameter): Name = "Capacitance"; Value = "22uF"; VariantName = "[No Variations]"
Add component (AddParameter): Name = "Case Code"; Value = "1210"; VariantName = "[No Variations]"
Add component (AddParameter): Name = "Distributor"; Value = "Digikey"; VariantName = "[No Variations]"
Add component (AddParameter): Name = "Distributor Part Number"; Value = "1276-3392-1-ND"; VariantName = "[No Variations]"
Add component (AddParameter): Name = "Part Number"; Value = "CL32B226KAJNNNE"; VariantName = "[No Variations]"
Add component (AddParameter): Name = "Tolerance"; Value = "10%"; VariantName = "[No Variations]"
Add component (AddParameter): Name = "Voltage Rating"; Value = "25V"; VariantName = "[No Variations]"
Added Component: Designator=C8(CAPC1210X090)
Add component (AddParameter): Name = "Capacitance"; Value = "22uF"; VariantName = "[No Variations]"
Add component (AddParameter): Name = "Case Code"; Value = "1210"; VariantName = "[No Variations]"
Add component (AddParameter): Name = "Distributor"; Value = "Digikey"; VariantName = "[No Variations]"
Add component (AddParameter): Name = "Distributor Part Number"; Value = "1276-3392-1-ND"; VariantName = "[No Variations]"
Add component (AddParameter): Name = "Part Number"; Value = "CL32B226KAJNNNE"; VariantName = "[No Variations]"
Add component (AddParameter): Name = "Tolerance"; Value = "10%"; VariantName = "[No Variations]"
Add component (AddParameter): Name = "Voltage Rating"; Value = "25V"; VariantName = "[No Variations]"
Added Component: Designator=C9(CAPC1210X090)
Add component (AddParameter): Name = "Capacitance"; Value = "22uF"; VariantName = "[No Variations]"
Add component (AddParameter): Name = "Case Code"; Value = "1210"; VariantName = "[No Variations]"
Add component (AddParameter): Name = "Distributor"; Value = "Digikey"; VariantName = "[No Variations]"
Add component (AddParameter): Name = "Distributor Part Number"; Value = "1276-3392-1-ND"; VariantName = "[No Variations]"
Add component (AddParameter): Name = "Part Number"; Value = "CL32B226KAJNNNE"; VariantName = "[No Variations]"
Add component (AddParameter): Name = "Tolerance"; Value = "10%"; VariantName = "[No Variations]"
Add component (AddParameter): Name = "Voltage Rating"; Value = "25V"; VariantName = "[No Variations]"
Added Component: Designator=C10(CAPC1210X090)
Add component (AddParameter): Name = "Capacitance"; Value = "22uF"; VariantName = "[No Variations]"
Add component (AddParameter): Name = "Case Code"; Value = "1210"; VariantName = "[No Variations]"
Add component (AddParameter): Name = "Distributor"; Value = "Digikey"; VariantName = "[No Variations]"
Add component (AddParameter): Name = "Distributor Part Number"; Value = "1276-3392-1-ND"; VariantName = "[No Variations]"
Add component (AddParameter): Name = "Part Number"; Value = "CL32B226KAJNNNE"; VariantName = "[No Variations]"
Add component (AddParameter): Name = "Tolerance"; Value = "10%"; VariantName = "[No Variations]"
Add component (AddParameter): Name = "Voltage Rating"; Value = "25V"; VariantName = "[No Variations]"
Added Component: Designator=C11(CAPC1210X090)
Add component (AddParameter): Name = "Capacitance"; Value = "22uF"; VariantName = "[No Variations]"
Add component (AddParameter): Name = "Case Code"; Value = "1210"; VariantName = "[No Variations]"
Add component (AddParameter): Name = "Distributor"; Value = "Digikey"; VariantName = "[No Variations]"
Add component (AddParameter): Name = "Distributor Part Number"; Value = "1276-3392-1-ND"; VariantName = "[No Variations]"
Add component (AddParameter): Name = "Part Number"; Value = "CL32B226KAJNNNE"; VariantName = "[No Variations]"
Add component (AddParameter): Name = "Tolerance"; Value = "10%"; VariantName = "[No Variations]"
Add component (AddParameter): Name = "Voltage Rating"; Value = "25V"; VariantName = "[No Variations]"
Added Component: Designator=C12(CAPC0603X040)
Add component (AddParameter): Name = "Capacitance"; Value = "100nF"; VariantName = "[No Variations]"
Add component (AddParameter): Name = "Case Code"; Value = "0603"; VariantName = "[No Variations]"
Add component (AddParameter): Name = "Distributor"; Value = "Digikey"; VariantName = "[No Variations]"
Add component (AddParameter): Name = "Distributor Part Number"; Value = "399-C0603C104K5RACTUCT-ND"; VariantName = "[No Variations]"
Add component (AddParameter): Name = "Part Number"; Value = "C0603C104K5RACTU"; VariantName = "[No Variations]"
Add component (AddParameter): Name = "Tolerance"; Value = "10%"; VariantName = "[No Variations]"
Add component (AddParameter): Name = "Voltage Rating"; Value = "50V"; VariantName = "[No Variations]"
Added Component: Designator=C13(CAPC0603X040)
Add component (AddParameter): Name = "Capacitance"; Value = "100nF"; VariantName = "[No Variations]"
Add component (AddParameter): Name = "Case Code"; Value = "0603"; VariantName = "[No Variations]"
Add component (AddParameter): Name = "Distributor"; Value = "Digikey"; VariantName = "[No Variations]"
Add component (AddParameter): Name = "Distributor Part Number"; Value = "399-C0603C104K5RACTUCT-ND"; VariantName = "[No Variations]"
Add component (AddParameter): Name = "Part Number"; Value = "C0603C104K5RACTU"; VariantName = "[No Variations]"
Add component (AddParameter): Name = "Tolerance"; Value = "10%"; VariantName = "[No Variations]"
Add component (AddParameter): Name = "Voltage Rating"; Value = "50V"; VariantName = "[No Variations]"
Added Component: Designator=C14(CAPC0603X040)
Add component (AddParameter): Name = "Capacitance"; Value = "100nF"; VariantName = "[No Variations]"
Add component (AddParameter): Name = "Case Code"; Value = "0603"; VariantName = "[No Variations]"
Add component (AddParameter): Name = "Distributor"; Value = "Digikey"; VariantName = "[No Variations]"
Add component (AddParameter): Name = "Distributor Part Number"; Value = "399-C0603C104K5RACTUCT-ND"; VariantName = "[No Variations]"
Add component (AddParameter): Name = "Part Number"; Value = "C0603C104K5RACTU"; VariantName = "[No Variations]"
Add component (AddParameter): Name = "Tolerance"; Value = "10%"; VariantName = "[No Variations]"
Add component (AddParameter): Name = "Voltage Rating"; Value = "50V"; VariantName = "[No Variations]"
Added Component: Designator=C15(CAPC0603X040)
Add component (AddParameter): Name = "Capacitance"; Value = "100nF"; VariantName = "[No Variations]"
Add component (AddParameter): Name = "Case Code"; Value = "0603"; VariantName = "[No Variations]"
Add component (AddParameter): Name = "Distributor"; Value = "Digikey"; VariantName = "[No Variations]"
Add component (AddParameter): Name = "Distributor Part Number"; Value = "399-C0603C104K5RACTUCT-ND"; VariantName = "[No Variations]"
Add component (AddParameter): Name = "Part Number"; Value = "C0603C104K5RACTU"; VariantName = "[No Variations]"
Add component (AddParameter): Name = "Tolerance"; Value = "10%"; VariantName = "[No Variations]"
Add component (AddParameter): Name = "Voltage Rating"; Value = "50V"; VariantName = "[No Variations]"
Added Component: Designator=C16(CAPC0603X040)
Add component (AddParameter): Name = "Capacitance"; Value = "100nF"; VariantName = "[No Variations]"
Add component (AddParameter): Name = "Case Code"; Value = "0603"; VariantName = "[No Variations]"
Add component (AddParameter): Name = "Distributor"; Value = "Digikey"; VariantName = "[No Variations]"
Add component (AddParameter): Name = "Distributor Part Number"; Value = "399-C0603C104K5RACTUCT-ND"; VariantName = "[No Variations]"
Add component (AddParameter): Name = "Part Number"; Value = "C0603C104K5RACTU"; VariantName = "[No Variations]"
Add component (AddParameter): Name = "Tolerance"; Value = "10%"; VariantName = "[No Variations]"
Add component (AddParameter): Name = "Voltage Rating"; Value = "50V"; VariantName = "[No Variations]"
Added Component: Designator=C17(CAPC0603X040)
Add component (AddParameter): Name = "Capacitance"; Value = "100nF"; VariantName = "[No Variations]"
Add component (AddParameter): Name = "Case Code"; Value = "0603"; VariantName = "[No Variations]"
Add component (AddParameter): Name = "Distributor"; Value = "Digikey"; VariantName = "[No Variations]"
Add component (AddParameter): Name = "Distributor Part Number"; Value = "399-C0603C104K5RACTUCT-ND"; VariantName = "[No Variations]"
Add component (AddParameter): Name = "Part Number"; Value = "C0603C104K5RACTU"; VariantName = "[No Variations]"
Add component (AddParameter): Name = "Tolerance"; Value = "10%"; VariantName = "[No Variations]"
Add component (AddParameter): Name = "Voltage Rating"; Value = "50V"; VariantName = "[No Variations]"
Added Component: Designator=C18(CAPC0603X040)
Add component (AddParameter): Name = "Capacitance"; Value = "100nF"; VariantName = "[No Variations]"
Add component (AddParameter): Name = "Case Code"; Value = "0603"; VariantName = "[No Variations]"
Add component (AddParameter): Name = "Distributor"; Value = "Digikey"; VariantName = "[No Variations]"
Add component (AddParameter): Name = "Distributor Part Number"; Value = "399-C0603C104K5RACTUCT-ND"; VariantName = "[No Variations]"
Add component (AddParameter): Name = "Part Number"; Value = "C0603C104K5RACTU"; VariantName = "[No Variations]"
Add component (AddParameter): Name = "Tolerance"; Value = "10%"; VariantName = "[No Variations]"
Add component (AddParameter): Name = "Voltage Rating"; Value = "50V"; VariantName = "[No Variations]"
Added Component: Designator=C30(CAPC0805X060)
Add component (AddParameter): Name = "Capacitance"; Value = "10nF"; VariantName = "[No Variations]"
Add component (AddParameter): Name = "Case Code"; Value = "0805"; VariantName = "[No Variations]"
Add component (AddParameter): Name = "Distributor"; Value = "JLPCB"; VariantName = "[No Variations]"
Add component (AddParameter): Name = "Distributor Part Number"; Value = "C1710"; VariantName = "[No Variations]"
Add component (AddParameter): Name = "Part Number"; Value = "CL21B103KBANNNC"; VariantName = "[No Variations]"
Add component (AddParameter): Name = "Tolerance"; Value = "10%"; VariantName = "[No Variations]"
Add component (AddParameter): Name = "Voltage Rating"; Value = "25V"; VariantName = "[No Variations]"
Added Component: Designator=C31(CAPC0805X060)
Add component (AddParameter): Name = "Capacitance"; Value = "4.7nF"; VariantName = "[No Variations]"
Add component (AddParameter): Name = "Case Code"; Value = "0805"; VariantName = "[No Variations]"
Add component (AddParameter): Name = "Dielectric"; Value = "X7R"; VariantName = "[No Variations]"
Add component (AddParameter): Name = "Distributor"; Value = "JLCPCB"; VariantName = "[No Variations]"
Add component (AddParameter): Name = "Distributor Part Number"; Value = "C1744"; VariantName = "[No Variations]"
Add component (AddParameter): Name = "Manufacturer"; Value = "FH"; VariantName = "[No Variations]"
Add component (AddParameter): Name = "Part Number"; Value = "0805B472K500NT"; VariantName = "[No Variations]"
Add component (AddParameter): Name = "Tolerance"; Value = "10%"; VariantName = "[No Variations]"
Add component (AddParameter): Name = "Voltage Rating"; Value = "50V"; VariantName = "[No Variations]"
Added Component: Designator=C36(CAPC0603X040)
Add component (AddParameter): Name = "Capacitance"; Value = "1uF"; VariantName = "[No Variations]"
Add component (AddParameter): Name = "Case Code"; Value = "0603"; VariantName = "[No Variations]"
Add component (AddParameter): Name = "Dielectric"; Value = "X5R"; VariantName = "[No Variations]"
Add component (AddParameter): Name = "Distributor"; Value = "JLCPCB"; VariantName = "[No Variations]"
Add component (AddParameter): Name = "Distributor Part number"; Value = "C15849"; VariantName = "[No Variations]"
Add component (AddParameter): Name = "Part Number"; Value = "CL10A105KB8NNNC"; VariantName = "[No Variations]"
Add component (AddParameter): Name = "Tolerance"; Value = "10%"; VariantName = "[No Variations]"
Add component (AddParameter): Name = "Voltage Rating"; Value = "50V"; VariantName = "[No Variations]"
Added Component: Designator=C37(CAPC0603X040)
Add component (AddParameter): Name = "Capacitance"; Value = "1uF"; VariantName = "[No Variations]"
Add component (AddParameter): Name = "Case Code"; Value = "0603"; VariantName = "[No Variations]"
Add component (AddParameter): Name = "Dielectric"; Value = "X5R"; VariantName = "[No Variations]"
Add component (AddParameter): Name = "Distributor"; Value = "JLCPCB"; VariantName = "[No Variations]"
Add component (AddParameter): Name = "Distributor Part number"; Value = "C15849"; VariantName = "[No Variations]"
Add component (AddParameter): Name = "Part Number"; Value = "CL10A105KB8NNNC"; VariantName = "[No Variations]"
Add component (AddParameter): Name = "Tolerance"; Value = "10%"; VariantName = "[No Variations]"
Add component (AddParameter): Name = "Voltage Rating"; Value = "50V"; VariantName = "[No Variations]"
Added Component: Designator=C38(CAPC0603X040)
Add component (AddParameter): Name = "Capacitance"; Value = "1uF"; VariantName = "[No Variations]"
Add component (AddParameter): Name = "Case Code"; Value = "0603"; VariantName = "[No Variations]"
Add component (AddParameter): Name = "Dielectric"; Value = "X5R"; VariantName = "[No Variations]"
Add component (AddParameter): Name = "Distributor"; Value = "JLCPCB"; VariantName = "[No Variations]"
Add component (AddParameter): Name = "Distributor Part number"; Value = "C15849"; VariantName = "[No Variations]"
Add component (AddParameter): Name = "Part Number"; Value = "CL10A105KB8NNNC"; VariantName = "[No Variations]"
Add component (AddParameter): Name = "Tolerance"; Value = "10%"; VariantName = "[No Variations]"
Add component (AddParameter): Name = "Voltage Rating"; Value = "50V"; VariantName = "[No Variations]"
Added Component: Designator=C39(CAPC0603X040)
Add component (AddParameter): Name = "Capacitance"; Value = "1uF"; VariantName = "[No Variations]"
Add component (AddParameter): Name = "Case Code"; Value = "0603"; VariantName = "[No Variations]"
Add component (AddParameter): Name = "Dielectric"; Value = "X5R"; VariantName = "[No Variations]"
Add component (AddParameter): Name = "Distributor"; Value = "JLCPCB"; VariantName = "[No Variations]"
Add component (AddParameter): Name = "Distributor Part number"; Value = "C15849"; VariantName = "[No Variations]"
Add component (AddParameter): Name = "Part Number"; Value = "CL10A105KB8NNNC"; VariantName = "[No Variations]"
Add component (AddParameter): Name = "Tolerance"; Value = "10%"; VariantName = "[No Variations]"
Add component (AddParameter): Name = "Voltage Rating"; Value = "50V"; VariantName = "[No Variations]"
Added Component: Designator=C40(CAPC0603X040)
Add component (AddParameter): Name = "Capacitance"; Value = "1uF"; VariantName = "[No Variations]"
Add component (AddParameter): Name = "Case Code"; Value = "0603"; VariantName = "[No Variations]"
Add component (AddParameter): Name = "Dielectric"; Value = "X5R"; VariantName = "[No Variations]"
Add component (AddParameter): Name = "Distributor"; Value = "JLCPCB"; VariantName = "[No Variations]"
Add component (AddParameter): Name = "Distributor Part number"; Value = "C15849"; VariantName = "[No Variations]"
Add component (AddParameter): Name = "Part Number"; Value = "CL10A105KB8NNNC"; VariantName = "[No Variations]"
Add component (AddParameter): Name = "Tolerance"; Value = "10%"; VariantName = "[No Variations]"
Add component (AddParameter): Name = "Voltage Rating"; Value = "50V"; VariantName = "[No Variations]"
Added Component: Designator=C41(CAPC0603X040)
Add component (AddParameter): Name = "Capacitance"; Value = "100nF"; VariantName = "[No Variations]"
Add component (AddParameter): Name = "Case Code"; Value = "0603"; VariantName = "[No Variations]"
Add component (AddParameter): Name = "Dielectric"; Value = "X7R"; VariantName = "[No Variations]"
Add component (AddParameter): Name = "Distributor"; Value = "JLCPCB"; VariantName = "[No Variations]"
Add component (AddParameter): Name = "Distributor Part number"; Value = "C14663"; VariantName = "[No Variations]"
Add component (AddParameter): Name = "Part Number"; Value = "CC0603KRX7R9BB104"; VariantName = "[No Variations]"
Add component (AddParameter): Name = "Tolerance"; Value = "10%"; VariantName = "[No Variations]"
Add component (AddParameter): Name = "Voltage Rating"; Value = "50V"; VariantName = "[No Variations]"
Added Component: Designator=C42(CAPC0603X040)
Add component (AddParameter): Name = "Capacitance"; Value = "100nF"; VariantName = "[No Variations]"
Add component (AddParameter): Name = "Case Code"; Value = "0603"; VariantName = "[No Variations]"
Add component (AddParameter): Name = "Dielectric"; Value = "X7R"; VariantName = "[No Variations]"
Add component (AddParameter): Name = "Distributor"; Value = "JLCPCB"; VariantName = "[No Variations]"
Add component (AddParameter): Name = "Distributor Part number"; Value = "C14663"; VariantName = "[No Variations]"
Add component (AddParameter): Name = "Part Number"; Value = "CC0603KRX7R9BB104"; VariantName = "[No Variations]"
Add component (AddParameter): Name = "Tolerance"; Value = "10%"; VariantName = "[No Variations]"
Add component (AddParameter): Name = "Voltage Rating"; Value = "50V"; VariantName = "[No Variations]"
Added Component: Designator=C43(CAPC0603X040)
Add component (AddParameter): Name = "Capacitance"; Value = "100nF"; VariantName = "[No Variations]"
Add component (AddParameter): Name = "Case Code"; Value = "0603"; VariantName = "[No Variations]"
Add component (AddParameter): Name = "Dielectric"; Value = "X7R"; VariantName = "[No Variations]"
Add component (AddParameter): Name = "Distributor"; Value = "JLCPCB"; VariantName = "[No Variations]"
Add component (AddParameter): Name = "Distributor Part number"; Value = "C14663"; VariantName = "[No Variations]"
Add component (AddParameter): Name = "Part Number"; Value = "CC0603KRX7R9BB104"; VariantName = "[No Variations]"
Add component (AddParameter): Name = "Tolerance"; Value = "10%"; VariantName = "[No Variations]"
Add component (AddParameter): Name = "Voltage Rating"; Value = "50V"; VariantName = "[No Variations]"
Added Component: Designator=D1(SOD-323)
Add component (AddParameter): Name = "Current - Average"; Value = "2A"; VariantName = "[No Variations]"
Add component (AddParameter): Name = "Distributor"; Value = "Digikey"; VariantName = "[No Variations]"
Add component (AddParameter): Name = "Distributor Part Number"; Value = "SMD22WS-TPMSCT-ND"; VariantName = "[No Variations]"
Add component (AddParameter): Name = "fORWARD vOLTAGE"; Value = "550mV"; VariantName = "[No Variations]"
Add component (AddParameter): Name = "Operating Temperature"; Value = "-55°C ~ 125°C"; VariantName = "[No Variations]"
Add component (AddParameter): Name = "Part Number"; Value = "SMD22WS-TP"; VariantName = "[No Variations]"
Add component (AddParameter): Name = "Voltage - DC Reverse"; Value = "20V"; VariantName = "[No Variations]"
Added Component: Designator=D4(DO-214)
Add component (AddParameter): Name = "Current - Average Rectified"; Value = "3A"; VariantName = "[No Variations]"
Add component (AddParameter): Name = "Distributor"; Value = "Digikey"; VariantName = "[No Variations]"
Add component (AddParameter): Name = "Distributor Part Number"; Value = "B340LA-FDICT-ND"; VariantName = "[No Variations]"
Add component (AddParameter): Name = "Operating Temperature"; Value = "-55°C ~ 125°C"; VariantName = "[No Variations]"
Add component (AddParameter): Name = "Part Number"; Value = "B340LA-13-F"; VariantName = "[No Variations]"
Add component (AddParameter): Name = "Voltage - DC Reverse (Max)"; Value = "40V"; VariantName = "[No Variations]"
Add component (AddParameter): Name = "Voltage - Foward"; Value = "450mV"; VariantName = "[No Variations]"
Added Component: Designator=D6(SOD-323)
Add component (AddParameter): Name = "Distributor"; Value = "JLCPCB"; VariantName = "[No Variations]"
Add component (AddParameter): Name = "Distributor Part Number"; Value = "C151448"; VariantName = "[No Variations]"
Add component (AddParameter): Name = "Ifsm"; Value = "3@100us"; VariantName = "[No Variations]"
Add component (AddParameter): Name = "Ir (Max)"; Value = "100n"; VariantName = "[No Variations]"
Add component (AddParameter): Name = "Operating Temperature"; Value = "-55 to 150C"; VariantName = "[No Variations]"
Add component (AddParameter): Name = "Part Number"; Value = "BAV20WS-7-F"; VariantName = "[No Variations]"
Add component (AddParameter): Name = "Vr (Max)"; Value = "200"; VariantName = "[No Variations]"
Added Component: Designator=D7(SOD-523)
Add component (AddParameter): Name = "Distributor"; Value = "JLCPCB"; VariantName = "[No Variations]"
Add component (AddParameter): Name = "Distributor Part Number"; Value = "C507911"; VariantName = "[No Variations]"
Add component (AddParameter): Name = "Operating Temperature"; Value = "-65°C ~ 150°C"; VariantName = "[No Variations]"
Add component (AddParameter): Name = "Part Number"; Value = "BZT52C12T-7"; VariantName = "[No Variations]"
Add component (AddParameter): Name = "Power - Max"; Value = "300mW"; VariantName = "[No Variations]"
Add component (AddParameter): Name = "Voltage - Zener"; Value = "12V"; VariantName = "[No Variations]"
Added Component: Designator=J1(LS2-110-01-L-D)
Add component (AddParameter): Name = "Contact Rating"; Value = "3.2A"; VariantName = "[No Variations]"
Add component (AddParameter): Name = "Distributor"; Value = "Digikey"; VariantName = "[No Variations]"
Add component (AddParameter): Name = "Distributor Part Number"; Value = "SAM9665-ND"; VariantName = "[No Variations]"
Add component (AddParameter): Name = "Number of Positions"; Value = "20"; VariantName = "[No Variations]"
Add component (AddParameter): Name = "Number of Rows"; Value = "2"; VariantName = "[No Variations]"
Add component (AddParameter): Name = "Operating Temperature"; Value = "-55C ~ 125C"; VariantName = "[No Variations]"
Add component (AddParameter): Name = "Part Number"; Value = "LS2-110-01-L-D"; VariantName = "[No Variations]"
Add component (AddParameter): Name = "Voltage Rating"; Value = "475VAC"; VariantName = "[No Variations]"
Added Component: Designator=J2(0532610671)
Add component (AddParameter): Name = "Contact Current (Max)"; Value = "1A"; VariantName = "[No Variations]"
Add component (AddParameter): Name = "Distributor"; Value = "JLCPCB"; VariantName = "[No Variations]"
Add component (AddParameter): Name = "Distributor Part Number"; Value = "C225115"; VariantName = "[No Variations]"
Add component (AddParameter): Name = "Material Flammability Rating"; Value = "UL94 V-0"; VariantName = "[No Variations]"
Add component (AddParameter): Name = "Number of Positions"; Value = "6"; VariantName = "[No Variations]"
Add component (AddParameter): Name = "Part Number"; Value = "0532610671"; VariantName = "[No Variations]"
Added Component: Designator=J3(0532610471)
Add component (AddParameter): Name = "Distributor"; Value = "JLCPCB"; VariantName = "[No Variations]"
Add component (AddParameter): Name = "Distributor Part Number"; Value = "C225113"; VariantName = "[No Variations]"
Add component (AddParameter): Name = "Max Current Per Contact"; Value = "1A"; VariantName = "[No Variations]"
Add component (AddParameter): Name = "Number of Positions"; Value = "4"; VariantName = "[No Variations]"
Add component (AddParameter): Name = "Number of Rows"; Value = "2"; VariantName = "[No Variations]"
Add component (AddParameter): Name = "Part Number"; Value = "0532610471"; VariantName = "[No Variations]"
Added Component: Designator=J4(0532610571)
Add component (AddParameter): Name = "Current Rating"; Value = "1A"; VariantName = "[No Variations]"
Add component (AddParameter): Name = "Distributor"; Value = "JLCPCB"; VariantName = "[No Variations]"
Add component (AddParameter): Name = "Distributor Part Number"; Value = "C225114"; VariantName = "[No Variations]"
Add component (AddParameter): Name = "Number of Positions"; Value = "5"; VariantName = "[No Variations]"
Add component (AddParameter): Name = "Number of Rows"; Value = "1"; VariantName = "[No Variations]"
Add component (AddParameter): Name = "Part Number"; Value = "0532610571"; VariantName = "[No Variations]"
Add component (AddParameter): Name = "Voltage Rating"; Value = "125V"; VariantName = "[No Variations]"
Added Component: Designator=L1(SLF12565T-101M1R6-PF)
Add component (AddParameter): Name = "Current Rating"; Value = "1.9A"; VariantName = "[No Variations]"
Add component (AddParameter): Name = "DC Resistance"; Value = "148mOhm"; VariantName = "[No Variations]"
Add component (AddParameter): Name = "Distributor"; Value = "Digikey"; VariantName = "[No Variations]"
Add component (AddParameter): Name = "Distributor Part Number"; Value = "445-174227-1-ND"; VariantName = "[No Variations]"
Add component (AddParameter): Name = "Inductance"; Value = "100uH"; VariantName = "[No Variations]"
Add component (AddParameter): Name = "Operating Temperature"; Value = "-20°C ~ 105°C"; VariantName = "[No Variations]"
Add component (AddParameter): Name = "Part Number"; Value = "SLF12565T-101M1R6-PF"; VariantName = "[No Variations]"
Add component (AddParameter): Name = "Saturation Current"; Value = "1.6A"; VariantName = "[No Variations]"
Added Component: Designator=MECH5(M3 x 0.50p x 8mm Bolt)
Add component (AddParameter): Name = "Distributor"; Value = "Bolt and Nut Australia"; VariantName = "[No Variations]"
Add component (AddParameter): Name = "Distributor Part Number"; Value = "M3 x 0.50p x 8mm"; VariantName = "[No Variations]"
Add component (AddParameter): Name = "Part Number"; Value = "M3 x 0.50p x 8mm"; VariantName = "[No Variations]"
Added Component: Designator=MECH6(M3 x 0.50p x 8mm Bolt)
Add component (AddParameter): Name = "Distributor"; Value = "Bolt and Nut Australia"; VariantName = "[No Variations]"
Add component (AddParameter): Name = "Distributor Part Number"; Value = "M3 x 0.50p x 8mm"; VariantName = "[No Variations]"
Add component (AddParameter): Name = "Part Number"; Value = "M3 x 0.50p x 8mm"; VariantName = "[No Variations]"
Added Component: Designator=MECH7(M3 x 0.50p x 8mm Bolt)
Add component (AddParameter): Name = "Distributor"; Value = "Bolt and Nut Australia"; VariantName = "[No Variations]"
Add component (AddParameter): Name = "Distributor Part Number"; Value = "M3 x 0.50p x 8mm"; VariantName = "[No Variations]"
Add component (AddParameter): Name = "Part Number"; Value = "M3 x 0.50p x 8mm"; VariantName = "[No Variations]"
Added Component: Designator=MECH8(M3 x 0.50p x 8mm Bolt)
Add component (AddParameter): Name = "Distributor"; Value = "Bolt and Nut Australia"; VariantName = "[No Variations]"
Add component (AddParameter): Name = "Distributor Part Number"; Value = "M3 x 0.50p x 8mm"; VariantName = "[No Variations]"
Add component (AddParameter): Name = "Part Number"; Value = "M3 x 0.50p x 8mm"; VariantName = "[No Variations]"
Added Component: Designator=MECH9(M3 x 0.50p x 8mm Bolt)
Add component (AddParameter): Name = "Distributor"; Value = "Bolt and Nut Australia"; VariantName = "[No Variations]"
Add component (AddParameter): Name = "Distributor Part Number"; Value = "M3 x 0.50p x 8mm"; VariantName = "[No Variations]"
Add component (AddParameter): Name = "Part Number"; Value = "M3 x 0.50p x 8mm"; VariantName = "[No Variations]"
Added Component: Designator=MECH10(M3 x 0.50p x 8mm Bolt)
Add component (AddParameter): Name = "Distributor"; Value = "Bolt and Nut Australia"; VariantName = "[No Variations]"
Add component (AddParameter): Name = "Distributor Part Number"; Value = "M3 x 0.50p x 8mm"; VariantName = "[No Variations]"
Add component (AddParameter): Name = "Part Number"; Value = "M3 x 0.50p x 8mm"; VariantName = "[No Variations]"
Added Component: Designator=Q4(PG-TDSON-8-5)
Add component (AddParameter): Name = "Distributor"; Value = "JLCPCB"; VariantName = "[No Variations]"
Add component (AddParameter): Name = "Distributor Part Number"; Value = "C5955453"; VariantName = "[No Variations]"
Add component (AddParameter): Name = "Drive Voltage"; Value = "6V~10V"; VariantName = "[No Variations]"
Add component (AddParameter): Name = "Id"; Value = "23"; VariantName = "[No Variations]"
Add component (AddParameter): Name = "Manufacturer Part Number"; Value = "BSC026N08NS5"; VariantName = "[No Variations]"
Add component (AddParameter): Name = "Operating Temperature"; Value = "-55°C ~ 150°C (TJ)"; VariantName = "[No Variations]"
Add component (AddParameter): Name = "Power Dissipation"; Value = "3.1W"; VariantName = "[No Variations]"
Add component (AddParameter): Name = "Power Dissipation (Max)"; Value = "2.5W (Ta), 156W (Tc)"; VariantName = "[No Variations]"
Add component (AddParameter): Name = "Qg"; Value = "92nC@10V"; VariantName = "[No Variations]"
Add component (AddParameter): Name = "Rds On (Max) @ Id, Vgs"; Value = "2.6mOhm @ 50A, 10V"; VariantName = "[No Variations]"
Add component (AddParameter): Name = "Vds (Max)"; Value = "4"; VariantName = "[No Variations]"
Add component (AddParameter): Name = "Vgs (Max)"; Value = "20"; VariantName = "[No Variations]"
Add component (AddParameter): Name = "Vth"; Value = "3.8V"; VariantName = "[No Variations]"
Added Component: Designator=Q5(PG-TDSON-8-5)
Add component (AddParameter): Name = "Distributor"; Value = "JLCPCB"; VariantName = "[No Variations]"
Add component (AddParameter): Name = "Distributor Part Number"; Value = "C5955453"; VariantName = "[No Variations]"
Add component (AddParameter): Name = "Drive Voltage"; Value = "6V~10V"; VariantName = "[No Variations]"
Add component (AddParameter): Name = "Id"; Value = "23"; VariantName = "[No Variations]"
Add component (AddParameter): Name = "Manufacturer Part Number"; Value = "BSC026N08NS5"; VariantName = "[No Variations]"
Add component (AddParameter): Name = "Operating Temperature"; Value = "-55°C ~ 150°C (TJ)"; VariantName = "[No Variations]"
Add component (AddParameter): Name = "Power Dissipation"; Value = "3.1W"; VariantName = "[No Variations]"
Add component (AddParameter): Name = "Power Dissipation (Max)"; Value = "2.5W (Ta), 156W (Tc)"; VariantName = "[No Variations]"
Add component (AddParameter): Name = "Qg"; Value = "92nC@10V"; VariantName = "[No Variations]"
Add component (AddParameter): Name = "Rds On (Max) @ Id, Vgs"; Value = "2.6mOhm @ 50A, 10V"; VariantName = "[No Variations]"
Add component (AddParameter): Name = "Vds (Max)"; Value = "4"; VariantName = "[No Variations]"
Add component (AddParameter): Name = "Vgs (Max)"; Value = "20"; VariantName = "[No Variations]"
Add component (AddParameter): Name = "Vth"; Value = "3.8V"; VariantName = "[No Variations]"
Added Component: Designator=R3(RESC0603)
Add component (AddParameter): Name = "Case Code"; Value = "0603"; VariantName = "[No Variations]"
Add component (AddParameter): Name = "Distributor"; Value = "Digikey"; VariantName = "[No Variations]"
Add component (AddParameter): Name = "Distributor Part Number"; Value = "RMCF0603FT10K0CT-ND"; VariantName = "[No Variations]"
Add component (AddParameter): Name = "Part Number"; Value = "RMCF0603FT10K0"; VariantName = "[No Variations]"
Add component (AddParameter): Name = "Resistance"; Value = "10K"; VariantName = "[No Variations]"
Add component (AddParameter): Name = "Tolerance"; Value = "1%"; VariantName = "[No Variations]"
Added Component: Designator=R4(RESC0603)
Add component (AddParameter): Name = "Case Code"; Value = "0603"; VariantName = "[No Variations]"
Add component (AddParameter): Name = "Distributor"; Value = "Digikey"; VariantName = "[No Variations]"
Add component (AddParameter): Name = "Distributor Part Number"; Value = "RMCF0603FT100KCT-ND"; VariantName = "[No Variations]"
Add component (AddParameter): Name = "Part Number"; Value = "RMCF0603FT100K"; VariantName = "[No Variations]"
Add component (AddParameter): Name = "Resistance"; Value = "100K"; VariantName = "[No Variations]"
Add component (AddParameter): Name = "Tolerance"; Value = "1%"; VariantName = "[No Variations]"
Added Component: Designator=R5(LVK12R050CER-1)
Add component (AddParameter): Name = "Distributor"; Value = ""; VariantName = "[No Variations]"
Add component (AddParameter): Name = "Distributor Part Number"; Value = ""; VariantName = "[No Variations]"
Add component (AddParameter): Name = "Manufacturer"; Value = "Ohmite"; VariantName = "[No Variations]"
Add component (AddParameter): Name = "Part Number"; Value = "LVK12R050CER"; VariantName = "[No Variations]"
Add component (AddParameter): Name = "Power"; Value = "0.5W"; VariantName = "[No Variations]"
Add component (AddParameter): Name = "Resistance"; Value = "50mOhm"; VariantName = "[No Variations]"
Add component (AddParameter): Name = "Temperature Coefficient"; Value = "±50ppm/°C"; VariantName = "[No Variations]"
Add component (AddParameter): Name = "Tolerance"; Value = "0.25%"; VariantName = "[No Variations]"
Added Component: Designator=R6(RESC0603)
Add component (AddParameter): Name = "Case Code"; Value = "0603"; VariantName = "[No Variations]"
Add component (AddParameter): Name = "Distributor"; Value = "Digikey"; VariantName = "[No Variations]"
Add component (AddParameter): Name = "Distributor Part Number"; Value = "RMCF0603FT27K0CT-ND"; VariantName = "[No Variations]"
Add component (AddParameter): Name = "Part Number"; Value = "RMCF0603FT27K0"; VariantName = "[No Variations]"
Add component (AddParameter): Name = "Resistance"; Value = "27K"; VariantName = "[No Variations]"
Add component (AddParameter): Name = "Tolerance"; Value = "1%"; VariantName = "[No Variations]"
Added Component: Designator=R7(RESC0603)
Add component (AddParameter): Name = "Case Code"; Value = "0603"; VariantName = "[No Variations]"
Add component (AddParameter): Name = "Distributor"; Value = "Digikey"; VariantName = "[No Variations]"
Add component (AddParameter): Name = "Distributor Part Number"; Value = "RMCF0603FT10K0CT-ND"; VariantName = "[No Variations]"
Add component (AddParameter): Name = "Part Number"; Value = "RMCF0603FT10K0"; VariantName = "[No Variations]"
Add component (AddParameter): Name = "Resistance"; Value = "10K"; VariantName = "[No Variations]"
Add component (AddParameter): Name = "Tolerance"; Value = "1%"; VariantName = "[No Variations]"
Added Component: Designator=R8(RESC0603)
Add component (AddParameter): Name = "Case Code"; Value = "0603"; VariantName = "[No Variations]"
Add component (AddParameter): Name = "Distributor"; Value = "Digikey"; VariantName = "[No Variations]"
Add component (AddParameter): Name = "Distributor Part Number"; Value = "RMCF0603FT100KCT-ND"; VariantName = "[No Variations]"
Add component (AddParameter): Name = "Part Number"; Value = "RMCF0603FT100K"; VariantName = "[No Variations]"
Add component (AddParameter): Name = "Resistance"; Value = "100K"; VariantName = "[No Variations]"
Add component (AddParameter): Name = "Tolerance"; Value = "1%"; VariantName = "[No Variations]"
Added Component: Designator=R21(RESC0603)
Add component (AddParameter): Name = "Case Code"; Value = "0603"; VariantName = "[No Variations]"
Add component (AddParameter): Name = "Distributor"; Value = "JLCPCB"; VariantName = "[No Variations]"
Add component (AddParameter): Name = "Distributor Part Number"; Value = "C25819"; VariantName = "[No Variations]"
Add component (AddParameter): Name = "Manufacturer"; Value = "UNI-ROYAL"; VariantName = "[No Variations]"
Add component (AddParameter): Name = "Part Number"; Value = "0603WAF4702T5E"; VariantName = "[No Variations]"
Add component (AddParameter): Name = "Resistance"; Value = "47K"; VariantName = "[No Variations]"
Add component (AddParameter): Name = "Tolerance"; Value = "1%"; VariantName = "[No Variations]"
Added Component: Designator=R23(RESC0603)
Add component (AddParameter): Name = "Case Code"; Value = "0603"; VariantName = "[No Variations]"
Add component (AddParameter): Name = "Distributor"; Value = "JLCPCB"; VariantName = "[No Variations]"
Add component (AddParameter): Name = "Distributor Part Number"; Value = "C21190"; VariantName = "[No Variations]"
Add component (AddParameter): Name = "Manufacturer"; Value = "UNI-ROYAL"; VariantName = "[No Variations]"
Add component (AddParameter): Name = "Part Number"; Value = "0603WAF1001T5E"; VariantName = "[No Variations]"
Add component (AddParameter): Name = "Resistance"; Value = "1K"; VariantName = "[No Variations]"
Add component (AddParameter): Name = "Tolerance"; Value = "1%"; VariantName = "[No Variations]"
Added Component: Designator=R24(RESC0603)
Add component (AddParameter): Name = "Case Code"; Value = "0603"; VariantName = "[No Variations]"
Add component (AddParameter): Name = "Distributor"; Value = "JLCPCB"; VariantName = "[No Variations]"
Add component (AddParameter): Name = "Distributor Part Number"; Value = "C25196"; VariantName = "[No Variations]"
Add component (AddParameter): Name = "Manufacturer"; Value = "UNI-ROYAL"; VariantName = "[No Variations]"
Add component (AddParameter): Name = "Part Number"; Value = "0603WAF560JT5E"; VariantName = "[No Variations]"
Add component (AddParameter): Name = "Resistance"; Value = "56R"; VariantName = "[No Variations]"
Add component (AddParameter): Name = "Tolerance"; Value = "1%"; VariantName = "[No Variations]"
Added Component: Designator=R25(RESC0603)
Add component (AddParameter): Name = "Case Code"; Value = "0603"; VariantName = "[No Variations]"
Add component (AddParameter): Name = "Distributor"; Value = "JLCPCB"; VariantName = "[No Variations]"
Add component (AddParameter): Name = "Distributor Part Number"; Value = "C25196"; VariantName = "[No Variations]"
Add component (AddParameter): Name = "Manufacturer"; Value = "UNI-ROYAL"; VariantName = "[No Variations]"
Add component (AddParameter): Name = "Part Number"; Value = "0603WAF560JT5E"; VariantName = "[No Variations]"
Add component (AddParameter): Name = "Resistance"; Value = "56R"; VariantName = "[No Variations]"
Add component (AddParameter): Name = "Tolerance"; Value = "1%"; VariantName = "[No Variations]"
Added Component: Designator=R26(RESC0603)
Add component (AddParameter): Name = "Case Code"; Value = "0603"; VariantName = "[No Variations]"
Add component (AddParameter): Name = "Distributor"; Value = "JLCPCB"; VariantName = "[No Variations]"
Add component (AddParameter): Name = "Distributor Part Number"; Value = "C25196"; VariantName = "[No Variations]"
Add component (AddParameter): Name = "Manufacturer"; Value = "UNI-ROYAL"; VariantName = "[No Variations]"
Add component (AddParameter): Name = "Part Number"; Value = "0603WAF560JT5E"; VariantName = "[No Variations]"
Add component (AddParameter): Name = "Resistance"; Value = "56R"; VariantName = "[No Variations]"
Add component (AddParameter): Name = "Tolerance"; Value = "1%"; VariantName = "[No Variations]"
Added Component: Designator=R27(RESC0603)
Add component (AddParameter): Name = "Case Code"; Value = "0603"; VariantName = "[No Variations]"
Add component (AddParameter): Name = "Distributor"; Value = "JLCPCB"; VariantName = "[No Variations]"
Add component (AddParameter): Name = "Distributor Part Number"; Value = "C25196"; VariantName = "[No Variations]"
Add component (AddParameter): Name = "Manufacturer"; Value = "UNI-ROYAL"; VariantName = "[No Variations]"
Add component (AddParameter): Name = "Part Number"; Value = "0603WAF560JT5E"; VariantName = "[No Variations]"
Add component (AddParameter): Name = "Resistance"; Value = "56R"; VariantName = "[No Variations]"
Add component (AddParameter): Name = "Tolerance"; Value = "1%"; VariantName = "[No Variations]"
Added Component: Designator=R28(RESC0603)
Add component (AddParameter): Name = "Case Code"; Value = "0603"; VariantName = "[No Variations]"
Add component (AddParameter): Name = "Distributor"; Value = "JLCPCB"; VariantName = "[No Variations]"
Add component (AddParameter): Name = "Distributor Part Number"; Value = "C25196"; VariantName = "[No Variations]"
Add component (AddParameter): Name = "Manufacturer"; Value = "UNI-ROYAL"; VariantName = "[No Variations]"
Add component (AddParameter): Name = "Part Number"; Value = "0603WAF560JT5E"; VariantName = "[No Variations]"
Add component (AddParameter): Name = "Resistance"; Value = "56R"; VariantName = "[No Variations]"
Add component (AddParameter): Name = "Tolerance"; Value = "1%"; VariantName = "[No Variations]"
Added Component: Designator=R29(RESC0603)
Add component (AddParameter): Name = "Case Code"; Value = "0603"; VariantName = "[No Variations]"
Add component (AddParameter): Name = "Distributor"; Value = "JLCPCB"; VariantName = "[No Variations]"
Add component (AddParameter): Name = "Distributor Part Number"; Value = "C22775"; VariantName = "[No Variations]"
Add component (AddParameter): Name = "Manufacturer"; Value = "UNI-ROYAL"; VariantName = "[No Variations]"
Add component (AddParameter): Name = "Part Number"; Value = "0603WAF1000T5E"; VariantName = "[No Variations]"
Add component (AddParameter): Name = "Resistance"; Value = "100R"; VariantName = "[No Variations]"
Add component (AddParameter): Name = "Tolerance"; Value = "1%"; VariantName = "[No Variations]"
Added Component: Designator=R30(RESC0603)
Add component (AddParameter): Name = "Case Code"; Value = "0603"; VariantName = "[No Variations]"
Add component (AddParameter): Name = "Distributor"; Value = "JLCPCB"; VariantName = "[No Variations]"
Add component (AddParameter): Name = "Distributor Part Number"; Value = "C22775"; VariantName = "[No Variations]"
Add component (AddParameter): Name = "Manufacturer"; Value = "UNI-ROYAL"; VariantName = "[No Variations]"
Add component (AddParameter): Name = "Part Number"; Value = "0603WAF1000T5E"; VariantName = "[No Variations]"
Add component (AddParameter): Name = "Resistance"; Value = "100R"; VariantName = "[No Variations]"
Add component (AddParameter): Name = "Tolerance"; Value = "1%"; VariantName = "[No Variations]"
Added Component: Designator=R31(LVK12R050CER-2)
Add component (AddParameter): Name = "Distributor"; Value = "Digikey"; VariantName = "[No Variations]"
Add component (AddParameter): Name = "Distributor Part Number"; Value = "273-LVK12R010FERCT-ND"; VariantName = "[No Variations]"
Add component (AddParameter): Name = "Manufacturer"; Value = "Ohmite"; VariantName = "[No Variations]"
Add component (AddParameter): Name = "Part Number"; Value = "LVK12R010FER"; VariantName = "[No Variations]"
Add component (AddParameter): Name = "Power"; Value = "0.5W"; VariantName = "[No Variations]"
Add component (AddParameter): Name = "Resistance"; Value = "10mOhm"; VariantName = "[No Variations]"
Add component (AddParameter): Name = "Temperature Coefficient"; Value = "±50ppm/°C"; VariantName = "[No Variations]"
Add component (AddParameter): Name = "Tolerance"; Value = "0.25%"; VariantName = "[No Variations]"
Added Component: Designator=R32(RESC0603)
Add component (AddParameter): Name = "Case Code"; Value = "0603"; VariantName = "[No Variations]"
Add component (AddParameter): Name = "Distributor"; Value = "JLCPCB"; VariantName = "[No Variations]"
Add component (AddParameter): Name = "Distributor Part Number"; Value = "C23162"; VariantName = "[No Variations]"
Add component (AddParameter): Name = "Manufacturer"; Value = "UNI-ROYAL"; VariantName = "[No Variations]"
Add component (AddParameter): Name = "Part Number"; Value = "0603WAF4701T5E"; VariantName = "[No Variations]"
Add component (AddParameter): Name = "Resistance"; Value = "4.7K"; VariantName = "[No Variations]"
Add component (AddParameter): Name = "Tolerance"; Value = "1%"; VariantName = "[No Variations]"
Added Component: Designator=R33(RESC0603)
Add component (AddParameter): Name = "Case Code"; Value = "0603"; VariantName = "[No Variations]"
Add component (AddParameter): Name = "Distributor"; Value = "JLCPCB"; VariantName = "[No Variations]"
Add component (AddParameter): Name = "Distributor Part Number"; Value = "C22935"; VariantName = "[No Variations]"
Add component (AddParameter): Name = "Manufacturer"; Value = "UNI-ROYAL"; VariantName = "[No Variations]"
Add component (AddParameter): Name = "Part Number"; Value = "0603WAF1004T5E"; VariantName = "[No Variations]"
Add component (AddParameter): Name = "Resistance"; Value = "1M"; VariantName = "[No Variations]"
Add component (AddParameter): Name = "Tolerance"; Value = "1%"; VariantName = "[No Variations]"
Added Component: Designator=R34(RESC0603)
Add component (AddParameter): Name = "Case Code"; Value = "0603"; VariantName = "[No Variations]"
Add component (AddParameter): Name = "Distributor"; Value = "JLCPCB"; VariantName = "[No Variations]"
Add component (AddParameter): Name = "Distributor Part Number"; Value = "C21190"; VariantName = "[No Variations]"
Add component (AddParameter): Name = "Manufacturer"; Value = "UNI-ROYAL"; VariantName = "[No Variations]"
Add component (AddParameter): Name = "Part Number"; Value = "0603WAF1001T5E"; VariantName = "[No Variations]"
Add component (AddParameter): Name = "Resistance"; Value = "1K"; VariantName = "[No Variations]"
Add component (AddParameter): Name = "Tolerance"; Value = "1%"; VariantName = "[No Variations]"
Added Component: Designator=R35(RESC0603)
Add component (AddParameter): Name = "Case Code"; Value = "0603"; VariantName = "[No Variations]"
Add component (AddParameter): Name = "Distributor"; Value = "JLCPCB"; VariantName = "[No Variations]"
Add component (AddParameter): Name = "Distributor Part Number"; Value = "C22935"; VariantName = "[No Variations]"
Add component (AddParameter): Name = "Manufacturer"; Value = "UNI-ROYAL"; VariantName = "[No Variations]"
Add component (AddParameter): Name = "Part Number"; Value = "0603WAF1004T5E"; VariantName = "[No Variations]"
Add component (AddParameter): Name = "Resistance"; Value = "1M"; VariantName = "[No Variations]"
Add component (AddParameter): Name = "Tolerance"; Value = "1%"; VariantName = "[No Variations]"
Added Component: Designator=R36(RESC0603)
Add component (AddParameter): Name = "Case Code"; Value = "0603"; VariantName = "[No Variations]"
Add component (AddParameter): Name = "Distributor"; Value = "JLCPCB"; VariantName = "[No Variations]"
Add component (AddParameter): Name = "Distributor Part Number"; Value = "C22935"; VariantName = "[No Variations]"
Add component (AddParameter): Name = "Manufacturer"; Value = "UNI-ROYAL"; VariantName = "[No Variations]"
Add component (AddParameter): Name = "Part Number"; Value = "0603WAF1004T5E"; VariantName = "[No Variations]"
Add component (AddParameter): Name = "Resistance"; Value = "1M"; VariantName = "[No Variations]"
Add component (AddParameter): Name = "Tolerance"; Value = "1%"; VariantName = "[No Variations]"
Added Component: Designator=R37(RESC0603)
Add component (AddParameter): Name = "Case Code"; Value = "0603"; VariantName = "[No Variations]"
Add component (AddParameter): Name = "Distributor"; Value = "JLCPCB"; VariantName = "[No Variations]"
Add component (AddParameter): Name = "Distributor Part Number"; Value = "C23178"; VariantName = "[No Variations]"
Add component (AddParameter): Name = "Manufacturer"; Value = "UNI-ROYAL"; VariantName = "[No Variations]"
Add component (AddParameter): Name = "Part Number"; Value = "0603WAF4703T5E"; VariantName = "[No Variations]"
Add component (AddParameter): Name = "Resistance"; Value = "470K"; VariantName = "[No Variations]"
Add component (AddParameter): Name = "Tolerance"; Value = "1%"; VariantName = "[No Variations]"
Added Component: Designator=R38(RESC0805)
Add component (AddParameter): Name = "Case Code"; Value = "0805"; VariantName = "[No Variations]"
Add component (AddParameter): Name = "Distributor"; Value = "JLCPCB"; VariantName = "[No Variations]"
Add component (AddParameter): Name = "Distributor Part Number"; Value = "C17414"; VariantName = "[No Variations]"
Add component (AddParameter): Name = "Manufacturer"; Value = "UNI-ROYAL"; VariantName = "[No Variations]"
Add component (AddParameter): Name = "Part Number"; Value = "0805W8F1002T5E"; VariantName = "[No Variations]"
Add component (AddParameter): Name = "Resistance"; Value = "10K"; VariantName = "[No Variations]"
Add component (AddParameter): Name = "Tolerance"; Value = "1%"; VariantName = "[No Variations]"
Added Component: Designator=R39(RESC0603)
Add component (AddParameter): Name = "Case Code"; Value = "0805"; VariantName = "[No Variations]"
Add component (AddParameter): Name = "Distributor"; Value = "JLCPCB"; VariantName = "[No Variations]"
Add component (AddParameter): Name = "Distributor Part Number"; Value = "C23216"; VariantName = "[No Variations]"
Add component (AddParameter): Name = "Manufacturer"; Value = "UNI-ROYAL"; VariantName = "[No Variations]"
Add component (AddParameter): Name = "Part Number"; Value = "0603WAF6043T5E"; VariantName = "[No Variations]"
Add component (AddParameter): Name = "Resistance"; Value = "604K"; VariantName = "[No Variations]"
Add component (AddParameter): Name = "Tolerance"; Value = "1%"; VariantName = "[No Variations]"
Added Component: Designator=R40(RESC0805)
Add component (AddParameter): Name = "Case Code"; Value = "0805"; VariantName = "[No Variations]"
Add component (AddParameter): Name = "Distributor"; Value = "JLCPCB"; VariantName = "[No Variations]"
Add component (AddParameter): Name = "Distributor Part Number"; Value = "C17414"; VariantName = "[No Variations]"
Add component (AddParameter): Name = "Manufacturer"; Value = "UNI-ROYAL"; VariantName = "[No Variations]"
Add component (AddParameter): Name = "Part Number"; Value = "0805W8F1002T5E"; VariantName = "[No Variations]"
Add component (AddParameter): Name = "Resistance"; Value = "10K"; VariantName = "[No Variations]"
Add component (AddParameter): Name = "Tolerance"; Value = "1%"; VariantName = "[No Variations]"
Added Component: Designator=R41(TT6-10KC8-9-25)
Add component (AddParameter): Name = "Distributor"; Value = "Digikey"; VariantName = "[No Variations]"
Add component (AddParameter): Name = "Distributor Part Number"; Value = "1912-TT6-10KC8-9-25-ND"; VariantName = "[No Variations]"
Add component (AddParameter): Name = "Operating Temperature"; Value = "-30°C ~ 120°C"; VariantName = "[No Variations]"
Add component (AddParameter): Name = "Part Number"; Value = "TT6-10KC8-9-25"; VariantName = "[No Variations]"
Add component (AddParameter): Name = "Resistance @ 25C"; Value = "10k"; VariantName = "[No Variations]"
Added Component: Designator=R56(RESC0805)
Add component (AddParameter): Name = "Case Code"; Value = "0805"; VariantName = "[No Variations]"
Add component (AddParameter): Name = "Distributor"; Value = "JLCPCB"; VariantName = "[No Variations]"
Add component (AddParameter): Name = "Distributor Part Number"; Value = "C17709"; VariantName = "[No Variations]"
Add component (AddParameter): Name = "Manufacturer"; Value = "UNI-ROYAL"; VariantName = "[No Variations]"
Add component (AddParameter): Name = "Part Number"; Value = "0805W8F4703T5E"; VariantName = "[No Variations]"
Add component (AddParameter): Name = "Resistance"; Value = "470K"; VariantName = "[No Variations]"
Add component (AddParameter): Name = "Tolerance"; Value = "1%"; VariantName = "[No Variations]"
Added Component: Designator=R57(RESC0805)
Add component (AddParameter): Name = "Case Code"; Value = "0805"; VariantName = "[No Variations]"
Add component (AddParameter): Name = "Distributor"; Value = "JLCPCB"; VariantName = "[No Variations]"
Add component (AddParameter): Name = "Distributor Part Number"; Value = "C149504"; VariantName = "[No Variations]"
Add component (AddParameter): Name = "Manufacturer"; Value = "UNI-ROYAL"; VariantName = "[No Variations]"
Add component (AddParameter): Name = "Part Number"; Value = "0805W8F1003T5E"; VariantName = "[No Variations]"
Add component (AddParameter): Name = "Resistance"; Value = "100K"; VariantName = "[No Variations]"
Add component (AddParameter): Name = "Tolerance"; Value = "1%"; VariantName = "[No Variations]"
Added Component: Designator=U1(SOT23-5 IC)
Add component (AddParameter): Name = "Accuracy"; Value = "0.5%"; VariantName = "[No Variations]"
Add component (AddParameter): Name = "Distributor"; Value = "Digikey"; VariantName = "[No Variations]"
Add component (AddParameter): Name = "Distributor Part Number"; Value = "INA139NA/250CT-ND"; VariantName = "[No Variations]"
Add component (AddParameter): Name = "Operating Temperature"; Value = "-40°C ~ 125°C"; VariantName = "[No Variations]"
Add component (AddParameter): Name = "Part Number"; Value = "INA139NA/250"; VariantName = "[No Variations]"
Added Component: Designator=U5(VFQFN-10)
Add component (AddParameter): Name = "Distributor"; Value = "JLCPCB"; VariantName = "[No Variations]"
Add component (AddParameter): Name = "Distributor Part Number"; Value = "C2864845"; VariantName = "[No Variations]"
Add component (AddParameter): Name = "Operating Temperature"; Value = "-40°C ~ 125°C"; VariantName = "[No Variations]"
Add component (AddParameter): Name = "Output Current"; Value = "5.5A"; VariantName = "[No Variations]"
Add component (AddParameter): Name = "Part Number"; Value = "TPS259474LRPWR"; VariantName = "[No Variations]"
Add component (AddParameter): Name = "Voltage Input"; Value = "2.7V~23V"; VariantName = "[No Variations]"
Added Component: Designator=U6(TSSOP-24)
Add component (AddParameter): Name = "Distributor"; Value = "Digikey"; VariantName = "[No Variations]"
Add component (AddParameter): Name = "Distributor Part Number"; Value = "296-50995-1-ND"; VariantName = "[No Variations]"
Add component (AddParameter): Name = "Operating Temperature"; Value = "-25C~85C"; VariantName = "[No Variations]"
Add component (AddParameter): Name = "OV Delay"; Value = "1s"; VariantName = "[No Variations]"
Add component (AddParameter): Name = "OV Threshold"; Value = "4200mV"; VariantName = "[No Variations]"
Add component (AddParameter): Name = "Part Number"; Value = "BQ7791500PWR"; VariantName = "[No Variations]"
Add component (AddParameter): Name = "UV Delay"; Value = "1s"; VariantName = "[No Variations]"
Add component (AddParameter): Name = "UV Threshold"; Value = "2900mV"; VariantName = "[No Variations]"
Added Pin To Net: NetName=GND Pin=C6-1
Added Pin To Net: NetName=VBATT+ Pin=C6-2
Added Pin To Net: NetName=GND Pin=C7-1
Added Pin To Net: NetName=VBATT+ Pin=C7-2
Added Pin To Net: NetName=GND Pin=C8-1
Added Pin To Net: NetName=VBATT+ Pin=C8-2
Added Pin To Net: NetName=GND Pin=C9-1
Added Pin To Net: NetName=VBATT+ Pin=C9-2
Added Pin To Net: NetName=GND Pin=C10-1
Added Pin To Net: NetName=VBATT+ Pin=C10-2
Added Pin To Net: NetName=GND Pin=C11-1
Added Pin To Net: NetName=VBATT+ Pin=C11-2
Added Pin To Net: NetName=GND Pin=C12-1
Added Pin To Net: NetName=VBATT+ Pin=C12-2
Added Pin To Net: NetName=GND Pin=C13-1
Added Pin To Net: NetName=VBATT+ Pin=C13-2
Added Pin To Net: NetName=GND Pin=C14-1
Added Pin To Net: NetName=NetC14_2 Pin=C14-2
Added Pin To Net: NetName=GND Pin=C15-1
Added Pin To Net: NetName=NetC15_2 Pin=C15-2
Added Pin To Net: NetName=GND Pin=C16-1
Added Pin To Net: NetName=+3V3A Pin=C16-2
Added Pin To Net: NetName=GND Pin=C17-1
Added Pin To Net: NetName=NetC17_2 Pin=C17-2
Added Pin To Net: NetName=GND Pin=C18-1
Added Pin To Net: NetName=NetC18_2 Pin=C18-2
Added Pin To Net: NetName=GND Pin=C30-1
Added Pin To Net: NetName=NetC30_2 Pin=C30-2
Added Pin To Net: NetName=GND Pin=C31-1
Added Pin To Net: NetName=NetC31_2 Pin=C31-2
Added Pin To Net: NetName=NetC36_1 Pin=C36-1
Added Pin To Net: NetName=NetC36_2 Pin=C36-2
Added Pin To Net: NetName=NetC37_1 Pin=C37-1
Added Pin To Net: NetName=NetC36_1 Pin=C37-2
Added Pin To Net: NetName=NetC38_1 Pin=C38-1
Added Pin To Net: NetName=NetC37_1 Pin=C38-2
Added Pin To Net: NetName=BAT- Pin=C39-1
Added Pin To Net: NetName=NetC38_1 Pin=C39-2
Added Pin To Net: NetName=NetC40_1 Pin=C40-1
Added Pin To Net: NetName=BAT- Pin=C40-2
Added Pin To Net: NetName=NetC41_1 Pin=C41-1
Added Pin To Net: NetName=NetC41_2 Pin=C41-2
Added Pin To Net: NetName=NetC41_1 Pin=C42-1
Added Pin To Net: NetName=BAT- Pin=C42-2
Added Pin To Net: NetName=BAT- Pin=C43-1
Added Pin To Net: NetName=NetC41_2 Pin=C43-2
Added Pin To Net: NetName=NetD1_A Pin=D1-A
Added Pin To Net: NetName=NetC1_2 Pin=D1-K
Added Pin To Net: NetName=NetD4_A Pin=D4-A
Added Pin To Net: NetName=VBATT+ Pin=D4-K
Added Pin To Net: NetName=NetD6_A Pin=D6-A
Added Pin To Net: NetName=NetD6_K Pin=D6-K
Added Pin To Net: NetName=GND Pin=D7-A
Added Pin To Net: NetName=NetD6_K Pin=D7-K
Added Pin To Net: NetName=GND Pin=J2-1
Added Pin To Net: NetName=GND Pin=J2-2
Added Pin To Net: NetName=GND Pin=J2-3
Added Pin To Net: NetName=VUMB Pin=J2-4
Added Pin To Net: NetName=VUMB Pin=J2-5
Added Pin To Net: NetName=VUMB Pin=J2-6
Added Pin To Net: NetName=NetJ3_1 Pin=J3-1
Added Pin To Net: NetName=NetC?_2 Pin=J3-2
Added Pin To Net: NetName=NetJ3_1 Pin=J3-3
Added Pin To Net: NetName=BAT- Pin=J3-4
Added Pin To Net: NetName=BAT- Pin=J4-1
Added Pin To Net: NetName=BAT- Pin=J4-2
Added Pin To Net: NetName=BAT+ Pin=J4-4
Added Pin To Net: NetName=BAT+ Pin=J4-5
Added Pin To Net: NetName=NetD2_A Pin=L1-2
Added Pin To Net: NetName=NetL1_2 Pin=L1-2
Added Pin To Net: NetName=NetL2_2 Pin=L2-2
Added Pin To Net: NetName=NetQ4_D Pin=Q4-D
Added Pin To Net: NetName=NetQ4_G Pin=Q4-G
Added Pin To Net: NetName=NetQ4_S Pin=Q4-S
Added Pin To Net: NetName=NetQ4_S Pin=Q4-S
Added Pin To Net: NetName=NetQ4_S Pin=Q4-S
Added Pin To Net: NetName=NetQ4_D Pin=Q5-D
Added Pin To Net: NetName=NetD6_K Pin=Q5-G
Added Pin To Net: NetName=GND Pin=Q5-S
Added Pin To Net: NetName=GND Pin=Q5-S
Added Pin To Net: NetName=GND Pin=Q5-S
Added Pin To Net: NetName=GND Pin=R3-1
Added Pin To Net: NetName=NetC2_2 Pin=R3-2
Added Pin To Net: NetName=GND Pin=R4-1
Added Pin To Net: NetName=NetC5_2 Pin=R4-2
Added Pin To Net: NetName=NetC14_2 Pin=R5-1
Added Pin To Net: NetName=VPANEL2_P Pin=R5-2
Added Pin To Net: NetName=VPANEL2_N Pin=R5-3
Added Pin To Net: NetName=NetL2_2 Pin=R5-4
Added Pin To Net: NetName=NetC15_2 Pin=R6-1
Added Pin To Net: NetName=NetL2_2 Pin=R6-2
Added Pin To Net: NetName=GND Pin=R7-1
Added Pin To Net: NetName=NetC15_2 Pin=R7-2
Added Pin To Net: NetName=GND Pin=R8-1
Added Pin To Net: NetName=NetC17_2 Pin=R8-2
Added Pin To Net: NetName=NetR21_1 Pin=R21-1
Added Pin To Net: NetName=NetC59_2 Pin=R21-2
Added Pin To Net: NetName=VBATT+ Pin=R23-1
Added Pin To Net: NetName=NetC34_2 Pin=R23-2
Added Pin To Net: NetName=VBATT+ Pin=R24-1
Added Pin To Net: NetName=NetC36_2 Pin=R24-2
Added Pin To Net: NetName=NetB1_1 Pin=R25-1
Added Pin To Net: NetName=NetC36_1 Pin=R25-2
Added Pin To Net: NetName=NetB1_3 Pin=R26-1
Added Pin To Net: NetName=NetC37_1 Pin=R26-2
Added Pin To Net: NetName=NetB1_5 Pin=R27-1
Added Pin To Net: NetName=NetC38_1 Pin=R27-2
Added Pin To Net: NetName=BAT- Pin=R28-1
Added Pin To Net: NetName=NetC40_1 Pin=R28-2
Added Pin To Net: NetName=NetR29_1 Pin=R29-1
Added Pin To Net: NetName=NetC41_1 Pin=R29-2
Added Pin To Net: NetName=NetR30_1 Pin=R30-1
Added Pin To Net: NetName=NetC41_2 Pin=R30-2
Added Pin To Net: NetName=BAT- Pin=R31-1
Added Pin To Net: NetName=NetR29_1 Pin=R31-2
Added Pin To Net: NetName=NetR30_1 Pin=R31-3
Added Pin To Net: NetName=NetQ4_S Pin=R31-4
Added Pin To Net: NetName=NetQ4_G Pin=R32-1
Added Pin To Net: NetName=NetR32_2 Pin=R32-2
Added Pin To Net: NetName=NetQ4_S Pin=R33-1
Added Pin To Net: NetName=NetQ4_G Pin=R33-2
Added Pin To Net: NetName=NetD6_A Pin=R34-1
Added Pin To Net: NetName=NetR34_2 Pin=R34-2
Added Pin To Net: NetName=NetD6_K Pin=R35-1
Added Pin To Net: NetName=NetD6_A Pin=R35-2
Added Pin To Net: NetName=GND Pin=R36-1
Added Pin To Net: NetName=NetD6_K Pin=R36-2
Added Pin To Net: NetName=GND Pin=R37-1
Added Pin To Net: NetName=NetR37_2 Pin=R37-2
Added Pin To Net: NetName=BAT- Pin=R38-1
Added Pin To Net: NetName=NetR38_2 Pin=R38-2
Added Pin To Net: NetName=BAT- Pin=R39-1
Added Pin To Net: NetName=NetR39_2 Pin=R39-2
Added Pin To Net: NetName=TS Pin=R40-1
Added Pin To Net: NetName=VTB Pin=R40-2
Added Pin To Net: NetName=BAT- Pin=R41-1
Added Pin To Net: NetName=TS Pin=R41-2
Added Pin To Net: NetName=NetC?_2 Pin=R56-1
Added Pin To Net: NetName=BAT+ Pin=R56-2
Added Pin To Net: NetName=BAT- Pin=R57-1
Added Pin To Net: NetName=NetC?_2 Pin=R57-2
Added Pin To Net: NetName=NetC5_2 Pin=U1-1
Added Pin To Net: NetName=GND Pin=U1-2
Added Pin To Net: NetName=VPANEL1_P Pin=U1-3
Added Pin To Net: NetName=VPANEL1_N Pin=U1-4
Added Pin To Net: NetName=+3V3A Pin=U1-5
Added Pin To Net: NetName=NetQ3_D Pin=U5-1
Added Pin To Net: NetName=NetR17_1 Pin=U5-2
Added Pin To Net: NetName=NetR19_1 Pin=U5-3
Added Pin To Net: NetName=NetR21_1 Pin=U5-4
Added Pin To Net: NetName=VBATT+ Pin=U5-5
Added Pin To Net: NetName=NetC59_2 Pin=U5-6
Added Pin To Net: NetName=NetC30_2 Pin=U5-7
Added Pin To Net: NetName=GND Pin=U5-8
Added Pin To Net: NetName=NetR20_2 Pin=U5-9
Added Pin To Net: NetName=NetC31_2 Pin=U5-10
Added Pin To Net: NetName=NetC34_2 Pin=U6-1
Added Pin To Net: NetName=AVDD Pin=U6-2
Added Pin To Net: NetName=NetC36_2 Pin=U6-3
Added Pin To Net: NetName=NetC36_2 Pin=U6-4
Added Pin To Net: NetName=NetC36_1 Pin=U6-5
Added Pin To Net: NetName=NetC37_1 Pin=U6-6
Added Pin To Net: NetName=NetC38_1 Pin=U6-7
Added Pin To Net: NetName=NetC40_1 Pin=U6-8
Added Pin To Net: NetName=BAT- Pin=U6-9
Added Pin To Net: NetName=NetC41_1 Pin=U6-10
Added Pin To Net: NetName=NetC41_2 Pin=U6-11
Added Pin To Net: NetName=NetR32_2 Pin=U6-12
Added Pin To Net: NetName=NetR34_2 Pin=U6-13
Added Pin To Net: NetName=NetR37_2 Pin=U6-14
Added Pin To Net: NetName=NetR38_2 Pin=U6-16
Added Pin To Net: NetName=NetR39_2 Pin=U6-17
Added Pin To Net: NetName=TS Pin=U6-18
Added Pin To Net: NetName=VTB Pin=U6-19
Added Pin To Net: NetName=AVDD Pin=U6-20
Added Pin To Net: NetName=PRES Pin=U6-22
Added Pin To Net: NetName=BAT- Pin=U6-23
Added Pin To Net: NetName=BAT- Pin=U6-24
Add Class: Class already exists: Charger
Added Member To Class: ClassName=Charger Member=Component C6 CL32B226KAJNNNE
Added Member To Class: ClassName=Charger Member=Component C7 CL32B226KAJNNNE
Added Member To Class: ClassName=Charger Member=Component C8 CL32B226KAJNNNE
Added Member To Class: ClassName=Charger Member=Component C9 CL32B226KAJNNNE
Added Member To Class: ClassName=Charger Member=Component C10 CL32B226KAJNNNE
Added Member To Class: ClassName=Charger Member=Component C11 CL32B226KAJNNNE
Added Member To Class: ClassName=Charger Member=Component C12 C0603C104K5RACTU
Added Member To Class: ClassName=Charger Member=Component C13 C0603C104K5RACTU
Added Member To Class: ClassName=Charger Member=Component C14 C0603C104K5RACTU
Added Member To Class: ClassName=Charger Member=Component C15 C0603C104K5RACTU
Added Member To Class: ClassName=Charger Member=Component C16 C0603C104K5RACTU
Added Member To Class: ClassName=Charger Member=Component C17 C0603C104K5RACTU
Added Member To Class: ClassName=Charger Member=Component C18 C0603C104K5RACTU
Added Member To Class: ClassName=Battery_eFuse Member=Component C30 CL21B103KBANNNC
Added Member To Class: ClassName=Battery_eFuse Member=Component C31 0805B472K500NT
Added Member To Class: ClassName=Battery Member=Component C36 CL10A105KB8NNNC
Added Member To Class: ClassName=Battery Member=Component C37 CL10A105KB8NNNC
Added Member To Class: ClassName=Battery Member=Component C38 CL10A105KB8NNNC
Added Member To Class: ClassName=Battery Member=Component C39 CL10A105KB8NNNC
Added Member To Class: ClassName=Battery Member=Component C40 CL10A105KB8NNNC
Added Member To Class: ClassName=Battery Member=Component C41 CC0603KRX7R9BB104
Added Member To Class: ClassName=Battery Member=Component C42 CC0603KRX7R9BB104
Added Member To Class: ClassName=Battery Member=Component C43 CC0603KRX7R9BB104
Added Member To Class: ClassName=Cubesat BMS Member=Component C? C0603C104K5RACTU
Added Member To Class: ClassName=Charger Member=Component D1 SMD22WS-TP
Added Member To Class: ClassName=Charger Member=Component D4 B340LA-13-F
Added Member To Class: ClassName=Battery Member=Component D6 BAV20WS-7-F0
Added Member To Class: ClassName=Battery Member=Component D7 BZT52C12T-7
Added Member To Class: ClassName=Cubesat BMS Member=Component J1 LS2-110-01-L-D
Added Member To Class: ClassName=Cubesat BMS Member=Component J2 0532610671
Added Member To Class: ClassName=Cubesat BMS Member=Component J3 0532610471
Added Member To Class: ClassName=Cubesat BMS Member=Component J4 0532610571
Added Member To Class: ClassName=Charger Member=Component L1 SLF12565T-101M1R6-PF
Added Member To Class: ClassName=Top_Level Member=Component MECH5 M3x0.5x8
Added Member To Class: ClassName=Top_Level Member=Component MECH6 M3x0.5x8
Added Member To Class: ClassName=Top_Level Member=Component MECH7 M3x0.5x8
Added Member To Class: ClassName=Top_Level Member=Component MECH8 M3x0.5x8
Added Member To Class: ClassName=Top_Level Member=Component MECH9 M3x0.5x8
Added Member To Class: ClassName=Top_Level Member=Component MECH10 M3x0.5x8
Added Member To Class: ClassName=Battery Member=Component Q4 BSC026N08NS5
Added Member To Class: ClassName=Battery Member=Component Q5 BSC026N08NS5
Added Member To Class: ClassName=Charger Member=Component R3 RMCF0603FT10K0
Added Member To Class: ClassName=Charger Member=Component R4 RMCF0603FT100K
Added Member To Class: ClassName=Charger Member=Component R5 LVK12R050CER
Added Member To Class: ClassName=Charger Member=Component R6 RMCF0603FT27K0
Added Member To Class: ClassName=Charger Member=Component R7 RMCF0603FT10K0
Added Member To Class: ClassName=Charger Member=Component R8 RMCF0603FT100K
Added Member To Class: ClassName=Battery_eFuse Member=Component R21 0603WAF4702T5E
Added Member To Class: ClassName=Battery Member=Component R23 0603WAF1001T5E
Added Member To Class: ClassName=Battery Member=Component R24 0603WAF560JT5E
Added Member To Class: ClassName=Battery Member=Component R25 0603WAF560JT5E
Added Member To Class: ClassName=Battery Member=Component R26 0603WAF560JT5E
Added Member To Class: ClassName=Battery Member=Component R27 0603WAF560JT5E
Added Member To Class: ClassName=Battery Member=Component R28 0603WAF560JT5E
Added Member To Class: ClassName=Battery Member=Component R29 0603WAF1000T5E
Added Member To Class: ClassName=Battery Member=Component R30 0603WAF1000T5E
Added Member To Class: ClassName=Battery Member=Component R31 LVK12R010FER
Added Member To Class: ClassName=Battery Member=Component R32 0603WAF4701T5E
Added Member To Class: ClassName=Battery Member=Component R33 0603WAF1004T5E
Added Member To Class: ClassName=Battery Member=Component R34 0603WAF1001T5E
Added Member To Class: ClassName=Battery Member=Component R35 0603WAF1004T5E
Added Member To Class: ClassName=Battery Member=Component R36 0603WAF1004T5E
Added Member To Class: ClassName=Battery Member=Component R37 0603WAF4703T5E
Added Member To Class: ClassName=Battery Member=Component R38 0805W8F1002T5E
Added Member To Class: ClassName=Battery Member=Component R39 0603WAF6043T5E
Added Member To Class: ClassName=Battery Member=Component R40 0805W8F1002T5E
Added Member To Class: ClassName=Battery Member=Component R41 TT6-10KC8-9-25
Added Member To Class: ClassName=Cubesat BMS Member=Component R56 0805W8F4703T5E
Added Member To Class: ClassName=Cubesat BMS Member=Component R57 0805W8F1003T5E
Added Member To Class: ClassName=Cubesat BMS Member=Component R59 RMCF0603FT100K
Added Member To Class: ClassName=Charger Member=Component U1 INA139NA/250
Added Member To Class: ClassName=Battery_eFuse Member=Component U5 TPS259474LRPWR
Added Member To Class: ClassName=Battery Member=Component U6 BQ7791500PWR
Added Member To Class: ClassName=Cubesat BMS Member=Component U11 MCP6007T-E/SN
Added Member To Class: ClassName=Controller Member=Component Y2 830069882
