Added Component: Designator=B1(4S Battery Direct Solder)
Add component (AddParameter): Name = "Distributor Part Number"; Value = "N/A"; VariantName = "[No Variations]"
Add component (AddParameter): Name = "Part Number"; Value = "N/A"; VariantName = "[No Variations]"
Added Component: Designator=R82(RESC0603)
Add component (AddParameter): Name = "Case Code"; Value = "0603"; VariantName = "[No Variations]"
Add component (AddParameter): Name = "Distributor"; Value = "Digikey"; VariantName = "[No Variations]"
Add component (AddParameter): Name = "Distributor Part Number"; Value = "RMCF0603FT4K70CT-ND"; VariantName = "[No Variations]"
Add component (AddParameter): Name = "Part Number"; Value = "RMCF0603FT4K7"; VariantName = "[No Variations]"
Add component (AddParameter): Name = "Resistance"; Value = "4K7"; VariantName = "[No Variations]"
Add component (AddParameter): Name = "Tolerance"; Value = "1%"; VariantName = "[No Variations]"
Added Component: Designator=R83(RESC0603)
Add component (AddParameter): Name = "Case Code"; Value = "0603"; VariantName = "[No Variations]"
Add component (AddParameter): Name = "Distributor"; Value = "Digikey"; VariantName = "[No Variations]"
Add component (AddParameter): Name = "Distributor Part Number"; Value = "RMCF0603FT4K70CT-ND"; VariantName = "[No Variations]"
Add component (AddParameter): Name = "Part Number"; Value = "RMCF0603FT4K7"; VariantName = "[No Variations]"
Add component (AddParameter): Name = "Resistance"; Value = "4K7"; VariantName = "[No Variations]"
Add component (AddParameter): Name = "Tolerance"; Value = "1%"; VariantName = "[No Variations]"
Added Pin To Net: NetName=NetB1_1 Pin=B1-1
Added Pin To Net: NetName=NetB1_2 Pin=B1-2
Added Pin To Net: NetName=NetB1_3 Pin=B1-3
Added Pin To Net: NetName=VC3 Pin=B1-4
Added Pin To Net: NetName=NetB1_5 Pin=B1-5
Added Pin To Net: NetName=VC2 Pin=B1-6
Added Pin To Net: NetName=BAT- Pin=B1-7
Added Pin To Net: NetName=VC1 Pin=B1-8
Added Pin To Net: NetName=GND Pin=B1-CASE
Added Pin To Net: NetName=GND Pin=B1-CASE
Added Pin To Net: NetName=GND Pin=B1-CASE
Added Pin To Net: NetName=GND Pin=B1-CASE
Added Pin To Net: NetName=GND Pin=B1-CASE
Added Pin To Net: NetName=GND Pin=B1-CASE
Added Pin To Net: NetName=BMS_SCL Pin=R82-1
Added Pin To Net: NetName=+3V3 Pin=R82-2
Added Pin To Net: NetName=BMS_SDA Pin=R83-1
Added Pin To Net: NetName=+3V3 Pin=R83-2
Added Member To Class: ClassName=Battery Member=Component B1 INR18650-35E
Added Member To Class: ClassName=Power_Path Member=Component R82 RMCF0603FT4K7
Added Member To Class: ClassName=Power_Path Member=Component R83 RMCF0603FT4K7
