Removed Pin From Net: NetName=GND Pin=J1-5
Removed Pin From Net: NetName=GND Pin=J1-6
Removed Pin From Net: NetName=nCE Pin=J1-7
Removed Pin From Net: NetName=nINT Pin=J1-8
Removed Pin From Net: NetName=SCL Pin=J1-10
Removed Pin From Net: NetName=GND Pin=J1-11
Removed Pin From Net: NetName=GND Pin=J1-12
Removed Pin From Net: NetName=nQON Pin=J1-13
Removed Pin From Net: NetName=nSTAT Pin=J1-14
Change Component Designator: OldDesignator=C27 NewDesignator=C?
Added Pin To Net: NetName=nCE Pin=J1-5
Added Pin To Net: NetName=nINT Pin=J1-6
Added Pin To Net: NetName=GND Pin=J1-7
Added Pin To Net: NetName=GND Pin=J1-8
Added Pin To Net: NetName=nQON Pin=J1-10
Added Pin To Net: NetName=SCL Pin=J1-11
Added Pin To Net: NetName=nSTAT Pin=J1-12
Added Pin To Net: NetName=GND Pin=J1-13
Added Pin To Net: NetName=GND Pin=J1-14
Added Pin To Net: NetName=NetR13_1 Pin=R13-1
Added Pin To Net: NetName=NetR13_1 Pin=U2-18
Added Net: Name=NetR13_1
