Change Component Comment : Designator=C12 Old Comment=C0603C473K1RACTU New Comment=CL10B473KB8NNNC
Change Component Comment : Designator=C13 Old Comment=C0603C473K1RACTU New Comment=CL10B473KB8NNNC
Change Component Comment : Designator=C9 Old Comment=CL05B104KB5NNNC New Comment=0402B104K250NT
Change Component Comment : Designator=C19 Old Comment=CL05B104KB5NNNC New Comment=0402B104K250NT
Change Component Comment : Designator=C20 Old Comment=CL05B104KB5NNNC New Comment=0402B104K250NT
Change Component Comment : Designator=C26 Old Comment=CL05B104KB5NNNC New Comment=0402B104K250NT
Change Component Comment : Designator=C27 Old Comment=CL05B104KB5NNNC New Comment=0402B104K250NT
Change Component Comment : Designator=C10 Old Comment=CL21A225KBFNNNE New Comment=CL21A225KBQNNNE
Change Component Comment : Designator=C6 Old Comment=GRM1885C1H102JA01D New Comment=CL10B102KB8NNNC
Change Component Comment : Designator=C2 Old Comment=GRM2165C1H272JA01D New Comment=0805B472K500NT
Change Component Comment : Designator=D4 Old Comment=LEDR0805 New Comment=NCD0805R1
Change Component Comment : Designator=R1 Old Comment=RMCF0603FT1K00 New Comment=0603WAF1001T5E
Change Component Comment : Designator=R14 Old Comment=RMCF0603FT1K00 New Comment=0603WAF1001T5E
Change Component Comment : Designator=R36 Old Comment=RMCF0603FT1M00 New Comment=0603WAF1004T5E
Change Component Comment : Designator=R4 Old Comment=RMCF0603FT2K26 New Comment=0603WAF2201T5E
Change Component Comment : Designator=R37 Old Comment=RMCF0603FT2K26 New Comment=0603WAF2201T5E
Change Component Comment : Designator=R6 Old Comment=RMCF0603FT2R00 New Comment=0603WAF200KT5E
Change Component Comment : Designator=R23 Old Comment=RMCF0603FT4K7 New Comment=0603WAF4701T5E
Change Component Comment : Designator=R33 Old Comment=RMCF0603FT4K7 New Comment=0603WAF4701T5E
Change Component Comment : Designator=R5 Old Comment=RMCF0603FT10R0 New Comment=0603WAJ0100T5E
Change Component Comment : Designator=R7 Old Comment=RMCF0603FT27K0 New Comment=0603WAF2702T5E
Change Component Comment : Designator=R3 Old Comment=RMCF0603FT47K0 New Comment=0603WAF4702T5E
Change Component Comment : Designator=R32 Old Comment=RMCF0603FT47K0 New Comment=0603WAF4702T5E
Change Component Comment : Designator=R27 Old Comment=RMCF0805FT10K0 New Comment=0805W8F1002T5E
Change Component Comment : Designator=R30 Old Comment=RMCF0805FT10K0 New Comment=0805W8F1002T5E
Change Component Comment : Designator=R34 Old Comment=RMCF0805FT470K New Comment=0805W8F4703T5E
Change Component Comment : Designator=R8 Old Comment=RMCF0805ZT0R00 New Comment=0805W8F0000T5E
Change component parameters: Designator = "C1" ("C1"); Footprint = "CAPC0805X060"; UniqueID = "\HKTNPMJO\JYEVXYAX\TCNDCGTJ" ("\HKTNPMJO\JYEVXYAX\TCNDCGTJ")
Change component parameters (AddParameter): Name = "Capacitance"; Value = "10nF"; VariantName = "[No Variations]"
Change component parameters (AddParameter): Name = "Case Code"; Value = "0805"; VariantName = "[No Variations]"
Change component parameters (AddParameter): Name = "Distributor"; Value = "JLPCB"; VariantName = "[No Variations]"
Change component parameters (AddParameter): Name = "Distributor Part Number"; Value = "C1710"; VariantName = "[No Variations]"
Change component parameters (AddParameter): Name = "Part Number"; Value = "CL21B103KBANNNC"; VariantName = "[No Variations]"
Change component parameters (AddParameter): Name = "Tolerance"; Value = "10%"; VariantName = "[No Variations]"
Change component parameters (AddParameter): Name = "Voltage Rating"; Value = "25V"; VariantName = "[No Variations]"
Change component parameters: Designator = "C7" ("C7"); Footprint = "CAPC1210X090"; UniqueID = "\HKTNPMJO\HEZAHWQS" ("\HKTNPMJO\HEZAHWQS")
Change component parameters (AddParameter): Name = "Capacitance"; Value = "10uF"; VariantName = "[No Variations]"
Change component parameters (AddParameter): Name = "Case Code"; Value = "1210"; VariantName = "[No Variations]"
Change component parameters (AddParameter): Name = "Distributor"; Value = "JLCPCB"; VariantName = "[No Variations]"
Change component parameters (AddParameter): Name = "Distributor Part Number"; Value = "C138687"; VariantName = "[No Variations]"
Change component parameters (AddParameter): Name = "Manufacturer Part Number"; Value = "CL32B106KBJNNNE"; VariantName = "[No Variations]"
Change component parameters (AddParameter): Name = "Tolerance"; Value = "10%"; VariantName = "[No Variations]"
Change component parameters (AddParameter): Name = "Voltage Rating"; Value = "50V"; VariantName = "[No Variations]"
Change component parameters: Designator = "C8" ("C8"); Footprint = "CAPC1210X090"; UniqueID = "\HKTNPMJO\LCOBBVVX" ("\HKTNPMJO\LCOBBVVX")
Change component parameters (AddParameter): Name = "Capacitance"; Value = "10uF"; VariantName = "[No Variations]"
Change component parameters (AddParameter): Name = "Case Code"; Value = "1210"; VariantName = "[No Variations]"
Change component parameters (AddParameter): Name = "Distributor"; Value = "JLCPCB"; VariantName = "[No Variations]"
Change component parameters (AddParameter): Name = "Distributor Part Number"; Value = "C138687"; VariantName = "[No Variations]"
Change component parameters (AddParameter): Name = "Manufacturer Part Number"; Value = "CL32B106KBJNNNE"; VariantName = "[No Variations]"
Change component parameters (AddParameter): Name = "Tolerance"; Value = "10%"; VariantName = "[No Variations]"
Change component parameters (AddParameter): Name = "Voltage Rating"; Value = "50V"; VariantName = "[No Variations]"
Change component parameters: Designator = "C11" ("C11"); Footprint = "CAPC0805X060"; UniqueID = "\HKTNPMJO\NVBWEVUL" ("\HKTNPMJO\NVBWEVUL")
Change component parameters (AddParameter): Name = "Capacitance"; Value = "4.7uF"; VariantName = "[No Variations]"
Change component parameters (AddParameter): Name = "Case Code"; Value = "0805"; VariantName = "[No Variations]"
Change component parameters (AddParameter): Name = "Distributor"; Value = "JLCPCB"; VariantName = "[No Variations]"
Change component parameters (AddParameter): Name = "Distributor Part Number"; Value = "C1779"; VariantName = "[No Variations]"
Change component parameters (AddParameter): Name = "Part Number"; Value = "CL21A475KAQNNNE"; VariantName = "[No Variations]"
Change component parameters (AddParameter): Name = "Tolerance"; Value = "10%"; VariantName = "[No Variations]"
Change component parameters (AddParameter): Name = "Voltage Rating"; Value = "25V"; VariantName = "[No Variations]"
Change component parameters: Designator = "C14" ("C14"); Footprint = "CAPC1210X090"; UniqueID = "\HKTNPMJO\SXLINKNI" ("\HKTNPMJO\SXLINKNI")
Change component parameters (AddParameter): Name = "Capacitance"; Value = "10uF"; VariantName = "[No Variations]"
Change component parameters (AddParameter): Name = "Case Code"; Value = "1210"; VariantName = "[No Variations]"
Change component parameters (AddParameter): Name = "Distributor"; Value = "JLCPCB"; VariantName = "[No Variations]"
Change component parameters (AddParameter): Name = "Distributor Part Number"; Value = "C138687"; VariantName = "[No Variations]"
Change component parameters (AddParameter): Name = "Manufacturer Part Number"; Value = "CL32B106KBJNNNE"; VariantName = "[No Variations]"
Change component parameters (AddParameter): Name = "Tolerance"; Value = "10%"; VariantName = "[No Variations]"
Change component parameters (AddParameter): Name = "Voltage Rating"; Value = "50V"; VariantName = "[No Variations]"
Change component parameters: Designator = "C15" ("C15"); Footprint = "CAPC1210X090"; UniqueID = "\HKTNPMJO\JYEVXYAX\LZCYOCKA" ("\HKTNPMJO\JYEVXYAX\LZCYOCKA")
Change component parameters (AddParameter): Name = "Capacitance"; Value = "10uF"; VariantName = "[No Variations]"
Change component parameters (AddParameter): Name = "Case Code"; Value = "1210"; VariantName = "[No Variations]"
Change component parameters (AddParameter): Name = "Distributor"; Value = "JLCPCB"; VariantName = "[No Variations]"
Change component parameters (AddParameter): Name = "Distributor Part Number"; Value = "C138687"; VariantName = "[No Variations]"
Change component parameters (AddParameter): Name = "Manufacturer Part Number"; Value = "CL32B106KBJNNNE"; VariantName = "[No Variations]"
Change component parameters (AddParameter): Name = "Tolerance"; Value = "10%"; VariantName = "[No Variations]"
Change component parameters (AddParameter): Name = "Voltage Rating"; Value = "50V"; VariantName = "[No Variations]"
Change component parameters: Designator = "C16" ("C16"); Footprint = "CAPC1210X090"; UniqueID = "\HKTNPMJO\JYEVXYAX\OGJZKWEG" ("\HKTNPMJO\JYEVXYAX\OGJZKWEG")
Change component parameters (AddParameter): Name = "Capacitance"; Value = "10uF"; VariantName = "[No Variations]"
Change component parameters (AddParameter): Name = "Case Code"; Value = "1210"; VariantName = "[No Variations]"
Change component parameters (AddParameter): Name = "Distributor"; Value = "JLCPCB"; VariantName = "[No Variations]"
Change component parameters (AddParameter): Name = "Distributor Part Number"; Value = "C138687"; VariantName = "[No Variations]"
Change component parameters (AddParameter): Name = "Manufacturer Part Number"; Value = "CL32B106KBJNNNE"; VariantName = "[No Variations]"
Change component parameters (AddParameter): Name = "Tolerance"; Value = "10%"; VariantName = "[No Variations]"
Change component parameters (AddParameter): Name = "Voltage Rating"; Value = "50V"; VariantName = "[No Variations]"
Change component parameters: Designator = "C17" ("C17"); Footprint = "CAPC1210X090"; UniqueID = "\HKTNPMJO\JYEVXYAX\XMMVNLPP" ("\HKTNPMJO\JYEVXYAX\XMMVNLPP")
Change component parameters (AddParameter): Name = "Capacitance"; Value = "10uF"; VariantName = "[No Variations]"
Change component parameters (AddParameter): Name = "Case Code"; Value = "1210"; VariantName = "[No Variations]"
Change component parameters (AddParameter): Name = "Distributor"; Value = "JLCPCB"; VariantName = "[No Variations]"
Change component parameters (AddParameter): Name = "Distributor Part Number"; Value = "C138687"; VariantName = "[No Variations]"
Change component parameters (AddParameter): Name = "Manufacturer Part Number"; Value = "CL32B106KBJNNNE"; VariantName = "[No Variations]"
Change component parameters (AddParameter): Name = "Tolerance"; Value = "10%"; VariantName = "[No Variations]"
Change component parameters (AddParameter): Name = "Voltage Rating"; Value = "50V"; VariantName = "[No Variations]"
Change component parameters: Designator = "C18" ("C18"); Footprint = "CAPC1210X090"; UniqueID = "\HKTNPMJO\JYEVXYAX\AIIWHSOL" ("\HKTNPMJO\JYEVXYAX\AIIWHSOL")
Change component parameters (AddParameter): Name = "Capacitance"; Value = "10uF"; VariantName = "[No Variations]"
Change component parameters (AddParameter): Name = "Case Code"; Value = "1210"; VariantName = "[No Variations]"
Change component parameters (AddParameter): Name = "Distributor"; Value = "JLCPCB"; VariantName = "[No Variations]"
Change component parameters (AddParameter): Name = "Distributor Part Number"; Value = "C138687"; VariantName = "[No Variations]"
Change component parameters (AddParameter): Name = "Manufacturer Part Number"; Value = "CL32B106KBJNNNE"; VariantName = "[No Variations]"
Change component parameters (AddParameter): Name = "Tolerance"; Value = "10%"; VariantName = "[No Variations]"
Change component parameters (AddParameter): Name = "Voltage Rating"; Value = "50V"; VariantName = "[No Variations]"
Change component parameters: Designator = "C21" ("C21"); Footprint = "CAPC1210X090"; UniqueID = "\HKTNPMJO\HRZXRQVC" ("\HKTNPMJO\HRZXRQVC")
Change component parameters (AddParameter): Name = "Capacitance"; Value = "10uF"; VariantName = "[No Variations]"
Change component parameters (AddParameter): Name = "Case Code"; Value = "1210"; VariantName = "[No Variations]"
Change component parameters (AddParameter): Name = "Distributor"; Value = "JLCPCB"; VariantName = "[No Variations]"
Change component parameters (AddParameter): Name = "Distributor Part Number"; Value = "C138687"; VariantName = "[No Variations]"
Change component parameters (AddParameter): Name = "Manufacturer Part Number"; Value = "CL32B106KBJNNNE"; VariantName = "[No Variations]"
Change component parameters (AddParameter): Name = "Tolerance"; Value = "10%"; VariantName = "[No Variations]"
Change component parameters (AddParameter): Name = "Voltage Rating"; Value = "50V"; VariantName = "[No Variations]"
Change component parameters: Designator = "C22" ("C22"); Footprint = "CAPC1210X090"; UniqueID = "\HKTNPMJO\GHBAYKCF" ("\HKTNPMJO\GHBAYKCF")
Change component parameters (AddParameter): Name = "Capacitance"; Value = "10uF"; VariantName = "[No Variations]"
Change component parameters (AddParameter): Name = "Case Code"; Value = "1210"; VariantName = "[No Variations]"
Change component parameters (AddParameter): Name = "Distributor"; Value = "JLCPCB"; VariantName = "[No Variations]"
Change component parameters (AddParameter): Name = "Distributor Part Number"; Value = "C138687"; VariantName = "[No Variations]"
Change component parameters (AddParameter): Name = "Manufacturer Part Number"; Value = "CL32B106KBJNNNE"; VariantName = "[No Variations]"
Change component parameters (AddParameter): Name = "Tolerance"; Value = "10%"; VariantName = "[No Variations]"
Change component parameters (AddParameter): Name = "Voltage Rating"; Value = "50V"; VariantName = "[No Variations]"
Change component parameters: Designator = "C23" ("C23"); Footprint = "CAPC1210X090"; UniqueID = "\HKTNPMJO\IKRDOGQR" ("\HKTNPMJO\IKRDOGQR")
Change component parameters (AddParameter): Name = "Capacitance"; Value = "10uF"; VariantName = "[No Variations]"
Change component parameters (AddParameter): Name = "Case Code"; Value = "1210"; VariantName = "[No Variations]"
Change component parameters (AddParameter): Name = "Distributor"; Value = "JLCPCB"; VariantName = "[No Variations]"
Change component parameters (AddParameter): Name = "Distributor Part Number"; Value = "C138687"; VariantName = "[No Variations]"
Change component parameters (AddParameter): Name = "Manufacturer Part Number"; Value = "CL32B106KBJNNNE"; VariantName = "[No Variations]"
Change component parameters (AddParameter): Name = "Tolerance"; Value = "10%"; VariantName = "[No Variations]"
Change component parameters (AddParameter): Name = "Voltage Rating"; Value = "50V"; VariantName = "[No Variations]"
Change component parameters: Designator = "C24" ("C24"); Footprint = "CAPC1210X090"; UniqueID = "\HKTNPMJO\JPYVEYPN" ("\HKTNPMJO\JPYVEYPN")
Change component parameters (AddParameter): Name = "Capacitance"; Value = "10uF"; VariantName = "[No Variations]"
Change component parameters (AddParameter): Name = "Case Code"; Value = "1210"; VariantName = "[No Variations]"
Change component parameters (AddParameter): Name = "Distributor"; Value = "JLCPCB"; VariantName = "[No Variations]"
Change component parameters (AddParameter): Name = "Distributor Part Number"; Value = "C138687"; VariantName = "[No Variations]"
Change component parameters (AddParameter): Name = "Manufacturer Part Number"; Value = "CL32B106KBJNNNE"; VariantName = "[No Variations]"
Change component parameters (AddParameter): Name = "Tolerance"; Value = "10%"; VariantName = "[No Variations]"
Change component parameters (AddParameter): Name = "Voltage Rating"; Value = "50V"; VariantName = "[No Variations]"
Change component parameters: Designator = "C25" ("C25"); Footprint = "CAPC1210X090"; UniqueID = "\HKTNPMJO\LDIDTOYT" ("\HKTNPMJO\LDIDTOYT")
Change component parameters (AddParameter): Name = "Capacitance"; Value = "10uF"; VariantName = "[No Variations]"
Change component parameters (AddParameter): Name = "Case Code"; Value = "1210"; VariantName = "[No Variations]"
Change component parameters (AddParameter): Name = "Distributor"; Value = "JLCPCB"; VariantName = "[No Variations]"
Change component parameters (AddParameter): Name = "Distributor Part Number"; Value = "C138687"; VariantName = "[No Variations]"
Change component parameters (AddParameter): Name = "Manufacturer Part Number"; Value = "CL32B106KBJNNNE"; VariantName = "[No Variations]"
Change component parameters (AddParameter): Name = "Tolerance"; Value = "10%"; VariantName = "[No Variations]"
Change component parameters (AddParameter): Name = "Voltage Rating"; Value = "50V"; VariantName = "[No Variations]"
Change component parameters: Designator = "C35" ("C35"); Footprint = "CAPC1210X090"; UniqueID = "\HKTNPMJO\JYEVXYAX\LXVGZLGH" ("\HKTNPMJO\JYEVXYAX\LXVGZLGH")
Change component parameters (AddParameter): Name = "Capacitance"; Value = "10uF"; VariantName = "[No Variations]"
Change component parameters (AddParameter): Name = "Case Code"; Value = "1210"; VariantName = "[No Variations]"
Change component parameters (AddParameter): Name = "Distributor"; Value = "JLCPCB"; VariantName = "[No Variations]"
Change component parameters (AddParameter): Name = "Distributor Part Number"; Value = "C138687"; VariantName = "[No Variations]"
Change component parameters (AddParameter): Name = "Manufacturer Part Number"; Value = "CL32B106KBJNNNE"; VariantName = "[No Variations]"
Change component parameters (AddParameter): Name = "Tolerance"; Value = "10%"; VariantName = "[No Variations]"
Change component parameters (AddParameter): Name = "Voltage Rating"; Value = "50V"; VariantName = "[No Variations]"
Change component parameters: Designator = "D1" ("D1"); Footprint = "SOD-523"; UniqueID = "\HKTNPMJO\MYMVTEQV" ("\HKTNPMJO\MYMVTEQV")
Change component parameters (AddParameter): Name = "Distributor"; Value = "JLCPCB"; VariantName = "[No Variations]"
Change component parameters (AddParameter): Name = "Distributor Part Number"; Value = "C507911"; VariantName = "[No Variations]"
Change component parameters (AddParameter): Name = "Operating Temperature"; Value = "-65°C ~ 150°C"; VariantName = "[No Variations]"
Change component parameters (AddParameter): Name = "Part Number"; Value = "BZT52C12T-7"; VariantName = "[No Variations]"
Change component parameters (AddParameter): Name = "Power - Max"; Value = "300mW"; VariantName = "[No Variations]"
Change component parameters (AddParameter): Name = "Voltage - Zener"; Value = "12V"; VariantName = "[No Variations]"
Change component parameters: Designator = "Q4" ("Q4"); Footprint = "CSD18511Q5A"; UniqueID = "\HKTNPMJO\WQIEIWJH" ("\HKTNPMJO\WQIEIWJH")
Change component parameters (AddParameter): Name = "Continuous Drain Current @ 25C"; Value = "159A"; VariantName = "[No Variations]"
Change component parameters (AddParameter): Name = "Distributor"; Value = "JLCPCB"; VariantName = "[No Variations]"
Change component parameters (AddParameter): Name = "Distributor Part Number"; Value = "C701747"; VariantName = "[No Variations]"
Change component parameters (AddParameter): Name = "Id"; Value = "27A"; VariantName = "[No Variations]"
Change component parameters (AddParameter): Name = "Operating Temperature"; Value = "-55°C ~ 150°C"; VariantName = "[No Variations]"
Change component parameters (AddParameter): Name = "Part Number"; Value = "CSD18511Q5A"; VariantName = "[No Variations]"
Change component parameters (AddParameter): Name = "Power Dissipation (Max)"; Value = "104W"; VariantName = "[No Variations]"
Change component parameters (AddParameter): Name = "Qg"; Value = "63nC"; VariantName = "[No Variations]"
Change component parameters (AddParameter): Name = "Qgd"; Value = "11.2nC"; VariantName = "[No Variations]"
Change component parameters (AddParameter): Name = "Vds (Max)"; Value = "40V"; VariantName = "[No Variations]"
Change component parameters (AddParameter): Name = "Vgs (Max)"; Value = "20"; VariantName = "[No Variations]"
Change component parameters (AddParameter): Name = "Vth"; Value = "1.8"; VariantName = "[No Variations]"
Change component parameters: Designator = "Q5" ("Q5"); Footprint = "CSD18511Q5A"; UniqueID = "\HKTNPMJO\WJPULWYF" ("\HKTNPMJO\WJPULWYF")
Change component parameters (AddParameter): Name = "Continuous Drain Current @ 25C"; Value = "159A"; VariantName = "[No Variations]"
Change component parameters (AddParameter): Name = "Distributor"; Value = "JLCPCB"; VariantName = "[No Variations]"
Change component parameters (AddParameter): Name = "Distributor Part Number"; Value = "C701747"; VariantName = "[No Variations]"
Change component parameters (AddParameter): Name = "Id"; Value = "27A"; VariantName = "[No Variations]"
Change component parameters (AddParameter): Name = "Operating Temperature"; Value = "-55°C ~ 150°C"; VariantName = "[No Variations]"
Change component parameters (AddParameter): Name = "Part Number"; Value = "CSD18511Q5A"; VariantName = "[No Variations]"
Change component parameters (AddParameter): Name = "Power Dissipation (Max)"; Value = "104W"; VariantName = "[No Variations]"
Change component parameters (AddParameter): Name = "Qg"; Value = "63nC"; VariantName = "[No Variations]"
Change component parameters (AddParameter): Name = "Qgd"; Value = "11.2nC"; VariantName = "[No Variations]"
Change component parameters (AddParameter): Name = "Vds (Max)"; Value = "40V"; VariantName = "[No Variations]"
Change component parameters (AddParameter): Name = "Vgs (Max)"; Value = "20"; VariantName = "[No Variations]"
Change component parameters (AddParameter): Name = "Vth"; Value = "1.8"; VariantName = "[No Variations]"
Change component parameters: Designator = "U2" ("U2"); Footprint = "VFQFN-10"; UniqueID = "\HKTNPMJO\JYEVXYAX\RQADSKDR" ("\HKTNPMJO\JYEVXYAX\RQADSKDR")
Change component parameters (AddParameter): Name = "Distributor"; Value = "JLCPCB"; VariantName = "[No Variations]"
Change component parameters (AddParameter): Name = "Distributor Part Number"; Value = "C2864845"; VariantName = "[No Variations]"
Change component parameters (AddParameter): Name = "Operating Temperature"; Value = "-40°C ~ 125°C"; VariantName = "[No Variations]"
Change component parameters (AddParameter): Name = "Output Current"; Value = "5.5A"; VariantName = "[No Variations]"
Change component parameters (AddParameter): Name = "Part Number"; Value = "TPS259474LRPWR"; VariantName = "[No Variations]"
Change component parameters (AddParameter): Name = "Voltage Input"; Value = "2.7V~23V"; VariantName = "[No Variations]"
Change component parameters: Designator = "U3" ("U3"); Footprint = "TSSOP-24"; UniqueID = "\HKTNPMJO\NQFMJMPW\PHPCNLQI" ("\HKTNPMJO\NQFMJMPW\PHPCNLQI")
Change component parameters (AddParameter): Name = "Distributor"; Value = "JLCPCB"; VariantName = "[No Variations]"
Change component parameters (AddParameter): Name = "Distributor Part Number"; Value = "C2876946"; VariantName = "[No Variations]"
Change component parameters (AddParameter): Name = "Operating Temperature"; Value = "-25C~85C"; VariantName = "[No Variations]"
Change component parameters (AddParameter): Name = "OV Delay"; Value = "1s"; VariantName = "[No Variations]"
Change component parameters (AddParameter): Name = "OV Threshold"; Value = "4200mV"; VariantName = "[No Variations]"
Change component parameters (AddParameter): Name = "Part Number"; Value = "BQ7791500PWR"; VariantName = "[No Variations]"
Change component parameters (AddParameter): Name = "UV Delay"; Value = "1s"; VariantName = "[No Variations]"
Change component parameters (AddParameter): Name = "UV Threshold"; Value = "2900mV"; VariantName = "[No Variations]"
Change component parameters: Designator = "R1" ("R1"); Footprint = "RESC0603"; UniqueID = "\HKTNPMJO\NQFMJMPW\BHXNJPXB" ("\HKTNPMJO\NQFMJMPW\BHXNJPXB")
Change component parameters (AddParameter): Name = "Case Code"; Value = "0603"; VariantName = "[No Variations]"
Change component parameters (AddParameter): Name = "Distributor"; Value = "JLCPCB"; VariantName = "[No Variations]"
Change component parameters (AddParameter): Name = "Distributor Part Number"; Value = "C21190"; VariantName = "[No Variations]"
Change component parameters (AddParameter): Name = "Manufacturer"; Value = "UNI-ROYAL"; VariantName = "[No Variations]"
Change component parameters (AddParameter): Name = "Part Number"; Value = "0603WAF1001T5E"; VariantName = "[No Variations]"
Change component parameters (AddParameter): Name = "Resistance"; Value = "1K"; VariantName = "[No Variations]"
Change component parameters (AddParameter): Name = "Tolerance"; Value = "1%"; VariantName = "[No Variations]"
Change component parameters: Designator = "R3" ("R3"); Footprint = "RESC0603"; UniqueID = "\HKTNPMJO\JYEVXYAX\WRCOYYFI" ("\HKTNPMJO\JYEVXYAX\WRCOYYFI")
Change component parameters (AddParameter): Name = "Case Code"; Value = "0603"; VariantName = "[No Variations]"
Change component parameters (AddParameter): Name = "Distributor"; Value = "JLCPCB"; VariantName = "[No Variations]"
Change component parameters (AddParameter): Name = "Distributor Part Number"; Value = "C25819"; VariantName = "[No Variations]"
Change component parameters (AddParameter): Name = "Manufacturer"; Value = "UNI-ROYAL"; VariantName = "[No Variations]"
Change component parameters (AddParameter): Name = "Part Number"; Value = "0603WAF4702T5E"; VariantName = "[No Variations]"
Change component parameters (AddParameter): Name = "Resistance"; Value = "47K"; VariantName = "[No Variations]"
Change component parameters (AddParameter): Name = "Tolerance"; Value = "1%"; VariantName = "[No Variations]"
Change component parameters: Designator = "R6" ("R6"); Footprint = "RESC0603"; UniqueID = "\HKTNPMJO\QAGDPOJI" ("\HKTNPMJO\QAGDPOJI")
Change component parameters (AddParameter): Name = "Case Code"; Value = "0603"; VariantName = "[No Variations]"
Change component parameters (AddParameter): Name = "Distributor"; Value = "JLCPCB"; VariantName = "[No Variations]"
Change component parameters (AddParameter): Name = "Distributor Part Number"; Value = "C22977"; VariantName = "[No Variations]"
Change component parameters (AddParameter): Name = "Manufacturer"; Value = "UNI-ROYAL"; VariantName = "[No Variations]"
Change component parameters (AddParameter): Name = "Part Number"; Value = "0603WAF200KT5E"; VariantName = "[No Variations]"
Change component parameters (AddParameter): Name = "Resistance"; Value = "2R"; VariantName = "[No Variations]"
Change component parameters (AddParameter): Name = "Tolerance"; Value = "1%"; VariantName = "[No Variations]"
Change component parameters: Designator = "R7" ("R7"); Footprint = "RESC0603"; UniqueID = "\HKTNPMJO\UROSFCNI" ("\HKTNPMJO\UROSFCNI")
Change component parameters (AddParameter): Name = "Case Code"; Value = "0603"; VariantName = "[No Variations]"
Change component parameters (AddParameter): Name = "Distributor"; Value = "JLCPCB"; VariantName = "[No Variations]"
Change component parameters (AddParameter): Name = "Distributor Part Number"; Value = "C22967"; VariantName = "[No Variations]"
Change component parameters (AddParameter): Name = "Manufacturer"; Value = "UNI-ROYAL"; VariantName = "[No Variations]"
Change component parameters (AddParameter): Name = "Part Number"; Value = "0603WAF2702T5E"; VariantName = "[No Variations]"
Change component parameters (AddParameter): Name = "Resistance"; Value = "27K"; VariantName = "[No Variations]"
Change component parameters (AddParameter): Name = "Tolerance"; Value = "1%"; VariantName = "[No Variations]"
Change component parameters: Designator = "R8" ("R8"); Footprint = "RESC0805"; UniqueID = "\HKTNPMJO\FXDPLXKJ" ("\HKTNPMJO\FXDPLXKJ")
Change component parameters (AddParameter): Name = "Case Code"; Value = "0805"; VariantName = "[No Variations]"
Change component parameters (AddParameter): Name = "Distributor"; Value = "JLCPCB"; VariantName = "[No Variations]"
Change component parameters (AddParameter): Name = "Distributor Part Number"; Value = "C17477"; VariantName = "[No Variations]"
Change component parameters (AddParameter): Name = "Manufacturer"; Value = "UNI-ROYAL"; VariantName = "[No Variations]"
Change component parameters (AddParameter): Name = "Part Number"; Value = "0805W8F0000T5E"; VariantName = "[No Variations]"
Change component parameters (AddParameter): Name = "Resistance"; Value = "0R"; VariantName = "[No Variations]"
Change component parameters (AddParameter): Name = "Tolerance"; Value = "1%"; VariantName = "[No Variations]"
Change component parameters: Designator = "R14" ("R14"); Footprint = "RESC0603"; UniqueID = "\HKTNPMJO\JYEVXYAX\NVXZGNPF" ("\HKTNPMJO\JYEVXYAX\NVXZGNPF")
Change component parameters (AddParameter): Name = "Case Code"; Value = "0603"; VariantName = "[No Variations]"
Change component parameters (AddParameter): Name = "Distributor"; Value = "JLCPCB"; VariantName = "[No Variations]"
Change component parameters (AddParameter): Name = "Distributor Part Number"; Value = "C21190"; VariantName = "[No Variations]"
Change component parameters (AddParameter): Name = "Manufacturer"; Value = "UNI-ROYAL"; VariantName = "[No Variations]"
Change component parameters (AddParameter): Name = "Part Number"; Value = "0603WAF1001T5E"; VariantName = "[No Variations]"
Change component parameters (AddParameter): Name = "Resistance"; Value = "1K"; VariantName = "[No Variations]"
Change component parameters (AddParameter): Name = "Tolerance"; Value = "1%"; VariantName = "[No Variations]"
Change component parameters: Designator = "R27" ("R27"); Footprint = "RESC0805"; UniqueID = "\HKTNPMJO\NQFMJMPW\EENTOXVB" ("\HKTNPMJO\NQFMJMPW\EENTOXVB")
Change component parameters (AddParameter): Name = "Case Code"; Value = "0805"; VariantName = "[No Variations]"
Change component parameters (AddParameter): Name = "Distributor"; Value = "JLCPCB"; VariantName = "[No Variations]"
Change component parameters (AddParameter): Name = "Distributor Part Number"; Value = "C17414"; VariantName = "[No Variations]"
Change component parameters (AddParameter): Name = "Manufacturer"; Value = "UNI-ROYAL"; VariantName = "[No Variations]"
Change component parameters (AddParameter): Name = "Part Number"; Value = "0805W8F1002T5E"; VariantName = "[No Variations]"
Change component parameters (AddParameter): Name = "Resistance"; Value = "10K"; VariantName = "[No Variations]"
Change component parameters (AddParameter): Name = "Tolerance"; Value = "1%"; VariantName = "[No Variations]"
Change component parameters: Designator = "R30" ("R30"); Footprint = "RESC0805"; UniqueID = "\HKTNPMJO\NQFMJMPW\LBWKOGIV" ("\HKTNPMJO\NQFMJMPW\LBWKOGIV")
Change component parameters (AddParameter): Name = "Case Code"; Value = "0805"; VariantName = "[No Variations]"
Change component parameters (AddParameter): Name = "Distributor"; Value = "JLCPCB"; VariantName = "[No Variations]"
Change component parameters (AddParameter): Name = "Distributor Part Number"; Value = "C17414"; VariantName = "[No Variations]"
Change component parameters (AddParameter): Name = "Manufacturer"; Value = "UNI-ROYAL"; VariantName = "[No Variations]"
Change component parameters (AddParameter): Name = "Part Number"; Value = "0805W8F1002T5E"; VariantName = "[No Variations]"
Change component parameters (AddParameter): Name = "Resistance"; Value = "10K"; VariantName = "[No Variations]"
Change component parameters (AddParameter): Name = "Tolerance"; Value = "1%"; VariantName = "[No Variations]"
Change component parameters: Designator = "R32" ("R32"); Footprint = "RESC0603"; UniqueID = "\HKTNPMJO\JYEVXYAX\GXHUPDLL" ("\HKTNPMJO\JYEVXYAX\GXHUPDLL")
Change component parameters (AddParameter): Name = "Case Code"; Value = "0603"; VariantName = "[No Variations]"
Change component parameters (AddParameter): Name = "Distributor"; Value = "JLCPCB"; VariantName = "[No Variations]"
Change component parameters (AddParameter): Name = "Distributor Part Number"; Value = "C25819"; VariantName = "[No Variations]"
Change component parameters (AddParameter): Name = "Manufacturer"; Value = "UNI-ROYAL"; VariantName = "[No Variations]"
Change component parameters (AddParameter): Name = "Part Number"; Value = "0603WAF4702T5E"; VariantName = "[No Variations]"
Change component parameters (AddParameter): Name = "Resistance"; Value = "47K"; VariantName = "[No Variations]"
Change component parameters (AddParameter): Name = "Tolerance"; Value = "1%"; VariantName = "[No Variations]"
Change component parameters: Designator = "R34" ("R34"); Footprint = "RESC0805"; UniqueID = "\HKTNPMJO\GOXMYUZK" ("\HKTNPMJO\GOXMYUZK")
Change component parameters (AddParameter): Name = "Case Code"; Value = "0805"; VariantName = "[No Variations]"
Change component parameters (AddParameter): Name = "Distributor"; Value = "JLCPCB"; VariantName = "[No Variations]"
Change component parameters (AddParameter): Name = "Distributor Part Number"; Value = "C17709"; VariantName = "[No Variations]"
Change component parameters (AddParameter): Name = "Manufacturer"; Value = "UNI-ROYAL"; VariantName = "[No Variations]"
Change component parameters (AddParameter): Name = "Part Number"; Value = "0805W8F4703T5E"; VariantName = "[No Variations]"
Change component parameters (AddParameter): Name = "Resistance"; Value = "470K"; VariantName = "[No Variations]"
Change component parameters (AddParameter): Name = "Tolerance"; Value = "1%"; VariantName = "[No Variations]"
Change component parameters: Designator = "R36" ("R36"); Footprint = "RESC0603"; UniqueID = "\HKTNPMJO\NGZBQYIN" ("\HKTNPMJO\NGZBQYIN")
Change component parameters (AddParameter): Name = "Case Code"; Value = "0603"; VariantName = "[No Variations]"
Change component parameters (AddParameter): Name = "Distributor"; Value = "JLCPCB"; VariantName = "[No Variations]"
Change component parameters (AddParameter): Name = "Distributor Part Number"; Value = "C22935"; VariantName = "[No Variations]"
Change component parameters (AddParameter): Name = "Manufacturer"; Value = "UNI-ROYAL"; VariantName = "[No Variations]"
Change component parameters (AddParameter): Name = "Part Number"; Value = "0603WAF1004T5E"; VariantName = "[No Variations]"
Change component parameters (AddParameter): Name = "Resistance"; Value = "1M"; VariantName = "[No Variations]"
Change component parameters (AddParameter): Name = "Tolerance"; Value = "1%"; VariantName = "[No Variations]"
Change component parameters: Designator = "C10" ("C10"); Footprint = "CAPC0805X060"; UniqueID = "\HKTNPMJO\JBRFUUUP" ("\HKTNPMJO\JBRFUUUP")
Change component parameters (AddParameter): Name = "Capacitance"; Value = "2.2uF"; VariantName = "[No Variations]"
Change component parameters (AddParameter): Name = "Case Code"; Value = "0805"; VariantName = "[No Variations]"
Change component parameters (AddParameter): Name = "Dielectric"; Value = "X5R"; VariantName = "[No Variations]"
Change component parameters (AddParameter): Name = "Distributor"; Value = "JLCPCB"; VariantName = "[No Variations]"
Change component parameters (AddParameter): Name = "Distributor Part Number"; Value = "C377773"; VariantName = "[No Variations]"
Change component parameters (AddParameter): Name = "Part Number"; Value = "CL21A225KBQNNNE"; VariantName = "[No Variations]"
Change component parameters (AddParameter): Name = "Tolerance"; Value = "10%"; VariantName = "[No Variations]"
Change component parameters (AddParameter): Name = "Voltage Rating"; Value = "50V"; VariantName = "[No Variations]"
Change component parameters: Designator = "C12" ("C12"); Footprint = "CAPC0603X040"; UniqueID = "\HKTNPMJO\IAWYHGWL" ("\HKTNPMJO\IAWYHGWL")
Change component parameters (AddParameter): Name = "Capacitance"; Value = "47nF"; VariantName = "[No Variations]"
Change component parameters (AddParameter): Name = "Case Code"; Value = "0603"; VariantName = "[No Variations]"
Change component parameters (AddParameter): Name = "Dielectric"; Value = "X7R"; VariantName = "[No Variations]"
Change component parameters (AddParameter): Name = "Distributor"; Value = "JLCPCB"; VariantName = "[No Variations]"
Change component parameters (AddParameter): Name = "Distributor Part number"; Value = "C1622"; VariantName = "[No Variations]"
Change component parameters (AddParameter): Name = "Part Number"; Value = "CL10B473KB8NNNC"; VariantName = "[No Variations]"
Change component parameters (AddParameter): Name = "Tolerance"; Value = "10%"; VariantName = "[No Variations]"
Change component parameters (AddParameter): Name = "Voltage Rating"; Value = "50V"; VariantName = "[No Variations]"
Change component parameters: Designator = "C13" ("C13"); Footprint = "CAPC0603X040"; UniqueID = "\HKTNPMJO\DYNNVRPQ" ("\HKTNPMJO\DYNNVRPQ")
Change component parameters (AddParameter): Name = "Capacitance"; Value = "47nF"; VariantName = "[No Variations]"
Change component parameters (AddParameter): Name = "Case Code"; Value = "0603"; VariantName = "[No Variations]"
Change component parameters (AddParameter): Name = "Dielectric"; Value = "X7R"; VariantName = "[No Variations]"
Change component parameters (AddParameter): Name = "Distributor"; Value = "JLCPCB"; VariantName = "[No Variations]"
Change component parameters (AddParameter): Name = "Distributor Part number"; Value = "C1622"; VariantName = "[No Variations]"
Change component parameters (AddParameter): Name = "Part Number"; Value = "CL10B473KB8NNNC"; VariantName = "[No Variations]"
Change component parameters (AddParameter): Name = "Tolerance"; Value = "10%"; VariantName = "[No Variations]"
Change component parameters (AddParameter): Name = "Voltage Rating"; Value = "50V"; VariantName = "[No Variations]"
Change component parameters: Designator = "R5" ("R5"); Footprint = "RESC0603"; UniqueID = "\HKTNPMJO\LLHUMFIL" ("\HKTNPMJO\LLHUMFIL")
Change component parameters (AddParameter): Name = "Case Code"; Value = "0603"; VariantName = "[No Variations]"
Change component parameters (AddParameter): Name = "Distributor"; Value = "JLCPCB"; VariantName = "[No Variations]"
Change component parameters (AddParameter): Name = "Distributor Part Number"; Value = "C25202"; VariantName = "[No Variations]"
Change component parameters (AddParameter): Name = "Part Number"; Value = "0603WAJ0100T5E"; VariantName = "[No Variations]"
Change component parameters (AddParameter): Name = "Resistance"; Value = "10R"; VariantName = "[No Variations]"
Change component parameters (AddParameter): Name = "Tolerance"; Value = "5%"; VariantName = "[No Variations]"
Change component parameters: Designator = "R4" ("R4"); Footprint = "RESC0603"; UniqueID = "\HKTNPMJO\JYEVXYAX\OXDFJDKU" ("\HKTNPMJO\JYEVXYAX\OXDFJDKU")
Change component parameters (AddParameter): Name = "Case Code"; Value = "0603"; VariantName = "[No Variations]"
Change component parameters (AddParameter): Name = "Distributor"; Value = "JLCPCB"; VariantName = "[No Variations]"
Change component parameters (AddParameter): Name = "Distributor Part Number"; Value = "C4190"; VariantName = "[No Variations]"
Change component parameters (AddParameter): Name = "Manufacturer"; Value = "UNI-ROYAL"; VariantName = "[No Variations]"
Change component parameters (AddParameter): Name = "Part Number"; Value = "0603WAF2201T5E"; VariantName = "[No Variations]"
Change component parameters (AddParameter): Name = "Resistance"; Value = "2K2"; VariantName = "[No Variations]"
Change component parameters (AddParameter): Name = "Tolerance"; Value = "1%"; VariantName = "[No Variations]"
Change component parameters: Designator = "R23" ("R23"); Footprint = "RESC0603"; UniqueID = "\HKTNPMJO\NQFMJMPW\HQPFURLB" ("\HKTNPMJO\NQFMJMPW\HQPFURLB")
Change component parameters (AddParameter): Name = "Case Code"; Value = "0603"; VariantName = "[No Variations]"
Change component parameters (AddParameter): Name = "Distributor"; Value = "JLCPCB"; VariantName = "[No Variations]"
Change component parameters (AddParameter): Name = "Distributor Part Number"; Value = "C23162"; VariantName = "[No Variations]"
Change component parameters (AddParameter): Name = "Manufacturer"; Value = "UNI-ROYAL"; VariantName = "[No Variations]"
Change component parameters (AddParameter): Name = "Part Number"; Value = "0603WAF4701T5E"; VariantName = "[No Variations]"
Change component parameters (AddParameter): Name = "Resistance"; Value = "4.7K"; VariantName = "[No Variations]"
Change component parameters (AddParameter): Name = "Tolerance"; Value = "1%"; VariantName = "[No Variations]"
Change component parameters: Designator = "R33" ("R33"); Footprint = "RESC0603"; UniqueID = "\HKTNPMJO\JYEVXYAX\COGNNNRA" ("\HKTNPMJO\JYEVXYAX\COGNNNRA")
Change component parameters (AddParameter): Name = "Case Code"; Value = "0603"; VariantName = "[No Variations]"
Change component parameters (AddParameter): Name = "Distributor"; Value = "JLCPCB"; VariantName = "[No Variations]"
Change component parameters (AddParameter): Name = "Distributor Part Number"; Value = "C23162"; VariantName = "[No Variations]"
Change component parameters (AddParameter): Name = "Manufacturer"; Value = "UNI-ROYAL"; VariantName = "[No Variations]"
Change component parameters (AddParameter): Name = "Part Number"; Value = "0603WAF4701T5E"; VariantName = "[No Variations]"
Change component parameters (AddParameter): Name = "Resistance"; Value = "4.7K"; VariantName = "[No Variations]"
Change component parameters (AddParameter): Name = "Tolerance"; Value = "1%"; VariantName = "[No Variations]"
Change component parameters: Designator = "R37" ("R37"); Footprint = "RESC0603"; UniqueID = "\HKTNPMJO\TREKZMVW" ("\HKTNPMJO\TREKZMVW")
Change component parameters (AddParameter): Name = "Case Code"; Value = "0603"; VariantName = "[No Variations]"
Change component parameters (AddParameter): Name = "Distributor"; Value = "JLCPCB"; VariantName = "[No Variations]"
Change component parameters (AddParameter): Name = "Distributor Part Number"; Value = "C4190"; VariantName = "[No Variations]"
Change component parameters (AddParameter): Name = "Manufacturer"; Value = "UNI-ROYAL"; VariantName = "[No Variations]"
Change component parameters (AddParameter): Name = "Part Number"; Value = "0603WAF2201T5E"; VariantName = "[No Variations]"
Change component parameters (AddParameter): Name = "Resistance"; Value = "2K2"; VariantName = "[No Variations]"
Change component parameters (AddParameter): Name = "Tolerance"; Value = "1%"; VariantName = "[No Variations]"
Change component parameters: Designator = "D4" ("D4"); Footprint = "LEDR_0805"; UniqueID = "\HKTNPMJO\JJCDFDEI" ("\HKTNPMJO\JJCDFDEI")
Change component parameters (AddParameter): Name = "Colour"; Value = "Red"; VariantName = "[No Variations]"
Change component parameters (AddParameter): Name = "Distributor"; Value = "JLCPCB"; VariantName = "[No Variations]"
Change component parameters (AddParameter): Name = "Distributor Part Number"; Value = "C84256"; VariantName = "[No Variations]"
Change component parameters (AddParameter): Name = "Operating Temperature"; Value = "-30?~+85?"; VariantName = "[No Variations]"
Change component parameters (AddParameter): Name = "Part Number"; Value = "NCD0805R1"; VariantName = "[No Variations]"
Change component parameters: Designator = "C6" ("C6"); Footprint = "CAPC0603X040"; UniqueID = "\HKTNPMJO\IKTDSCVB" ("\HKTNPMJO\IKTDSCVB")
Change component parameters (AddParameter): Name = "Capacitance"; Value = "1nF"; VariantName = "[No Variations]"
Change component parameters (AddParameter): Name = "Case Code"; Value = "0603"; VariantName = "[No Variations]"
Change component parameters (AddParameter): Name = "Dielectric"; Value = "X7R"; VariantName = "[No Variations]"
Change component parameters (AddParameter): Name = "Distributor"; Value = "JLCPCB"; VariantName = "[No Variations]"
Change component parameters (AddParameter): Name = "Distributor Part number"; Value = "C1588"; VariantName = "[No Variations]"
Change component parameters (AddParameter): Name = "Part Number"; Value = "CL10B102KB8NNNC"; VariantName = "[No Variations]"
Change component parameters (AddParameter): Name = "Tolerance"; Value = "10%"; VariantName = "[No Variations]"
Change component parameters (AddParameter): Name = "Voltage Rating"; Value = "50V"; VariantName = "[No Variations]"
Change component parameters: Designator = "C9" ("C9"); Footprint = "CAPC0402X020"; UniqueID = "\HKTNPMJO\DFZOYOMX" ("\HKTNPMJO\DFZOYOMX")
Change component parameters (AddParameter): Name = "Capacitance"; Value = "100nF"; VariantName = "[No Variations]"
Change component parameters (AddParameter): Name = "Case Code"; Value = "0402"; VariantName = "[No Variations]"
Change component parameters (AddParameter): Name = "Dielectric"; Value = "X7R"; VariantName = "[No Variations]"
Change component parameters (AddParameter): Name = "Distributor"; Value = "JLCPCB"; VariantName = "[No Variations]"
Change component parameters (AddParameter): Name = "Distributor Part Number"; Value = "C56392"; VariantName = "[No Variations]"
Change component parameters (AddParameter): Name = "Manufacturer"; Value = "FH"; VariantName = "[No Variations]"
Change component parameters (AddParameter): Name = "Part Number"; Value = "0402B104K250NT"; VariantName = "[No Variations]"
Change component parameters (AddParameter): Name = "Tolerance"; Value = "10%"; VariantName = "[No Variations]"
Change component parameters (AddParameter): Name = "Voltage Rating"; Value = "25V"; VariantName = "[No Variations]"
Change component parameters: Designator = "C19" ("C19"); Footprint = "CAPC0402X020"; UniqueID = "\HKTNPMJO\KNOKFEUN" ("\HKTNPMJO\KNOKFEUN")
Change component parameters (AddParameter): Name = "Capacitance"; Value = "100nF"; VariantName = "[No Variations]"
Change component parameters (AddParameter): Name = "Case Code"; Value = "0402"; VariantName = "[No Variations]"
Change component parameters (AddParameter): Name = "Dielectric"; Value = "X7R"; VariantName = "[No Variations]"
Change component parameters (AddParameter): Name = "Distributor"; Value = "JLCPCB"; VariantName = "[No Variations]"
Change component parameters (AddParameter): Name = "Distributor Part Number"; Value = "C56392"; VariantName = "[No Variations]"
Change component parameters (AddParameter): Name = "Manufacturer"; Value = "FH"; VariantName = "[No Variations]"
Change component parameters (AddParameter): Name = "Part Number"; Value = "0402B104K250NT"; VariantName = "[No Variations]"
Change component parameters (AddParameter): Name = "Tolerance"; Value = "10%"; VariantName = "[No Variations]"
Change component parameters (AddParameter): Name = "Voltage Rating"; Value = "25V"; VariantName = "[No Variations]"
Change component parameters: Designator = "C20" ("C20"); Footprint = "CAPC0402X020"; UniqueID = "\HKTNPMJO\OQMYGMKJ" ("\HKTNPMJO\OQMYGMKJ")
Change component parameters (AddParameter): Name = "Capacitance"; Value = "100nF"; VariantName = "[No Variations]"
Change component parameters (AddParameter): Name = "Case Code"; Value = "0402"; VariantName = "[No Variations]"
Change component parameters (AddParameter): Name = "Dielectric"; Value = "X7R"; VariantName = "[No Variations]"
Change component parameters (AddParameter): Name = "Distributor"; Value = "JLCPCB"; VariantName = "[No Variations]"
Change component parameters (AddParameter): Name = "Distributor Part Number"; Value = "C56392"; VariantName = "[No Variations]"
Change component parameters (AddParameter): Name = "Manufacturer"; Value = "FH"; VariantName = "[No Variations]"
Change component parameters (AddParameter): Name = "Part Number"; Value = "0402B104K250NT"; VariantName = "[No Variations]"
Change component parameters (AddParameter): Name = "Tolerance"; Value = "10%"; VariantName = "[No Variations]"
Change component parameters (AddParameter): Name = "Voltage Rating"; Value = "25V"; VariantName = "[No Variations]"
Change component parameters: Designator = "C26" ("C26"); Footprint = "CAPC0402X020"; UniqueID = "\HKTNPMJO\XTRIFSEO" ("\HKTNPMJO\XTRIFSEO")
Change component parameters (AddParameter): Name = "Capacitance"; Value = "100nF"; VariantName = "[No Variations]"
Change component parameters (AddParameter): Name = "Case Code"; Value = "0402"; VariantName = "[No Variations]"
Change component parameters (AddParameter): Name = "Dielectric"; Value = "X7R"; VariantName = "[No Variations]"
Change component parameters (AddParameter): Name = "Distributor"; Value = "JLCPCB"; VariantName = "[No Variations]"
Change component parameters (AddParameter): Name = "Distributor Part Number"; Value = "C56392"; VariantName = "[No Variations]"
Change component parameters (AddParameter): Name = "Manufacturer"; Value = "FH"; VariantName = "[No Variations]"
Change component parameters (AddParameter): Name = "Part Number"; Value = "0402B104K250NT"; VariantName = "[No Variations]"
Change component parameters (AddParameter): Name = "Tolerance"; Value = "10%"; VariantName = "[No Variations]"
Change component parameters (AddParameter): Name = "Voltage Rating"; Value = "25V"; VariantName = "[No Variations]"
Change component parameters: Designator = "C27" ("C27"); Footprint = "CAPC0402X020"; UniqueID = "\HKTNPMJO\REDMRTEK" ("\HKTNPMJO\REDMRTEK")
Change component parameters (AddParameter): Name = "Capacitance"; Value = "100nF"; VariantName = "[No Variations]"
Change component parameters (AddParameter): Name = "Case Code"; Value = "0402"; VariantName = "[No Variations]"
Change component parameters (AddParameter): Name = "Dielectric"; Value = "X7R"; VariantName = "[No Variations]"
Change component parameters (AddParameter): Name = "Distributor"; Value = "JLCPCB"; VariantName = "[No Variations]"
Change component parameters (AddParameter): Name = "Distributor Part Number"; Value = "C56392"; VariantName = "[No Variations]"
Change component parameters (AddParameter): Name = "Manufacturer"; Value = "FH"; VariantName = "[No Variations]"
Change component parameters (AddParameter): Name = "Part Number"; Value = "0402B104K250NT"; VariantName = "[No Variations]"
Change component parameters (AddParameter): Name = "Tolerance"; Value = "10%"; VariantName = "[No Variations]"
Change component parameters (AddParameter): Name = "Voltage Rating"; Value = "25V"; VariantName = "[No Variations]"
Change component parameters: Designator = "C2" ("C2"); Footprint = "CAPC0805X060"; UniqueID = "\HKTNPMJO\JYEVXYAX\NUHBVLMZ" ("\HKTNPMJO\JYEVXYAX\NUHBVLMZ")
Change component parameters (AddParameter): Name = "Capacitance"; Value = "4.7nF"; VariantName = "[No Variations]"
Change component parameters (AddParameter): Name = "Case Code"; Value = "0805"; VariantName = "[No Variations]"
Change component parameters (AddParameter): Name = "Dielectric"; Value = "X7R"; VariantName = "[No Variations]"
Change component parameters (AddParameter): Name = "Distributor"; Value = "JLCPCB"; VariantName = "[No Variations]"
Change component parameters (AddParameter): Name = "Distributor Part Number"; Value = "C1744"; VariantName = "[No Variations]"
Change component parameters (AddParameter): Name = "Manufacturer"; Value = "FH"; VariantName = "[No Variations]"
Change component parameters (AddParameter): Name = "Part Number"; Value = "0805B472K500NT"; VariantName = "[No Variations]"
Change component parameters (AddParameter): Name = "Tolerance"; Value = "10%"; VariantName = "[No Variations]"
Change component parameters (AddParameter): Name = "Voltage Rating"; Value = "50V"; VariantName = "[No Variations]"
