Removed Pin From Net: NetName=VUMB Pin=4-1
Removed Pin From Net: NetName=VUMB Pin=4-2
Removed Pin From Net: NetName=VUMB Pin=4-3
Removed Pin From Net: NetName=GND Pin=4-4
Removed Pin From Net: NetName=GND Pin=4-5
Removed Pin From Net: NetName=GND Pin=4-6
Removed Member From Class: ClassName=Power_Path Member=4
Add Component: Footprint Not Found SOD-523
Added Component: Designator=J4(0532610671)
Add component (AddParameter): Name = "Contact Current (Max)"; Value = "1A"; VariantName = "[No Variations]"
Add component (AddParameter): Name = "Distributor"; Value = "Digikey"; VariantName = "[No Variations]"
Add component (AddParameter): Name = "Distributor Part Number"; Value = "WM7624CT-ND"; VariantName = "[No Variations]"
Add component (AddParameter): Name = "Material Flammability Rating"; Value = "UL94 V-0"; VariantName = "[No Variations]"
Add component (AddParameter): Name = "Number of Positions"; Value = "6"; VariantName = "[No Variations]"
Add component (AddParameter): Name = "Part Number"; Value = "0532610671"; VariantName = "[No Variations]"
Add Pin To Net: Unknown Pin: Pin D1-A
Add Pin To Net: Unknown Pin: Pin D1-K
Added Pin To Net: NetName=VUMB Pin=J4-1
Added Pin To Net: NetName=VUMB Pin=J4-2
Added Pin To Net: NetName=VUMB Pin=J4-3
Added Pin To Net: NetName=GND Pin=J4-4
Added Pin To Net: NetName=GND Pin=J4-5
Added Pin To Net: NetName=GND Pin=J4-6
Add Class Member: Failed to add class member : Component D1 BZT52C12T-7
Added Member To Class: ClassName=Power_Path Member=Component J4 0532610671
Added Room: Name=Power_Path
Added Room: Name=Seperation_Switches
