Removed Pin From Net: NetName=NetC6_1 Pin=Q5-1
Removed Pin From Net: NetName=VPANEL Pin=Q5-2
Removed Pin From Net: NetName=VPANEL Pin=Q5-2
Removed Pin From Net: NetName=VPANEL Pin=Q5-2
Removed Pin From Net: NetName=VPANEL Pin=Q5-2
Removed Pin From Net: NetName=VPANEL Pin=Q5-2
Removed Pin From Net: NetName=NetC6_2 Pin=Q5-3
Removed Pin From Net: NetName=NetC6_2 Pin=Q5-3
Removed Pin From Net: NetName=NetC6_2 Pin=Q5-3
Change Component Footprint: Designator=Q5 Old Footprint=CSD18511Q5A New Footprint=PG-TDSON-8-5
Change Component Comment : Designator=Q5 Old Comment=CSD18511Q5A New Comment=BSC026N08NS5
Change Component Comment : Designator=R11 Old Comment=RMCF0805FT9K31 New Comment=RTT059311FTP
Change Component Comment : Designator=R12 Old Comment=RMCF0805FT332K New Comment=0805W8F3303T5E
Change component parameters: Designator = "Q1" ("Q1"); Footprint = "PG-TDSON-8-5"; UniqueID = "\HKTNPMJO\NQFMJMPW\BBRDQMKG" ("\HKTNPMJO\NQFMJMPW\BBRDQMKG")
Change component parameters (AddParameter): Name = "Distributor"; Value = "JLCPCB"; VariantName = "[No Variations]"
Change component parameters (AddParameter): Name = "Distributor Part Number"; Value = "C5955453"; VariantName = "[No Variations]"
Change component parameters (AddParameter): Name = "Drive Voltage"; Value = "6V~10V"; VariantName = "[No Variations]"
Change component parameters (AddParameter): Name = "Id"; Value = "23"; VariantName = "[No Variations]"
Change component parameters (AddParameter): Name = "Manufacturer Part Number"; Value = "BSC026N08NS5"; VariantName = "[No Variations]"
Change component parameters (AddParameter): Name = "Operating Temperature"; Value = "-55°C ~ 150°C (TJ)"; VariantName = "[No Variations]"
Change component parameters (AddParameter): Name = "Power Dissipation"; Value = "3.1W"; VariantName = "[No Variations]"
Change component parameters (AddParameter): Name = "Power Dissipation (Max)"; Value = "2.5W (Ta), 156W (Tc)"; VariantName = "[No Variations]"
Change component parameters (AddParameter): Name = "Qg"; Value = "92nC@10V"; VariantName = "[No Variations]"
Change component parameters (AddParameter): Name = "Rds On (Max) @ Id, Vgs"; Value = "2.6mOhm @ 50A, 10V"; VariantName = "[No Variations]"
Change component parameters (AddParameter): Name = "Vds (Max)"; Value = "4"; VariantName = "[No Variations]"
Change component parameters (AddParameter): Name = "Vgs (Max)"; Value = "20"; VariantName = "[No Variations]"
Change component parameters (AddParameter): Name = "Vth"; Value = "3.8V"; VariantName = "[No Variations]"
Change component parameters: Designator = "Q4" ("Q4"); Footprint = "PG-TDSON-8-5"; UniqueID = "\HKTNPMJO\MOVOTUHY" ("\HKTNPMJO\MOVOTUHY")
Change component parameters (AddParameter): Name = "Distributor"; Value = "JLCPCB"; VariantName = "[No Variations]"
Change component parameters (AddParameter): Name = "Distributor Part Number"; Value = "C5955453"; VariantName = "[No Variations]"
Change component parameters (AddParameter): Name = "Drive Voltage"; Value = "6V~10V"; VariantName = "[No Variations]"
Change component parameters (AddParameter): Name = "Id"; Value = "23"; VariantName = "[No Variations]"
Change component parameters (AddParameter): Name = "Manufacturer Part Number"; Value = "BSC026N08NS5"; VariantName = "[No Variations]"
Change component parameters (AddParameter): Name = "Operating Temperature"; Value = "-55°C ~ 150°C (TJ)"; VariantName = "[No Variations]"
Change component parameters (AddParameter): Name = "Power Dissipation"; Value = "3.1W"; VariantName = "[No Variations]"
Change component parameters (AddParameter): Name = "Power Dissipation (Max)"; Value = "2.5W (Ta), 156W (Tc)"; VariantName = "[No Variations]"
Change component parameters (AddParameter): Name = "Qg"; Value = "92nC@10V"; VariantName = "[No Variations]"
Change component parameters (AddParameter): Name = "Rds On (Max) @ Id, Vgs"; Value = "2.6mOhm @ 50A, 10V"; VariantName = "[No Variations]"
Change component parameters (AddParameter): Name = "Vds (Max)"; Value = "4"; VariantName = "[No Variations]"
Change component parameters (AddParameter): Name = "Vgs (Max)"; Value = "20"; VariantName = "[No Variations]"
Change component parameters (AddParameter): Name = "Vth"; Value = "3.8V"; VariantName = "[No Variations]"
Change component parameters: Designator = "Q6" ("Q6"); Footprint = "PG-TDSON-8-5"; UniqueID = "\HKTNPMJO\NQFMJMPW\AZLARAUQ" ("\HKTNPMJO\NQFMJMPW\AZLARAUQ")
Change component parameters (AddParameter): Name = "Distributor"; Value = "JLCPCB"; VariantName = "[No Variations]"
Change component parameters (AddParameter): Name = "Distributor Part Number"; Value = "C5955453"; VariantName = "[No Variations]"
Change component parameters (AddParameter): Name = "Drive Voltage"; Value = "6V~10V"; VariantName = "[No Variations]"
Change component parameters (AddParameter): Name = "Id"; Value = "23"; VariantName = "[No Variations]"
Change component parameters (AddParameter): Name = "Manufacturer Part Number"; Value = "BSC026N08NS5"; VariantName = "[No Variations]"
Change component parameters (AddParameter): Name = "Operating Temperature"; Value = "-55°C ~ 150°C (TJ)"; VariantName = "[No Variations]"
Change component parameters (AddParameter): Name = "Power Dissipation"; Value = "3.1W"; VariantName = "[No Variations]"
Change component parameters (AddParameter): Name = "Power Dissipation (Max)"; Value = "2.5W (Ta), 156W (Tc)"; VariantName = "[No Variations]"
Change component parameters (AddParameter): Name = "Qg"; Value = "92nC@10V"; VariantName = "[No Variations]"
Change component parameters (AddParameter): Name = "Rds On (Max) @ Id, Vgs"; Value = "2.6mOhm @ 50A, 10V"; VariantName = "[No Variations]"
Change component parameters (AddParameter): Name = "Vds (Max)"; Value = "4"; VariantName = "[No Variations]"
Change component parameters (AddParameter): Name = "Vgs (Max)"; Value = "20"; VariantName = "[No Variations]"
Change component parameters (AddParameter): Name = "Vth"; Value = "3.8V"; VariantName = "[No Variations]"
Change component parameters: Designator = "U1" ("U1"); Footprint = "BQ25792RQMR"; UniqueID = "\HKTNPMJO\SUATWJWB" ("\HKTNPMJO\SUATWJWB")
Change component parameters (AddParameter): Name = "Battery Pack Voltage (Max)"; Value = "18.8V"; VariantName = "[No Variations]"
Change component parameters (AddParameter): Name = "Charge Current - Max"; Value = "5A"; VariantName = "[No Variations]"
Change component parameters (AddParameter): Name = "Distributor"; Value = "JLCPCB"; VariantName = "[No Variations]"
Change component parameters (AddParameter): Name = "Distributor Part Number"; Value = "C2862876"; VariantName = "[No Variations]"
Change component parameters (AddParameter): Name = "Number of Cells"; Value = "1 ~ 4"; VariantName = "[No Variations]"
Change component parameters (AddParameter): Name = "Operating Temperature"; Value = "-40°C ~ 85°C"; VariantName = "[No Variations]"
Change component parameters (AddParameter): Name = "Part Number"; Value = "BQ25792RQMR"; VariantName = "[No Variations]"
Change component parameters (AddParameter): Name = "Voltage - Supply (Max)"; Value = "24V"; VariantName = "[No Variations]"
Change component parameters: Designator = "R11" ("R11"); Footprint = "RESC0805"; UniqueID = "\HKTNPMJO\SEEKTBCQ" ("\HKTNPMJO\SEEKTBCQ")
Change component parameters (AddParameter): Name = "Case Code"; Value = "0805"; VariantName = "[No Variations]"
Change component parameters (AddParameter): Name = "Distributor"; Value = "JLCPCB"; VariantName = "[No Variations]"
Change component parameters (AddParameter): Name = "Distributor Part Number"; Value = "C158169"; VariantName = "[No Variations]"
Change component parameters (AddParameter): Name = "Manufacturer"; Value = "RALEC"; VariantName = "[No Variations]"
Change component parameters (AddParameter): Name = "Part Number"; Value = "RTT059311FTP"; VariantName = "[No Variations]"
Change component parameters (AddParameter): Name = "Resistance"; Value = "9K31"; VariantName = "[No Variations]"
Change component parameters (AddParameter): Name = "Tolerance"; Value = "1%"; VariantName = "[No Variations]"
Change component parameters: Designator = "R12" ("R12"); Footprint = "RESC0805"; UniqueID = "\HKTNPMJO\OIRPBTDK" ("\HKTNPMJO\OIRPBTDK")
Change component parameters (AddParameter): Name = "Case Code"; Value = "0805"; VariantName = "[No Variations]"
Change component parameters (AddParameter): Name = "Distributor"; Value = "JLCPCB"; VariantName = "[No Variations]"
Change component parameters (AddParameter): Name = "Distributor Part Number"; Value = "C17629"; VariantName = "[No Variations]"
Change component parameters (AddParameter): Name = "Manufacturer"; Value = "UNI-ROYAL"; VariantName = "[No Variations]"
Change component parameters (AddParameter): Name = "Part Number"; Value = "0805W8F3303T5E"; VariantName = "[No Variations]"
Change component parameters (AddParameter): Name = "Resistance"; Value = "330K"; VariantName = "[No Variations]"
Change component parameters (AddParameter): Name = "Tolerance"; Value = "1%"; VariantName = "[No Variations]"
Change component parameters: Designator = "Q5" ("Q5"); Footprint = "CSD18511Q5A"; UniqueID = "\HKTNPMJO\YLAMTYBQ" ("\HKTNPMJO\YLAMTYBQ")
Change component parameters (AddParameter): Name = "Distributor"; Value = "JLCPCB"; VariantName = "[No Variations]"
Change component parameters (AddParameter): Name = "Distributor Part Number"; Value = "C5955453"; VariantName = "[No Variations]"
Change component parameters (AddParameter): Name = "Drive Voltage"; Value = "6V~10V"; VariantName = "[No Variations]"
Change component parameters (AddParameter): Name = "Id"; Value = "23"; VariantName = "[No Variations]"
Change component parameters (AddParameter): Name = "Manufacturer Part Number"; Value = "BSC026N08NS5"; VariantName = "[No Variations]"
Change component parameters (AddParameter): Name = "Operating Temperature"; Value = "-55°C ~ 150°C (TJ)"; VariantName = "[No Variations]"
Change component parameters (AddParameter): Name = "Power Dissipation"; Value = "3.1W"; VariantName = "[No Variations]"
Change component parameters (AddParameter): Name = "Power Dissipation (Max)"; Value = "2.5W (Ta), 156W (Tc)"; VariantName = "[No Variations]"
Change component parameters (AddParameter): Name = "Qg"; Value = "92nC@10V"; VariantName = "[No Variations]"
Change component parameters (AddParameter): Name = "Rds On (Max) @ Id, Vgs"; Value = "2.6mOhm @ 50A, 10V"; VariantName = "[No Variations]"
Change component parameters (AddParameter): Name = "Vds (Max)"; Value = "4"; VariantName = "[No Variations]"
Change component parameters (AddParameter): Name = "Vgs (Max)"; Value = "20"; VariantName = "[No Variations]"
Change component parameters (AddParameter): Name = "Vth"; Value = "3.8V"; VariantName = "[No Variations]"
Added Pin To Net: NetName=VPANEL Pin=Q5-D
Added Pin To Net: NetName=NetC6_1 Pin=Q5-G
Added Pin To Net: NetName=NetC6_2 Pin=Q5-S
Added Pin To Net: NetName=NetC6_2 Pin=Q5-S
Added Pin To Net: NetName=NetC6_2 Pin=Q5-S
