Removed Pin From Net: NetName=NetC60_1 Pin=R19-1
Removed Pin From Net: NetName=+5V Pin=R19-2
Removed Pin From Net: NetName=+5V Pin=R?-2
Removed Member From Class: ClassName=Controller Member=C67
Removed Member From Class: ClassName=Controller Member=C68
Removed Member From Class: ClassName=3V3_Supply Member=C72
Removed Member From Class: ClassName=3V3_Supply Member=C73
Removed Member From Class: ClassName=3V3_Supply Member=C74
Removed Member From Class: ClassName=5V_Supply Member=R19
Removed Member From Class: ClassName=3V3_Supply Member=R35
Removed Member From Class: ClassName=3V3_Supply Member=R36
Removed Member From Class: ClassName=3V3_Supply Member=R37
Removed Member From Class: ClassName=Controller Member=U13
Removed Member From Class: ClassName=3V3_Supply Member=U18
Change Component Designator: OldDesignator=C6 NewDesignator=C8
Change Component Designator: OldDesignator=C7 NewDesignator=C9
Change Component Designator: OldDesignator=C8 NewDesignator=C10
Change Component Designator: OldDesignator=C9 NewDesignator=C11
Change Component Designator: OldDesignator=C10 NewDesignator=C12
Change Component Designator: OldDesignator=C11 NewDesignator=C15
Change Component Designator: OldDesignator=C12 NewDesignator=C14
Change Component Designator: OldDesignator=C14 NewDesignator=C16
Change Component Designator: OldDesignator=C15 NewDesignator=C17
Change Component Designator: OldDesignator=C16 NewDesignator=C18
Change Component Designator: OldDesignator=C17 NewDesignator=C19
Change Component Designator: OldDesignator=C18 NewDesignator=C20
Change Component Designator: OldDesignator=C19 NewDesignator=C21
Change Component Designator: OldDesignator=C20 NewDesignator=C22
Change Component Designator: OldDesignator=C21 NewDesignator=C23
Change Component Designator: OldDesignator=C22 NewDesignator=C26
Change Component Designator: OldDesignator=C23 NewDesignator=C27
Change Component Designator: OldDesignator=C24 NewDesignator=C28
Change Component Designator: OldDesignator=C25 NewDesignator=C29
Change Component Designator: OldDesignator=C26 NewDesignator=C30
Change Component Designator: OldDesignator=C27 NewDesignator=C31
Change Component Designator: OldDesignator=C28 NewDesignator=C32
Change Component Designator: OldDesignator=C29 NewDesignator=C34
Change Component Designator: OldDesignator=C30 NewDesignator=C35
Change Component Designator: OldDesignator=C31 NewDesignator=C36
Change Component Designator: OldDesignator=C32 NewDesignator=C37
Change Component Designator: OldDesignator=C33 NewDesignator=C41
Change Component Designator: OldDesignator=C34 NewDesignator=C40
Change Component Designator: OldDesignator=C35 NewDesignator=C39
Change Component Designator: OldDesignator=C36 NewDesignator=C38
Change Component Designator: OldDesignator=C37 NewDesignator=C55
Change Component Designator: OldDesignator=C38 NewDesignator=C56
Change Component Designator: OldDesignator=C39 NewDesignator=C59
Change Component Designator: OldDesignator=C40 NewDesignator=C60
Change Component Designator: OldDesignator=C41 NewDesignator=C61
Change Component Designator: OldDesignator=C42 NewDesignator=C62
Change Component Designator: OldDesignator=C43 NewDesignator=C63
Change Component Designator: OldDesignator=C44 NewDesignator=C64
Change Component Designator: OldDesignator=C45 NewDesignator=C66
Change Component Designator: OldDesignator=C46 NewDesignator=C67
Change Component Designator: OldDesignator=C47 NewDesignator=C69
Change Component Designator: OldDesignator=C48 NewDesignator=C68
Change Component Designator: OldDesignator=C49 NewDesignator=C71
Change Component Designator: OldDesignator=C50 NewDesignator=C70
Change Component Designator: OldDesignator=C51 NewDesignator=C76
Change Component Designator: OldDesignator=C52 NewDesignator=C77
Change Component Designator: OldDesignator=C53 NewDesignator=C78
Change Component Designator: OldDesignator=C54 NewDesignator=C79
Change Component Designator: OldDesignator=C55 NewDesignator=C80
Change Component Designator: OldDesignator=C56 NewDesignator=C81
Change Component Designator: OldDesignator=C57 NewDesignator=C82
Change Component Designator: OldDesignator=C58 NewDesignator=C84
Change Component Designator: OldDesignator=C59 NewDesignator=C85
Change Component Designator: OldDesignator=C60 NewDesignator=C86
Change Component Designator: OldDesignator=C61 NewDesignator=C88
Change Component Designator: OldDesignator=C62 NewDesignator=C87
Change Component Designator: OldDesignator=C63 NewDesignator=C72
Change Component Designator: OldDesignator=C64 NewDesignator=C73
Change Component Designator: OldDesignator=C65 NewDesignator=C43
Change Component Designator: OldDesignator=C66 NewDesignator=C42
Change Component Designator: OldDesignator=C67 NewDesignator=C6
Change Component Designator: OldDesignator=C68 NewDesignator=C7
Change Component Designator: OldDesignator=C69 NewDesignator=C58
Change Component Designator: OldDesignator=C70 NewDesignator=C57
Change Component Designator: OldDesignator=C71 NewDesignator=C65
Change Component Designator: OldDesignator=C72 NewDesignator=C25
Change Component Designator: OldDesignator=C73 NewDesignator=C24
Change Component Designator: OldDesignator=C74 NewDesignator=C33
Change Component Designator: OldDesignator=C75 NewDesignator=C74
Change Component Designator: OldDesignator=C? NewDesignator=C75
Change Component Designator: OldDesignator=D4 NewDesignator=D3
Change Component Designator: OldDesignator=L3 NewDesignator=L4
Change Component Designator: OldDesignator=L4 NewDesignator=L5
Change Component Designator: OldDesignator=R1 NewDesignator=R2
Change Component Designator: OldDesignator=R2 NewDesignator=R1
Change Component Designator: OldDesignator=R8 NewDesignator=R9
Change Component Designator: OldDesignator=R9 NewDesignator=R8
Change Component Designator: OldDesignator=R11 NewDesignator=R15
Change Component Designator: OldDesignator=R12 NewDesignator=R19
Change Component Designator: OldDesignator=R13 NewDesignator=R18
Change Component Designator: OldDesignator=R14 NewDesignator=R31
Change Component Designator: OldDesignator=R15 NewDesignator=R35
Change Component Designator: OldDesignator=R16 NewDesignator=R34
Change Component Designator: OldDesignator=R17 NewDesignator=R44
Change Component Designator: OldDesignator=R18 NewDesignator=R48
Change Component Designator: OldDesignator=R20 NewDesignator=R36
Change Component Designator: OldDesignator=R21 NewDesignator=R38
Change Component Designator: OldDesignator=R22 NewDesignator=R37
Change Component Designator: OldDesignator=R23 NewDesignator=R39
Change Component Designator: OldDesignator=R24 NewDesignator=R21
Change Component Designator: OldDesignator=R25 NewDesignator=R20
Change Component Designator: OldDesignator=R26 NewDesignator=R23
Change Component Designator: OldDesignator=R27 NewDesignator=R22
Change Component Designator: OldDesignator=R28 NewDesignator=R30
Change Component Designator: OldDesignator=R30 NewDesignator=R28
Change Component Designator: OldDesignator=R31 NewDesignator=R27
Change Component Designator: OldDesignator=R32 NewDesignator=R33
Change Component Designator: OldDesignator=R33 NewDesignator=R32
Change Component Designator: OldDesignator=R34 NewDesignator=R14
Change Component Designator: OldDesignator=R35 NewDesignator=R13
Change Component Designator: OldDesignator=R36 NewDesignator=R12
Change Component Designator: OldDesignator=R37 NewDesignator=R11
Change Component Designator: OldDesignator=R38 NewDesignator=R17
Change Component Designator: OldDesignator=R39 NewDesignator=R16
Change Component Designator: OldDesignator=R? NewDesignator=R42
Change Component Designator: OldDesignator=R? NewDesignator=R43
Change Component Designator: OldDesignator=U2 NewDesignator=U3
Change Component Designator: OldDesignator=U3 NewDesignator=U4
Change Component Designator: OldDesignator=U4 NewDesignator=U5
Change Component Designator: OldDesignator=U5 NewDesignator=U10
Change Component Designator: OldDesignator=U6 NewDesignator=U9
Change Component Designator: OldDesignator=U7 NewDesignator=U12
Change Component Designator: OldDesignator=U8 NewDesignator=U17
Change Component Designator: OldDesignator=U9 NewDesignator=U16
Change Component Designator: OldDesignator=U10 NewDesignator=U18
Change Component Designator: OldDesignator=U11 NewDesignator=U23
Change Component Designator: OldDesignator=U12 NewDesignator=U22
Change Component Designator: OldDesignator=U13 NewDesignator=U2
Change Component Designator: OldDesignator=U14 NewDesignator=U13
Change Component Designator: OldDesignator=U15 NewDesignator=U14
Change Component Designator: OldDesignator=U16 NewDesignator=U15
Change Component Designator: OldDesignator=U17 NewDesignator=U7
Change Component Designator: OldDesignator=U18 NewDesignator=U6
Change Component Designator: OldDesignator=U19 NewDesignator=U8
Change Component Designator: OldDesignator=U20 NewDesignator=U19
Change Component Designator: OldDesignator=U? NewDesignator=U20
Added Component: Designator=C44(CAPC1210X090)
Add component (AddParameter): Name = "Capacitance"; Value = "10uF"; VariantName = "[No Variations]"
Add component (AddParameter): Name = "Case Code"; Value = "1210"; VariantName = "[No Variations]"
Add component (AddParameter): Name = "Distributor"; Value = "Digikey"; VariantName = "[No Variations]"
Add component (AddParameter): Name = "Distributor Part Number"; Value = "1276-3387-1-ND"; VariantName = "[No Variations]"
Add component (AddParameter): Name = "Manufacturer Part Number"; Value = "CL32B106KBJNNNE"; VariantName = "[No Variations]"
Add component (AddParameter): Name = "Tolerance"; Value = "10%"; VariantName = "[No Variations]"
Add component (AddParameter): Name = "Voltage Rating"; Value = "50V"; VariantName = "[No Variations]"
Added Component: Designator=C45(CAPC1210X090)
Add component (AddParameter): Name = "Capacitance"; Value = "10uF"; VariantName = "[No Variations]"
Add component (AddParameter): Name = "Case Code"; Value = "1210"; VariantName = "[No Variations]"
Add component (AddParameter): Name = "Distributor"; Value = "Digikey"; VariantName = "[No Variations]"
Add component (AddParameter): Name = "Distributor Part Number"; Value = "1276-3387-1-ND"; VariantName = "[No Variations]"
Add component (AddParameter): Name = "Manufacturer Part Number"; Value = "CL32B106KBJNNNE"; VariantName = "[No Variations]"
Add component (AddParameter): Name = "Tolerance"; Value = "10%"; VariantName = "[No Variations]"
Add component (AddParameter): Name = "Voltage Rating"; Value = "50V"; VariantName = "[No Variations]"
Added Component: Designator=C46(CAPC0402X020)
Add component (AddParameter): Name = "Capacitance"; Value = "0.1uF"; VariantName = "[No Variations]"
Add component (AddParameter): Name = "Case Code"; Value = "0402"; VariantName = "[No Variations]"
Add component (AddParameter): Name = "Distributor"; Value = "Digikey"; VariantName = "[No Variations]"
Add component (AddParameter): Name = "Distributor Part Number"; Value = "1276-CL05B104KB5NNNCCT-ND"; VariantName = "[No Variations]"
Add component (AddParameter): Name = "Part Number"; Value = "CL05B104KB5NNNC"; VariantName = "[No Variations]"
Add component (AddParameter): Name = "Tolerance"; Value = "10%"; VariantName = "[No Variations]"
Add component (AddParameter): Name = "Voltage Rating"; Value = "50V"; VariantName = "[No Variations]"
Added Component: Designator=C47(CAPC0805X060)
Add component (AddParameter): Name = "Capacitance"; Value = "10nF"; VariantName = "[No Variations]"
Add component (AddParameter): Name = "Case Code"; Value = "0805"; VariantName = "[No Variations]"
Add component (AddParameter): Name = "Distributor"; Value = "Digikey"; VariantName = "[No Variations]"
Add component (AddParameter): Name = "Distributor Part Number"; Value = "1276-1015-1-ND"; VariantName = "[No Variations]"
Add component (AddParameter): Name = "Part Number"; Value = "CL21B103KBANNNC"; VariantName = "[No Variations]"
Add component (AddParameter): Name = "Tolerance"; Value = "10%"; VariantName = "[No Variations]"
Add component (AddParameter): Name = "Voltage Rating"; Value = "25V"; VariantName = "[No Variations]"
Added Component: Designator=C48(CAPC0603X040)
Add component (AddParameter): Name = "Capacitance"; Value = "100nF"; VariantName = "[No Variations]"
Add component (AddParameter): Name = "Case Code"; Value = "0603"; VariantName = "[No Variations]"
Add component (AddParameter): Name = "Distributor"; Value = "Digikey"; VariantName = "[No Variations]"
Add component (AddParameter): Name = "Distributor Part Number"; Value = "399-C0603C104K5RACTUCT-ND"; VariantName = "[No Variations]"
Add component (AddParameter): Name = "Manufacturer Part Number"; Value = "C0603C104K5RACTU"; VariantName = "[No Variations]"
Add component (AddParameter): Name = "Tolerance"; Value = "10%"; VariantName = "[No Variations]"
Add component (AddParameter): Name = "Voltage Rating"; Value = "50V"; VariantName = "[No Variations]"
Added Component: Designator=C49(2312 Tantalum)
Add component (AddParameter): Name = "Capacitance"; Value = "100uF"; VariantName = "[No Variations]"
Add component (AddParameter): Name = "Distributor"; Value = "Digikey"; VariantName = "[No Variations]"
Add component (AddParameter): Name = "Distributor Part Number"; Value = "478-1765-1-ND"; VariantName = "[No Variations]"
Add component (AddParameter): Name = "ESR"; Value = "100mOhm"; VariantName = "[No Variations]"
Add component (AddParameter): Name = "Operating Temperature"; Value = "-55°C ~ 125°C"; VariantName = "[No Variations]"
Add component (AddParameter): Name = "Part Number"; Value = "TPSC107K010R0100"; VariantName = "[No Variations]"
Add component (AddParameter): Name = "Voltage Rating"; Value = "10V"; VariantName = "[No Variations]"
Added Component: Designator=C51(CAPC0805X060)
Add component (AddParameter): Name = "Capacitance"; Value = "22uF"; VariantName = "[No Variations]"
Add component (AddParameter): Name = "Case Code"; Value = "0805"; VariantName = "[No Variations]"
Add component (AddParameter): Name = "Distributor"; Value = "Digikey"; VariantName = "[No Variations]"
Add component (AddParameter): Name = "Distributor Part Number"; Value = "1276-CL21A226MAYNNNECT-ND"; VariantName = "[No Variations]"
Add component (AddParameter): Name = "Part Number"; Value = "CL21A226MAYNNNE"; VariantName = "[No Variations]"
Add component (AddParameter): Name = "Tolerance"; Value = "10%"; VariantName = "[No Variations]"
Add component (AddParameter): Name = "Voltage Rating"; Value = "25V"; VariantName = "[No Variations]"
Added Component: Designator=C52(CAPC0805X060)
Add component (AddParameter): Name = "Capacitance"; Value = "22uF"; VariantName = "[No Variations]"
Add component (AddParameter): Name = "Case Code"; Value = "0805"; VariantName = "[No Variations]"
Add component (AddParameter): Name = "Distributor"; Value = "Digikey"; VariantName = "[No Variations]"
Add component (AddParameter): Name = "Distributor Part Number"; Value = "1276-CL21A226MAYNNNECT-ND"; VariantName = "[No Variations]"
Add component (AddParameter): Name = "Part Number"; Value = "CL21A226MAYNNNE"; VariantName = "[No Variations]"
Add component (AddParameter): Name = "Tolerance"; Value = "10%"; VariantName = "[No Variations]"
Add component (AddParameter): Name = "Voltage Rating"; Value = "25V"; VariantName = "[No Variations]"
Added Component: Designator=C53(CAPC0603X040)
Add component (AddParameter): Name = "Capacitance"; Value = "100nF"; VariantName = "[No Variations]"
Add component (AddParameter): Name = "Case Code"; Value = "0603"; VariantName = "[No Variations]"
Add component (AddParameter): Name = "Distributor"; Value = "Digikey"; VariantName = "[No Variations]"
Add component (AddParameter): Name = "Distributor Part Number"; Value = "399-C0603C104K5RACTUCT-ND"; VariantName = "[No Variations]"
Add component (AddParameter): Name = "Part Number"; Value = "C0603C104K5RACTU"; VariantName = "[No Variations]"
Add component (AddParameter): Name = "Tolerance"; Value = "10%"; VariantName = "[No Variations]"
Add component (AddParameter): Name = "Voltage Rating"; Value = "50V"; VariantName = "[No Variations]"
Added Component: Designator=C54(CAPC0603X040)
Add component (AddParameter): Name = "Capacitance"; Value = "10pF"; VariantName = "[No Variations]"
Add component (AddParameter): Name = "Case Code"; Value = "0603"; VariantName = "[No Variations]"
Add component (AddParameter): Name = "Distributor"; Value = "Digikey"; VariantName = "[No Variations]"
Add component (AddParameter): Name = "Distributor Part Number"; Value = "399-C0603C100J5GACTUCT-ND"; VariantName = "[No Variations]"
Add component (AddParameter): Name = "Part Number"; Value = "C0603C100J5GACTU"; VariantName = "[No Variations]"
Add component (AddParameter): Name = "Tolerance"; Value = "10%"; VariantName = "[No Variations]"
Add component (AddParameter): Name = "Voltage Rating"; Value = "50V"; VariantName = "[No Variations]"
Added Component: Designator=C83(CAPC0805X060)
Add component (AddParameter): Name = "Capacitance"; Value = "0.1uF"; VariantName = "[No Variations]"
Add component (AddParameter): Name = "Case Code"; Value = "0805"; VariantName = "[No Variations]"
Add component (AddParameter): Name = "Distributor"; Value = "Digikey"; VariantName = "[No Variations]"
Add component (AddParameter): Name = "Distributor Part Number"; Value = "1276-1099-1-ND"; VariantName = "[No Variations]"
Add component (AddParameter): Name = "Part Number"; Value = "CL21B104KACNNNC"; VariantName = "[No Variations]"
Add component (AddParameter): Name = "Tolerance"; Value = "10%"; VariantName = "[No Variations]"
Add component (AddParameter): Name = "Voltage Rating"; Value = "25V"; VariantName = "[No Variations]"
Added Component: Designator=C89(CAPC0603X040)
Add component (AddParameter): Name = "Capacitance"; Value = "100nF"; VariantName = "[No Variations]"
Add component (AddParameter): Name = "Case Code"; Value = "0603"; VariantName = "[No Variations]"
Add component (AddParameter): Name = "Distributor"; Value = "Digikey"; VariantName = "[No Variations]"
Add component (AddParameter): Name = "Distributor Part Number"; Value = "399-C0603C104K5RACTUCT-ND"; VariantName = "[No Variations]"
Add component (AddParameter): Name = "Part Number"; Value = "C0603C104K5RACTU"; VariantName = "[No Variations]"
Add component (AddParameter): Name = "Tolerance"; Value = "10%"; VariantName = "[No Variations]"
Add component (AddParameter): Name = "Voltage Rating"; Value = "50V"; VariantName = "[No Variations]"
Added Component: Designator=L3(SRR1280-100M)
Add component (AddParameter): Name = "Current - Saturation"; Value = "6.3A"; VariantName = "[No Variations]"
Add component (AddParameter): Name = "Current Rating"; Value = "6A"; VariantName = "[No Variations]"
Add component (AddParameter): Name = "DC Resistance"; Value = "19.5mOhm"; VariantName = "[No Variations]"
Add component (AddParameter): Name = "Distributor"; Value = "Digikey"; VariantName = "[No Variations]"
Add component (AddParameter): Name = "Distributor Part Number"; Value = "SRR1280-100MCT-ND"; VariantName = "[No Variations]"
Add component (AddParameter): Name = "Inductance"; Value = "10uH"; VariantName = "[No Variations]"
Add component (AddParameter): Name = "Operating Temperature"; Value = "-40°C ~ 125°C"; VariantName = "[No Variations]"
Add component (AddParameter): Name = "Part Number"; Value = "SRR1280-100M"; VariantName = "[No Variations]"
Add component (AddParameter): Name = "Tolerance"; Value = "20%"; VariantName = "[No Variations]"
Added Component: Designator=R24(RESC0805)
Add component (AddParameter): Name = "Case Code"; Value = "0805"; VariantName = "[No Variations]"
Add component (AddParameter): Name = "Distributor"; Value = "Digikey"; VariantName = "[No Variations]"
Add component (AddParameter): Name = "Distributor Part Number"; Value = "RMCF0805FT53K6CT-ND"; VariantName = "[No Variations]"
Add component (AddParameter): Name = "Part Number"; Value = "RMCF0805FT53K6"; VariantName = "[No Variations]"
Add component (AddParameter): Name = "Resistance"; Value = "53K6"; VariantName = "[No Variations]"
Add component (AddParameter): Name = "Tolerance"; Value = "1%"; VariantName = "[No Variations]"
Added Component: Designator=R25(RESC0603)
Add component (AddParameter): Name = "Case Code"; Value = "0603"; VariantName = "[No Variations]"
Add component (AddParameter): Name = "Distributor"; Value = "Digikey"; VariantName = "[No Variations]"
Add component (AddParameter): Name = "Distributor Part Number"; Value = "RMCF0603FT174KCT-ND"; VariantName = "[No Variations]"
Add component (AddParameter): Name = "Part Number"; Value = "RMCF0603FT52K3"; VariantName = "[No Variations]"
Add component (AddParameter): Name = "Resistance"; Value = "52K3"; VariantName = "[No Variations]"
Add component (AddParameter): Name = "Tolerance"; Value = "1%"; VariantName = "[No Variations]"
Added Component: Designator=R26(RESC0603)
Add component (AddParameter): Name = "Case Code"; Value = "0603"; VariantName = "[No Variations]"
Add component (AddParameter): Name = "Distributor"; Value = "Digikey"; VariantName = "[No Variations]"
Add component (AddParameter): Name = "Distributor Part Number"; Value = "311-10.0KHRCT-ND"; VariantName = "[No Variations]"
Add component (AddParameter): Name = "Manufacturer Part Number"; Value = "RC0603FR-0710KL"; VariantName = "[No Variations]"
Add component (AddParameter): Name = "Resistance"; Value = "10K"; VariantName = "[No Variations]"
Add component (AddParameter): Name = "Tolerance"; Value = "1%"; VariantName = "[No Variations]"
Added Component: Designator=R45(RESC0603)
Add component (AddParameter): Name = "Case Code"; Value = "0603"; VariantName = "[No Variations]"
Add component (AddParameter): Name = "Distributor"; Value = "Digikey"; VariantName = "[No Variations]"
Add component (AddParameter): Name = "Distributor Part Number"; Value = "RMCF0603FT174KCT-ND"; VariantName = "[No Variations]"
Add component (AddParameter): Name = "Manufacturer Part Number"; Value = "RMCF0603FT174K"; VariantName = "[No Variations]"
Add component (AddParameter): Name = "Resistance"; Value = "174K"; VariantName = "[No Variations]"
Add component (AddParameter): Name = "Tolerance"; Value = "1%"; VariantName = "[No Variations]"
Added Component: Designator=R46(RESC0805)
Add component (AddParameter): Name = "Case Code"; Value = "0805"; VariantName = "[No Variations]"
Add component (AddParameter): Name = "Distributor"; Value = "Digikey"; VariantName = "[No Variations]"
Add component (AddParameter): Name = "Distributor Part Number"; Value = "RMCF0805FT332KCT-ND"; VariantName = "[No Variations]"
Add component (AddParameter): Name = "Part Number"; Value = "RMCF0805FT332K"; VariantName = "[No Variations]"
Add component (AddParameter): Name = "Resistance"; Value = "332K"; VariantName = "[No Variations]"
Add component (AddParameter): Name = "Tolerance"; Value = "1%"; VariantName = "[No Variations]"
Added Component: Designator=R47(RESC0603)
Add component (AddParameter): Name = "Case Code"; Value = "0603"; VariantName = "[No Variations]"
Add component (AddParameter): Name = "Distributor"; Value = "Digikey"; VariantName = "[No Variations]"
Add component (AddParameter): Name = "Distributor Part Number"; Value = "RMCF0603FT174KCT-ND"; VariantName = "[No Variations]"
Add component (AddParameter): Name = "Part Number"; Value = "RMCF0603FT52K3"; VariantName = "[No Variations]"
Add component (AddParameter): Name = "Resistance"; Value = "52K3"; VariantName = "[No Variations]"
Add component (AddParameter): Name = "Tolerance"; Value = "1%"; VariantName = "[No Variations]"
Added Component: Designator=U11(SOT-583)
Add component (AddParameter): Name = "Current Output"; Value = "3A"; VariantName = "[No Variations]"
Add component (AddParameter): Name = "Distributor"; Value = "Digikey"; VariantName = "[No Variations]"
Add component (AddParameter): Name = "Distributor Part Number"; Value = "296-TPS62933DRLRCT-ND"; VariantName = "[No Variations]"
Add component (AddParameter): Name = "Operating Temperature"; Value = "-40°C ~ 150°C (TJ)"; VariantName = "[No Variations]"
Add component (AddParameter): Name = "Part Number"; Value = "TPS62933DRLR"; VariantName = "[No Variations]"
Add component (AddParameter): Name = "Voltage - Input (Max)"; Value = "30V"; VariantName = "[No Variations]"
Add component (AddParameter): Name = "Voltage - Input (Min)"; Value = "3.8V"; VariantName = "[No Variations]"
Add component (AddParameter): Name = "Voltage - Output (Max)"; Value = "22V"; VariantName = "[No Variations]"
Add component (AddParameter): Name = "Voltage - Output (Min)"; Value = "0.8V"; VariantName = "[No Variations]"
Added Component: Designator=U21(SOT23-5 IC)
Add component (AddParameter): Name = "Distributor"; Value = "Digikey"; VariantName = "[No Variations]"
Add component (AddParameter): Name = "Distributor Part Number"; Value = "497-18084-1-ND"; VariantName = "[No Variations]"
Add component (AddParameter): Name = "Gain Bandwidth Product"; Value = "3MHz"; VariantName = "[No Variations]"
Add component (AddParameter): Name = "Operating Temperature"; Value = "-40°C ~ 125°C"; VariantName = "[No Variations]"
Add component (AddParameter): Name = "Part Number"; Value = "TSZ181ILT"; VariantName = "[No Variations]"
Add component (AddParameter): Name = "Slew Rate"; Value = "4.7V/us"; VariantName = "[No Variations]"
Add component (AddParameter): Name = "Voltage Supply (Max)"; Value = "5.5V"; VariantName = "[No Variations]"
Add component (AddParameter): Name = "Voltage Supply (Min)"; Value = "2.2V"; VariantName = "[No Variations]"
Added Component: Designator=U24(TPS1641)
Add component (AddParameter): Name = "Current - Output"; Value = "1.8A"; VariantName = "[No Variations]"
Add component (AddParameter): Name = "Distributor"; Value = "Digikey"; VariantName = "[No Variations]"
Add component (AddParameter): Name = "Distributor Part Number"; Value = "296-TPS16410DRCRCT-ND"; VariantName = "[No Variations]"
Add component (AddParameter): Name = "Operating Temperature"; Value = "-40C ~ 125C"; VariantName = "[No Variations]"
Add component (AddParameter): Name = "Package"; Value = "10-VSON (3x3)"; VariantName = "[No Variations]"
Add component (AddParameter): Name = "Part Number"; Value = "TPS16416DRCR"; VariantName = "[No Variations]"
Add component (AddParameter): Name = "Qualification"; Value = "None"; VariantName = "[No Variations]"
Add component (AddParameter): Name = "Voltage - Input"; Value = "2.7V ~ 40V"; VariantName = "[No Variations]"
Added Pin To Net: NetName=GND Pin=C44-1
Added Pin To Net: NetName=NetC22_2 Pin=C44-2
Added Pin To Net: NetName=GND Pin=C45-1
Added Pin To Net: NetName=NetC22_2 Pin=C45-2
Added Pin To Net: NetName=GND Pin=C46-1
Added Pin To Net: NetName=NetC22_2 Pin=C46-2
Added Pin To Net: NetName=GND Pin=C47-1
Added Pin To Net: NetName=GND Pin=C49-2
Added Pin To Net: NetName=GND Pin=C51-1
Added Pin To Net: NetName=GND Pin=C52-1
Added Pin To Net: NetName=GND Pin=C53-1
Added Pin To Net: NetName=GND Pin=C83-1
Added Pin To Net: NetName=GND Pin=R24-1
Added Pin To Net: NetName=GND Pin=R26-1
Added Pin To Net: NetName=+5V_ADCS Pin=R42-2
Added Pin To Net: NetName=+5V_AUX Pin=R45-2
Added Pin To Net: NetName=GND Pin=R46-1
Added Pin To Net: NetName=NetC60_1 Pin=R47-1
Added Pin To Net: NetName=+5V Pin=R47-2
Added Pin To Net: NetName=NetC22_2 Pin=U11-3
Added Pin To Net: NetName=GND Pin=U11-4
Added Pin To Net: NetName=GND Pin=U21-2
Added Pin To Net: NetName=+2V5_REF Pin=U21-5
Added Pin To Net: NetName=GND Pin=U24-11
Change Net Name : Old Net Name=NetC8_2 New Net Name=NetC10_2
Change Net Name : Old Net Name=NetC11_2 New Net Name=NetC15_2
Change Net Name : Old Net Name=NetC12_1 New Net Name=NetC14_1
Change Net Name : Old Net Name=NetC18_2 New Net Name=NetC20_2
Change Net Name : Old Net Name=NetC22_2 New Net Name=NetC26_2
Change Net Name : Old Net Name=NetC25_2 New Net Name=NetC29_2
Change Net Name : Old Net Name=NetC26_1 New Net Name=NetC30_1
Change Net Name : Old Net Name=NetC26_2 New Net Name=NetC30_2
Change Net Name : Old Net Name=NetC32_1 New Net Name=NetC37_1
Change Net Name : Old Net Name=NetC33_2 New Net Name=NetC41_2
Change Net Name : Old Net Name=NetC34_1 New Net Name=NetC40_1
Change Net Name : Old Net Name=NetC35_2 New Net Name=NetC39_2
Change Net Name : Old Net Name=NetC36_1 New Net Name=NetC38_1
Change Net Name : Old Net Name=NetC40_2 New Net Name=NetC60_2
Change Net Name : Old Net Name=NetC41_1 New Net Name=NetC61_1
Change Net Name : Old Net Name=NetC41_2 New Net Name=NetC61_2
Change Net Name : Old Net Name=NetC46_1 New Net Name=NetC67_1
Change Net Name : Old Net Name=NetC47_1 New Net Name=NetC69_1
Change Net Name : Old Net Name=NetC48_1 New Net Name=NetC68_1
Change Net Name : Old Net Name=NetC49_2 New Net Name=NetC71_2
Change Net Name : Old Net Name=NetC50_2 New Net Name=NetC70_2
Change Net Name : Old Net Name=NetC54_2 New Net Name=NetC79_2
Change Net Name : Old Net Name=NetC55_1 New Net Name=NetC80_1
Change Net Name : Old Net Name=NetC55_2 New Net Name=NetC80_2
Change Net Name : Old Net Name=NetC60_1 New Net Name=NetC86_1
Change Net Name : Old Net Name=NetC61_1 New Net Name=NetC88_1
Change Net Name : Old Net Name=NetC62_1 New Net Name=NetC87_1
Change Net Name : Old Net Name=NetC63_2 New Net Name=NetC72_2
Change Net Name : Old Net Name=NetC64_2 New Net Name=NetC73_2
Change Net Name : Old Net Name=NetC65_2 New Net Name=NetC43_2
Change Net Name : Old Net Name=NetC66_2 New Net Name=NetC42_2
Change Net Name : Old Net Name=NetC69_2 New Net Name=NetC58_2
Change Net Name : Old Net Name=NetC70_2 New Net Name=NetC57_2
Change Net Name : Old Net Name=NetC71_2 New Net Name=NetC65_2
Change Net Name : Old Net Name=NetC72_2 New Net Name=NetC25_2
Change Net Name : Old Net Name=NetC73_2 New Net Name=NetC24_2
Change Net Name : Old Net Name=NetC74_2 New Net Name=NetC33_2
Change Net Name : Old Net Name=NetC75_2 New Net Name=NetC74_2
Change Net Name : Old Net Name=NetC?_2 New Net Name=NetC75_2
Change Net Name : Old Net Name=NetD4_1 New Net Name=NetD3_1
Change Net Name : Old Net Name=NetD4_2 New Net Name=NetD3_2
Change Net Name : Old Net Name=NetR1_2 New Net Name=NetR1_1
Change Net Name : Old Net Name=NetR11_2 New Net Name=NetR15_2
Change Net Name : Old Net Name=NetR14_2 New Net Name=NetR31_2
Change Net Name : Old Net Name=NetR17_2 New Net Name=NetR44_2
Change Net Name : Old Net Name=NetR20_2 New Net Name=NetR36_2
Change Net Name : Old Net Name=NetR21_2 New Net Name=NetR38_2
Change Net Name : Old Net Name=NetR22_2 New Net Name=NetR37_2
Change Net Name : Old Net Name=NetR23_2 New Net Name=NetR39_2
Change Net Name : Old Net Name=NetR24_2 New Net Name=NetR21_2
Change Net Name : Old Net Name=NetR25_2 New Net Name=NetR20_2
Change Net Name : Old Net Name=NetR26_2 New Net Name=NetR23_2
Change Net Name : Old Net Name=NetR27_2 New Net Name=NetR22_2
Change Net Name : Old Net Name=NetU4_2 New Net Name=NetU5_2
Change Net Name : Old Net Name=NetU5_4 New Net Name=NetU10_4
Change Net Name : Old Net Name=NetU5_5 New Net Name=NetU10_5
Change Net Name : Old Net Name=NetU6_4 New Net Name=NetU9_4
Change Net Name : Old Net Name=NetU6_5 New Net Name=NetU9_5
Change Net Name : Old Net Name=NetU7_2 New Net Name=NetU12_2
Change Net Name : Old Net Name=NetU8_4 New Net Name=NetU17_4
Change Net Name : Old Net Name=NetU8_5 New Net Name=NetU17_5
Change Net Name : Old Net Name=NetU9_4 New Net Name=NetU16_4
Change Net Name : Old Net Name=NetU9_5 New Net Name=NetU16_5
Change Net Name : Old Net Name=NetU10_2 New Net Name=NetU18_2
Change Net Name : Old Net Name=NetU11_4 New Net Name=NetU23_4
Change Net Name : Old Net Name=NetU11_5 New Net Name=NetU23_5
Added Pin To Net: NetName=+5V_RADIO Pin=C49-1
Added Pin To Net: NetName=+5V_RADIO Pin=C51-2
Added Pin To Net: NetName=+5V_RADIO Pin=C52-2
Added Pin To Net: NetName=+5V_RADIO Pin=C53-2
Added Pin To Net: NetName=+5V_RADIO Pin=C54-2
Added Pin To Net: NetName=+5V_RADIO Pin=C89-2
Added Pin To Net: NetName=+5V_RADIO Pin=L3-2
Added Pin To Net: NetName=+5V_RADIO Pin=R25-2
Added Pin To Net: NetName=+5V_RADIO Pin=U24-1
Added Pin To Net: NetName=+5V_RADIO Pin=U24-2
Added Pin To Net: NetName=+5V_RADIO Pin=U24-10
Added Net: Name=+5V_RADIO
Added Pin To Net: NetName=AUX_5V_VMON Pin=U21-1
Added Pin To Net: NetName=AUX_5V_VMON Pin=U21-4
Added Net: Name=AUX_5V_VMON
Added Pin To Net: NetName=NetC47_2 Pin=C47-2
Added Pin To Net: NetName=NetC47_2 Pin=U11-7
Added Net: Name=NetC47_2
Added Pin To Net: NetName=NetC48_1 Pin=C48-1
Added Pin To Net: NetName=NetC48_1 Pin=L3-1
Added Pin To Net: NetName=NetC48_1 Pin=U11-5
Added Net: Name=NetC48_1
Added Pin To Net: NetName=NetC48_2 Pin=C48-2
Added Pin To Net: NetName=NetC48_2 Pin=U11-6
Added Net: Name=NetC48_2
Added Pin To Net: NetName=NetC54_1 Pin=C54-1
Added Pin To Net: NetName=NetC54_1 Pin=R25-1
Added Pin To Net: NetName=NetC54_1 Pin=R26-2
Added Pin To Net: NetName=NetC54_1 Pin=U11-8
Added Net: Name=NetC54_1
Added Pin To Net: NetName=NetC83_2 Pin=C83-2
Added Pin To Net: NetName=NetC83_2 Pin=R45-1
Added Pin To Net: NetName=NetC83_2 Pin=R46-2
Added Pin To Net: NetName=NetC83_2 Pin=U21-3
Added Net: Name=NetC83_2
Added Pin To Net: NetName=NetC89_1 Pin=C89-1
Added Pin To Net: NetName=NetC89_1 Pin=U24-3
Added Net: Name=NetC89_1
Added Pin To Net: NetName=NetR24_2 Pin=R24-2
Added Pin To Net: NetName=NetR24_2 Pin=U11-1
Added Net: Name=NetR24_2
Added Pin To Net: NetName=NetU11_2 Pin=U11-2
Added Net: Name=NetU11_2
Added Pin To Net: NetName=NetU22_4 Pin=U22-4
Added Pin To Net: NetName=NetU22_4 Pin=U24-4
Added Net: Name=NetU22_4
Added Pin To Net: NetName=NetU22_5 Pin=U22-5
Added Pin To Net: NetName=NetU22_5 Pin=U24-5
Added Net: Name=NetU22_5
Added Class: Name=Radio_5V
Added Member To Class: ClassName=Controller Member=Component C22 CAPC0805
Added Member To Class: ClassName=Controller Member=Component C23 CL10B104KO8NNNC
Added Member To Class: ClassName=3V3_Supply Member=Component C37 C0603C104K5RACTU
Added Member To Class: ClassName=3V3_Supply Member=Component C40 C0603C104K5RACTU
Added Member To Class: ClassName=3V3_Supply Member=Component C41 CL21B473KBCNNNC
Added Member To Class: ClassName=5V_Supply Member=Component C83 CL21B104KACNNNC
Added Member To Class: ClassName=3V3_Supply Member=Component R15 RMCF0805FT53K6
Added Member To Class: ClassName=3V3_Supply Member=Component R18 RMCF0603FT31K6
Added Member To Class: ClassName=3V3_Supply Member=Component R19 RC0603FR-0710KL
Added Member To Class: ClassName=5V_Supply Member=Component R43 RMCF0805FT332K
Added Member To Class: ClassName=5V_Supply Member=Component R45 RMCF0603FT174K
Added Member To Class: ClassName=5V_Supply Member=Component R46 RMCF0805FT332K
Added Member To Class: ClassName=5V_Supply Member=Component R47 RMCF0603FT52K3
Added Member To Class: ClassName=Controller Member=Component U4 TCAN3414DR
Added Member To Class: ClassName=3V3_Supply Member=Component U9 TPS16410DRCR
Added Member To Class: ClassName=5V_Supply Member=Component U21 TSZ181ILT
Added Room: Name=Radio_5V
