Removed Pin From Net: NetName=+3V3 Pin=C4-2
Removed Pin From Net: NetName=+3V3 Pin=C5-2
Removed Pin From Net: NetName=GND Pin=C6-1
Removed Pin From Net: NetName=GND Pin=C7-1
Removed Pin From Net: NetName=GND Pin=C8-1
Removed Pin From Net: NetName=GND Pin=C10-1
Removed Pin From Net: NetName=BMS_nQON Pin=J8-9
Removed Pin From Net: NetName=BMS_SCL_BUFF Pin=J8-11
Removed Pin From Net: NetName=BMS_SDA_BUFF Pin=J8-12
Removed Pin From Net: NetName=BMS_nCE Pin=J8-15
Removed Pin From Net: NetName=BMS_nSTAT Pin=J8-16
Removed Pin From Net: NetName=VPANEL Pin=J8-17
Removed Pin From Net: NetName=GND Pin=J8-18
Removed Pin From Net: NetName=VPANEL Pin=J8-19
Removed Pin From Net: NetName=GND Pin=J8-20
Removed Pin From Net: NetName=+3V3 Pin=U2-1
Removed Pin From Net: NetName=GND Pin=U2-2
Removed Pin From Net: NetName=+3V3 Pin=U2-3
Removed Member From Class: ClassName=Controller Member=C6
Removed Member From Class: ClassName=Controller Member=C7
Removed Member From Class: ClassName=Controller Member=C8
Removed Member From Class: ClassName=Controller Member=C10
Removed Member From Class: ClassName=Controller Member=U2
Change Component Footprint: Designator=C5 Old Footprint=CAPC0805X060 New Footprint=CAPC0402X020
Change Component Footprint: Designator=C4 Old Footprint=CAPC0805X060 New Footprint=CAPC0603X040
Change Component Comment : Designator=C5 Old Comment=CL21B104KACNNNC New Comment=CL05B104KB5NNNC
Change Component Comment : Designator=C4 Old Comment=CL21B105KAFNNNE New Comment=CL10B105KO8NNNC
Change component parameters: Designator = "C5" ("C5"); Footprint = "CAPC0805X060"; UniqueID = "\HTDLOBSB\AEVAOYAC\ITBTNTFV" ("\HTDLOBSB\AEVAOYAC\ITBTNTFV")
Change component parameters (AddParameter): Name = "Capacitance"; Value = "0.1uF"; VariantName = "[No Variations]"
Change component parameters (AddParameter): Name = "Case Code"; Value = "0402"; VariantName = "[No Variations]"
Change component parameters (AddParameter): Name = "Distributor"; Value = "Digikey"; VariantName = "[No Variations]"
Change component parameters (AddParameter): Name = "Distributor Part Number"; Value = "1276-CL05B104KB5NNNCCT-ND"; VariantName = "[No Variations]"
Change component parameters (AddParameter): Name = "Initial Voltage"; Value = ""; VariantName = "[No Variations]"
Change component parameters (AddParameter): Name = "Part Number"; Value = "CL05B104KB5NNNC"; VariantName = "[No Variations]"
Change component parameters (AddParameter): Name = "Tolerance"; Value = "10%"; VariantName = "[No Variations]"
Change component parameters (AddParameter): Name = "Voltage Rating"; Value = "50V"; VariantName = "[No Variations]"
Change component parameters: Designator = "C4" ("C4"); Footprint = "CAPC0805X060"; UniqueID = "\HTDLOBSB\AEVAOYAC\FELWZNRF" ("\HTDLOBSB\AEVAOYAC\FELWZNRF")
Change component parameters (AddParameter): Name = "Capacitance"; Value = "1uF"; VariantName = "[No Variations]"
Change component parameters (AddParameter): Name = "Case Code"; Value = "0603"; VariantName = "[No Variations]"
Change component parameters (AddParameter): Name = "Distributor"; Value = "Digikey"; VariantName = "[No Variations]"
Change component parameters (AddParameter): Name = "Distributor Part number"; Value = "1276-1019-1-ND"; VariantName = "[No Variations]"
Change component parameters (AddParameter): Name = "Manufacturer Part Number"; Value = "CL10B105KO8NNNC"; VariantName = "[No Variations]"
Change component parameters (AddParameter): Name = "Tolerance"; Value = "10%"; VariantName = "[No Variations]"
Change component parameters (AddParameter): Name = "Voltage Rating"; Value = "16V"; VariantName = "[No Variations]"
Added Component: Designator=FB1(74279220321)
Add component (AddParameter): Name = "Current Rating"; Value = "2.5A"; VariantName = "[No Variations]"
Add component (AddParameter): Name = "DCR"; Value = "50mOhm"; VariantName = "[No Variations]"
Add component (AddParameter): Name = "Distributor"; Value = ""; VariantName = "[No Variations]"
Add component (AddParameter): Name = "Distributor Part Number"; Value = ""; VariantName = "[No Variations]"
Add component (AddParameter): Name = "Impedance"; Value = "320 Ohms @ 100 MHz"; VariantName = "[No Variations]"
Add component (AddParameter): Name = "Operating Temperature"; Value = "-55°C ~ 125°C"; VariantName = "[No Variations]"
Add component (AddParameter): Name = "Part Number"; Value = "74279220321"; VariantName = "[No Variations]"
Added Pin To Net: NetName=+3V3 Pin=FB1-1
Added Pin To Net: NetName=BMS_nSTAT Pin=J8-9
Added Pin To Net: NetName=BMS_nCE Pin=J8-11
Added Pin To Net: NetName=BMS_nQON Pin=J8-12
Added Pin To Net: NetName=BMS_SDA_BUFF Pin=J8-15
Added Pin To Net: NetName=BMS_SCL_BUFF Pin=J8-16
Added Pin To Net: NetName=GND Pin=J8-17
Added Pin To Net: NetName=VPANEL Pin=J8-18
Added Pin To Net: NetName=GND Pin=J8-19
Added Pin To Net: NetName=VPANEL Pin=J8-20
Added Pin To Net: NetName=+3V3A Pin=C4-2
Added Pin To Net: NetName=+3V3A Pin=C5-2
Added Pin To Net: NetName=+3V3A Pin=FB1-2
Added Pin To Net: NetName=+3V3A Pin=U3-21
Added Pin To Net: NetName=+3V3A Pin=U3-22
Added Net: Name=+3V3A
Added Member To Class: ClassName=Controller Member=Component FB1 74279220321
Added Rule: Name=Schematic Supply Nets_14
