Removed Pin From Net: NetName=GND Pin=C91-1
Removed Pin From Net: NetName=+3V3 Pin=C91-2
Removed Pin From Net: NetName=GND Pin=C92-1
Removed Pin From Net: NetName=+3V3 Pin=C92-2
Removed Pin From Net: NetName=GND Pin=C93-1
Removed Pin From Net: NetName=+3V3 Pin=C93-2
Removed Pin From Net: NetName=GND Pin=C94-1
Removed Pin From Net: NetName=+3V3 Pin=C94-2
Removed Pin From Net: NetName=GND Pin=C95-1
Removed Pin From Net: NetName=+3V3 Pin=C95-2
Removed Pin From Net: NetName=GND Pin=C96-1
Removed Pin From Net: NetName=+3V3 Pin=C96-2
Removed Pin From Net: NetName=GND Pin=C97-1
Removed Pin From Net: NetName=+3V3 Pin=C97-2
Removed Pin From Net: NetName=GND Pin=C98-1
Removed Pin From Net: NetName=+3V3 Pin=C98-2
Removed Pin From Net: NetName=GND Pin=C99-1
Removed Pin From Net: NetName=+3V3 Pin=C99-2
Removed Pin From Net: NetName=GND Pin=C100-1
Removed Pin From Net: NetName=+3V3 Pin=C100-2
Removed Member From Class: ClassName=Controller Member=C91
Removed Member From Class: ClassName=Controller Member=C92
Removed Member From Class: ClassName=Controller Member=C93
Removed Member From Class: ClassName=Controller Member=C94
Removed Member From Class: ClassName=Controller Member=C95
Removed Member From Class: ClassName=Controller Member=C96
Removed Member From Class: ClassName=Controller Member=C97
Removed Member From Class: ClassName=Controller Member=C98
Removed Member From Class: ClassName=Controller Member=C99
Removed Member From Class: ClassName=Controller Member=C100
Added Rule: Name=Schematic Supply Nets
Added Rule: Name=Schematic Supply Nets_1
Added Rule: Name=Schematic Supply Nets_2
Added Rule: Name=Schematic Supply Nets_3
Added Rule: Name=Schematic Supply Nets_4
Added Rule: Name=Schematic Supply Nets_5
Added Rule: Name=Schematic Supply Nets_6
Added Rule: Name=Schematic Supply Nets_7
Added Rule: Name=Schematic Supply Nets_8
Added Rule: Name=Schematic Supply Nets_9
Added Rule: Name=Schematic Supply Nets_10
Added Rule: Name=Schematic Supply Nets_11
Added Rule: Name=Schematic Supply Nets_12
Added Rule: Name=Schematic Supply Nets_13
