Change component parameters: Designator = "Q3A" ("Q3"); Footprint = "NTTFS5C454NLTAG"; UniqueID = "\HTDLOBSB\MXTVUSBR\ILTYOKLQ" ("\HTDLOBSB\MXTVUSBR\ILTYOKLQ")
Change component parameters (AddParameter): Name = "ComponentLink1Description"; Value = "Datasheet"; VariantName = "[No Variations]"
Change component parameters (AddParameter): Name = "ComponentLink1URL"; Value = "https://www.onsemi.com/pdf/datasheet/nttfs5c454nl-d.pdf"; VariantName = "[No Variations]"
Change component parameters (AddParameter): Name = "Current - Continuous Drain (Id)"; Value = "20A"; VariantName = "[No Variations]"
Change component parameters (AddParameter): Name = "Distributor"; Value = "Digikey"; VariantName = "[No Variations]"
Change component parameters (AddParameter): Name = "Distributor Part Number"; Value = "NTTFS5C454NLTAGOSCT-ND"; VariantName = "[No Variations]"
Change component parameters (AddParameter): Name = "Gate Charge (Qg) (Max) @ Vgs"; Value = "18nC @ 10V"; VariantName = "[No Variations]"
Change component parameters (AddParameter): Name = "Manufacturer"; Value = "Onsemi"; VariantName = "[No Variations]"
Change component parameters (AddParameter): Name = "Operating Temperature"; Value = "-55°C ~ 175°C"; VariantName = "[No Variations]"
Change component parameters (AddParameter): Name = "Part Number"; Value = "NTTFS5C454NL"; VariantName = "[No Variations]"
Change component parameters (AddParameter): Name = "Power Dissipation (Max) (Ta)"; Value = "3.2W"; VariantName = "[No Variations]"
Change component parameters (AddParameter): Name = "Rds On (Max)"; Value = "3.8mOhm"; VariantName = "[No Variations]"
Change component parameters (AddParameter): Name = "Vdss"; Value = "40V"; VariantName = "[No Variations]"
Change component parameters (AddParameter): Name = "Vgs (Max)"; Value = "20V"; VariantName = "[No Variations]"
Change component parameters: Designator = "Q3B" ("Q3"); Footprint = "NTTFS5C454NLTAG"; UniqueID = "\HTDLOBSB\ZQVUCRYE\ILTYOKLQ" ("\HTDLOBSB\ZQVUCRYE\ILTYOKLQ")
Change component parameters (AddParameter): Name = "ComponentLink1Description"; Value = "Datasheet"; VariantName = "[No Variations]"
Change component parameters (AddParameter): Name = "ComponentLink1URL"; Value = "https://www.onsemi.com/pdf/datasheet/nttfs5c454nl-d.pdf"; VariantName = "[No Variations]"
Change component parameters (AddParameter): Name = "Current - Continuous Drain (Id)"; Value = "20A"; VariantName = "[No Variations]"
Change component parameters (AddParameter): Name = "Distributor"; Value = "Digikey"; VariantName = "[No Variations]"
Change component parameters (AddParameter): Name = "Distributor Part Number"; Value = "NTTFS5C454NLTAGOSCT-ND"; VariantName = "[No Variations]"
Change component parameters (AddParameter): Name = "Gate Charge (Qg) (Max) @ Vgs"; Value = "18nC @ 10V"; VariantName = "[No Variations]"
Change component parameters (AddParameter): Name = "Manufacturer"; Value = "Onsemi"; VariantName = "[No Variations]"
Change component parameters (AddParameter): Name = "Operating Temperature"; Value = "-55°C ~ 175°C"; VariantName = "[No Variations]"
Change component parameters (AddParameter): Name = "Part Number"; Value = "NTTFS5C454NL"; VariantName = "[No Variations]"
Change component parameters (AddParameter): Name = "Power Dissipation (Max) (Ta)"; Value = "3.2W"; VariantName = "[No Variations]"
Change component parameters (AddParameter): Name = "Rds On (Max)"; Value = "3.8mOhm"; VariantName = "[No Variations]"
Change component parameters (AddParameter): Name = "Vdss"; Value = "40V"; VariantName = "[No Variations]"
Change component parameters (AddParameter): Name = "Vgs (Max)"; Value = "20V"; VariantName = "[No Variations]"
Change component parameters: Designator = "Y2" ("Y2"); Footprint = "830069882"; UniqueID = "\HTDLOBSB\AEVAOYAC\NKCBGTGF" ("\HTDLOBSB\AEVAOYAC\NKCBGTGF")
Change component parameters (AddParameter): Name = "Distributor"; Value = "Digikey"; VariantName = "[No Variations]"
Change component parameters (AddParameter): Name = "Distributor Part Number"; Value = "732-830069882CT-ND"; VariantName = "[No Variations]"
Change component parameters (AddParameter): Name = "ESR"; Value = "100R"; VariantName = "[No Variations]"
Change component parameters (AddParameter): Name = "Frequency"; Value = "12MHz"; VariantName = "[No Variations]"
Change component parameters (AddParameter): Name = "Load Capacitance"; Value = "10pF"; VariantName = "[No Variations]"
Change component parameters (AddParameter): Name = "Operating Temperature"; Value = "-40C to 125C"; VariantName = "[No Variations]"
Change component parameters (AddParameter): Name = "Part Number"; Value = "830069882"; VariantName = "[No Variations]"
Change component parameters: Designator = "D8" ("D8"); Footprint = "SOD-323"; UniqueID = "\HTDLOBSB\YINFNMHQ" ("\HTDLOBSB\YINFNMHQ")
Change component parameters (AddParameter): Name = "Breakdown Voltage"; Value = "28V"; VariantName = "[No Variations]"
Change component parameters (AddParameter): Name = "Clamping Voltage"; Value = "50V"; VariantName = "[No Variations]"
Change component parameters (AddParameter): Name = "Distributor"; Value = "Digikey"; VariantName = "[No Variations]"
Change component parameters (AddParameter): Name = "Distributor Part Number"; Value = "18-AQ27COM-01FTGCT-ND"; VariantName = "[No Variations]"
Change component parameters (AddParameter): Name = "Ipp - Peak Pulse Current"; Value = "4A"; VariantName = "[No Variations]"
Change component parameters (AddParameter): Name = "Part Number"; Value = "AQ27COM-01FTG"; VariantName = "[No Variations]"
Change component parameters (AddParameter): Name = "Temperature Range"; Value = "-40~150°C"; VariantName = "[No Variations]"
Change component parameters (AddParameter): Name = "Vesd"; Value = "32kV"; VariantName = "[No Variations]"
Change component parameters (AddParameter): Name = "Working Voltage"; Value = "27V"; VariantName = "[No Variations]"
Change component parameters: Designator = "D8A" ("D8"); Footprint = "PESD5V0C1BLS-Q"; UniqueID = "\HTDLOBSB\0ENXYYTHC\NOKGASGP" ("\HTDLOBSB\0ENXYYTHC\NOKGASGP")
Change component parameters (AddParameter): Name = "ComponentLink1Description"; Value = "Datasheet"; VariantName = "[No Variations]"
Change component parameters (AddParameter): Name = "ComponentLink1URL"; Value = "https://assets.nexperia.com/documents/data-sheet/PESD5V0C1BLS-Q.pdf"; VariantName = "[No Variations]"
Change component parameters (AddParameter): Name = "Distributor"; Value = "Digikey"; VariantName = "[No Variations]"
Change component parameters (AddParameter): Name = "Distributor Part Number"; Value = "1727-PESD5V0C1BLS-QYLCT-ND"; VariantName = "[No Variations]"
Change component parameters (AddParameter): Name = "Operating Temperature"; Value = "-55C ~ 150C"; VariantName = "[No Variations]"
Change component parameters (AddParameter): Name = "Part Number"; Value = "PESD5V0C1BLS-QYL"; VariantName = "[No Variations]"
Change component parameters (AddParameter): Name = "Voltage - Breakdown (Min)"; Value = "7.5V"; VariantName = "[No Variations]"
Change component parameters (AddParameter): Name = "Voltage - Clamping (Max) @ Ipp"; Value = "5.4V (Typ)"; VariantName = "[No Variations]"
Change component parameters (AddParameter): Name = "Voltage - Reverse Standoff (Typ)"; Value = "5V (Max)"; VariantName = "[No Variations]"
Change component parameters: Designator = "D8B" ("D8"); Footprint = "PESD5V0C1BLS-Q"; UniqueID = "\HTDLOBSB\1ENXYYTHC\NOKGASGP" ("\HTDLOBSB\1ENXYYTHC\NOKGASGP")
Change component parameters (AddParameter): Name = "ComponentLink1Description"; Value = "Datasheet"; VariantName = "[No Variations]"
Change component parameters (AddParameter): Name = "ComponentLink1URL"; Value = "https://assets.nexperia.com/documents/data-sheet/PESD5V0C1BLS-Q.pdf"; VariantName = "[No Variations]"
Change component parameters (AddParameter): Name = "Distributor"; Value = "Digikey"; VariantName = "[No Variations]"
Change component parameters (AddParameter): Name = "Distributor Part Number"; Value = "1727-PESD5V0C1BLS-QYLCT-ND"; VariantName = "[No Variations]"
Change component parameters (AddParameter): Name = "Operating Temperature"; Value = "-55C ~ 150C"; VariantName = "[No Variations]"
Change component parameters (AddParameter): Name = "Part Number"; Value = "PESD5V0C1BLS-QYL"; VariantName = "[No Variations]"
Change component parameters (AddParameter): Name = "Voltage - Breakdown (Min)"; Value = "7.5V"; VariantName = "[No Variations]"
Change component parameters (AddParameter): Name = "Voltage - Clamping (Max) @ Ipp"; Value = "5.4V (Typ)"; VariantName = "[No Variations]"
Change component parameters (AddParameter): Name = "Voltage - Reverse Standoff (Typ)"; Value = "5V (Max)"; VariantName = "[No Variations]"
Change component parameters: Designator = "D8C" ("D8"); Footprint = "PESD5V0C1BLS-Q"; UniqueID = "\HTDLOBSB\2ENXYYTHC\NOKGASGP" ("\HTDLOBSB\2ENXYYTHC\NOKGASGP")
Change component parameters (AddParameter): Name = "ComponentLink1Description"; Value = "Datasheet"; VariantName = "[No Variations]"
Change component parameters (AddParameter): Name = "ComponentLink1URL"; Value = "https://assets.nexperia.com/documents/data-sheet/PESD5V0C1BLS-Q.pdf"; VariantName = "[No Variations]"
Change component parameters (AddParameter): Name = "Distributor"; Value = "Digikey"; VariantName = "[No Variations]"
Change component parameters (AddParameter): Name = "Distributor Part Number"; Value = "1727-PESD5V0C1BLS-QYLCT-ND"; VariantName = "[No Variations]"
Change component parameters (AddParameter): Name = "Operating Temperature"; Value = "-55C ~ 150C"; VariantName = "[No Variations]"
Change component parameters (AddParameter): Name = "Part Number"; Value = "PESD5V0C1BLS-QYL"; VariantName = "[No Variations]"
Change component parameters (AddParameter): Name = "Voltage - Breakdown (Min)"; Value = "7.5V"; VariantName = "[No Variations]"
Change component parameters (AddParameter): Name = "Voltage - Clamping (Max) @ Ipp"; Value = "5.4V (Typ)"; VariantName = "[No Variations]"
Change component parameters (AddParameter): Name = "Voltage - Reverse Standoff (Typ)"; Value = "5V (Max)"; VariantName = "[No Variations]"
Change component parameters: Designator = "D8D" ("D8"); Footprint = "PESD5V0C1BLS-Q"; UniqueID = "\HTDLOBSB\3ENXYYTHC\NOKGASGP" ("\HTDLOBSB\3ENXYYTHC\NOKGASGP")
Change component parameters (AddParameter): Name = "ComponentLink1Description"; Value = "Datasheet"; VariantName = "[No Variations]"
Change component parameters (AddParameter): Name = "ComponentLink1URL"; Value = "https://assets.nexperia.com/documents/data-sheet/PESD5V0C1BLS-Q.pdf"; VariantName = "[No Variations]"
Change component parameters (AddParameter): Name = "Distributor"; Value = "Digikey"; VariantName = "[No Variations]"
Change component parameters (AddParameter): Name = "Distributor Part Number"; Value = "1727-PESD5V0C1BLS-QYLCT-ND"; VariantName = "[No Variations]"
Change component parameters (AddParameter): Name = "Operating Temperature"; Value = "-55C ~ 150C"; VariantName = "[No Variations]"
Change component parameters (AddParameter): Name = "Part Number"; Value = "PESD5V0C1BLS-QYL"; VariantName = "[No Variations]"
Change component parameters (AddParameter): Name = "Voltage - Breakdown (Min)"; Value = "7.5V"; VariantName = "[No Variations]"
Change component parameters (AddParameter): Name = "Voltage - Clamping (Max) @ Ipp"; Value = "5.4V (Typ)"; VariantName = "[No Variations]"
Change component parameters (AddParameter): Name = "Voltage - Reverse Standoff (Typ)"; Value = "5V (Max)"; VariantName = "[No Variations]"
Change component parameters: Designator = "D9" ("D9"); Footprint = "SOD-323"; UniqueID = "\HTDLOBSB\MALBJFKG" ("\HTDLOBSB\MALBJFKG")
Change component parameters (AddParameter): Name = "Breakdown Voltage"; Value = "28V"; VariantName = "[No Variations]"
Change component parameters (AddParameter): Name = "Clamping Voltage"; Value = "50V"; VariantName = "[No Variations]"
Change component parameters (AddParameter): Name = "Distributor"; Value = "Digikey"; VariantName = "[No Variations]"
Change component parameters (AddParameter): Name = "Distributor Part Number"; Value = "18-AQ27COM-01FTGCT-ND"; VariantName = "[No Variations]"
Change component parameters (AddParameter): Name = "Ipp - Peak Pulse Current"; Value = "4A"; VariantName = "[No Variations]"
Change component parameters (AddParameter): Name = "Part Number"; Value = "AQ27COM-01FTG"; VariantName = "[No Variations]"
Change component parameters (AddParameter): Name = "Temperature Range"; Value = "-40~150°C"; VariantName = "[No Variations]"
Change component parameters (AddParameter): Name = "Vesd"; Value = "32kV"; VariantName = "[No Variations]"
Change component parameters (AddParameter): Name = "Working Voltage"; Value = "27V"; VariantName = "[No Variations]"
Change component parameters: Designator = "Q1" ("Q1"); Footprint = "SOT23-3 MOSFET"; UniqueID = "\HTDLOBSB\QIDVEOCH\OXAHKNFU" ("\HTDLOBSB\QIDVEOCH\OXAHKNFU")
Change component parameters (AddParameter): Name = "(Id) @ 25°C"; Value = "200mA"; VariantName = "[No Variations]"
Change component parameters (AddParameter): Name = "Distributor"; Value = "Digikey"; VariantName = "[No Variations]"
Change component parameters (AddParameter): Name = "Distributor Part Number"; Value = "T2N7002AKLMCT-ND"; VariantName = "[No Variations]"
Change component parameters (AddParameter): Name = "Drain to Source Voltage"; Value = "60V"; VariantName = "[No Variations]"
Change component parameters (AddParameter): Name = "Manufacturer Part Number"; Value = "T2N7002AK,LM"; VariantName = "[No Variations]"
Change component parameters (AddParameter): Name = "Operating Temperature"; Value = "-55C - 150C"; VariantName = "[No Variations]"
Change component parameters (AddParameter): Name = "Part Number"; Value = "T2N7002AK,LM"; VariantName = "[No Variations]"
Change component parameters (AddParameter): Name = "Power Dissipation (Max)"; Value = "320mW (Ta)"; VariantName = "[No Variations]"
Change component parameters (AddParameter): Name = "Rds On (Max) @ Id, Vgs"; Value = "3.9ohm"; VariantName = "[No Variations]"
Change component parameters (AddParameter): Name = "Vgs (Max)"; Value = ""; VariantName = "[No Variations]"
Change component parameters (AddParameter): Name = "Vgs(th) (Max) @ Id"; Value = "2.1V @ 250µA"; VariantName = "[No Variations]"
Change component parameters: Designator = "Q2" ("Q2"); Footprint = "SOT23-3 MOSFET"; UniqueID = "\HTDLOBSB\QIDVEOCH\ZQUMDYFF" ("\HTDLOBSB\QIDVEOCH\ZQUMDYFF")
Change component parameters (AddParameter): Name = "(Id) @ 25°C"; Value = "200mA"; VariantName = "[No Variations]"
Change component parameters (AddParameter): Name = "Distributor"; Value = "Digikey"; VariantName = "[No Variations]"
Change component parameters (AddParameter): Name = "Distributor Part Number"; Value = "T2N7002AKLMCT-ND"; VariantName = "[No Variations]"
Change component parameters (AddParameter): Name = "Drain to Source Voltage"; Value = "60V"; VariantName = "[No Variations]"
Change component parameters (AddParameter): Name = "Manufacturer Part Number"; Value = "T2N7002AK,LM"; VariantName = "[No Variations]"
Change component parameters (AddParameter): Name = "Operating Temperature"; Value = "-55C - 150C"; VariantName = "[No Variations]"
Change component parameters (AddParameter): Name = "Part Number"; Value = "T2N7002AK,LM"; VariantName = "[No Variations]"
Change component parameters (AddParameter): Name = "Power Dissipation (Max)"; Value = "320mW (Ta)"; VariantName = "[No Variations]"
Change component parameters (AddParameter): Name = "Rds On (Max) @ Id, Vgs"; Value = "3.9ohm"; VariantName = "[No Variations]"
Change component parameters (AddParameter): Name = "Vgs (Max)"; Value = ""; VariantName = "[No Variations]"
Change component parameters (AddParameter): Name = "Vgs(th) (Max) @ Id"; Value = "2.1V @ 250µA"; VariantName = "[No Variations]"
