Change Physical Footprint: Designator=C1A Old Footprint=CAPC0805X060 New Footprint=CAPC0805X060
Change Physical Footprint: Designator=C1B Old Footprint=CAPC0805X060 New Footprint=CAPC0805X060
Change Physical Footprint: Designator=C1C Old Footprint=CAPC0805X060 New Footprint=CAPC0805X060
Change Physical Footprint: Designator=C1D Old Footprint=CAPC0805X060 New Footprint=CAPC0805X060
Change Physical Footprint: Designator=C2A Old Footprint=CAPC0805X060 New Footprint=CAPC0805X060
Change Physical Footprint: Designator=C2B Old Footprint=CAPC0805X060 New Footprint=CAPC0805X060
Change Physical Footprint: Designator=C2C Old Footprint=CAPC0805X060 New Footprint=CAPC0805X060
Change Physical Footprint: Designator=C2D Old Footprint=CAPC0805X060 New Footprint=CAPC0805X060
Change Physical Footprint: Designator=C3A Old Footprint=CAPC0805X060 New Footprint=CAPC0805X060
Change Physical Footprint: Designator=C3B Old Footprint=CAPC0805X060 New Footprint=CAPC0805X060
Change Physical Footprint: Designator=C3C Old Footprint=CAPC0805X060 New Footprint=CAPC0805X060
Change Physical Footprint: Designator=C3D Old Footprint=CAPC0805X060 New Footprint=CAPC0805X060
Change Physical Footprint: Designator=C4 Old Footprint=CAPC0603X040 New Footprint=CAPC0603X040
Change Physical Footprint: Designator=C5 Old Footprint=CAPC0402X020 New Footprint=CAPC0402X020
Change Physical Footprint: Designator=C6 Old Footprint=CAPC0603X040 New Footprint=CAPC0603X040
Change Physical Footprint: Designator=C7 Old Footprint=CAPC0805X060 New Footprint=CAPC0805X060
Change Physical Footprint: Designator=C8 Old Footprint=CAPC0805X060 New Footprint=CAPC0805X060
Change Physical Footprint: Designator=C9 Old Footprint=CAPC0805X060 New Footprint=CAPC0805X060
Change Physical Footprint: Designator=C10 Old Footprint=CAPC0805X060 New Footprint=CAPC0805X060
Change Physical Footprint: Designator=C11 Old Footprint=CAPC0805X060 New Footprint=CAPC0805X060
Change Physical Footprint: Designator=C12 Old Footprint=CAPC0402X020 New Footprint=CAPC0402X020
Change Physical Footprint: Designator=C13 Old Footprint=CAPC0402X020 New Footprint=CAPC0402X020
Change Physical Footprint: Designator=C14 Old Footprint=CAPC0402X020 New Footprint=CAPC0402X020
Change Physical Footprint: Designator=C15 Old Footprint=CAPC0402X020 New Footprint=CAPC0402X020
Change Physical Footprint: Designator=C16 Old Footprint=CAPC0603X040 New Footprint=CAPC0603X040
Change Physical Footprint: Designator=C17 Old Footprint=CAPC0402X020 New Footprint=CAPC0402X020
Change Physical Footprint: Designator=C18 Old Footprint=CAPC0402X020 New Footprint=CAPC0402X020
Change Physical Footprint: Designator=C19 Old Footprint=CAPC0805X060 New Footprint=CAPC0805X060
Change Physical Footprint: Designator=C20 Old Footprint=CAPC0603X040 New Footprint=CAPC0603X040
Change Physical Footprint: Designator=C21 Old Footprint=CAPC0402X020 New Footprint=CAPC0402X020
Change Physical Footprint: Designator=C22 Old Footprint=CAPC0402X020 New Footprint=CAPC0402X020
Change Physical Footprint: Designator=C23 Old Footprint=CAPC0402X020 New Footprint=CAPC0402X020
Change Physical Footprint: Designator=C24 Old Footprint=CAPC0402X020 New Footprint=CAPC0402X020
Change Physical Footprint: Designator=C25 Old Footprint=CAPC0805X060 New Footprint=CAPC0805X060
Change Physical Footprint: Designator=C26 Old Footprint=CAPC1210X090 New Footprint=CAPC1210X090
Change Physical Footprint: Designator=C27 Old Footprint=CAPC1210X090 New Footprint=CAPC1210X090
Change Physical Footprint: Designator=C28 Old Footprint=CAPC0402X020 New Footprint=CAPC0402X020
Change Physical Footprint: Designator=C29 Old Footprint=CAPC0805X060 New Footprint=CAPC0805X060
Change Physical Footprint: Designator=C30 Old Footprint=CAPC0603X040 New Footprint=CAPC0603X040
Change Physical Footprint: Designator=C31 Old Footprint=2312 Tantalum New Footprint=2312 Tantalum
Change Physical Footprint: Designator=C32 Old Footprint=CAPC0805X060 New Footprint=CAPC0805X060
Change Physical Footprint: Designator=C33 Old Footprint=CAPC0805X060 New Footprint=CAPC0805X060
Change Physical Footprint: Designator=C34 Old Footprint=CAPC0603X040 New Footprint=CAPC0603X040
Change Physical Footprint: Designator=C35 Old Footprint=CAPC0603X040 New Footprint=CAPC0603X040
Change Physical Footprint: Designator=C36 Old Footprint=CAPC0603X040 New Footprint=CAPC0603X040
Change Physical Footprint: Designator=C37 Old Footprint=CAPC0805X060 New Footprint=CAPC0805X060
Change Physical Footprint: Designator=C38 Old Footprint=CAPC0603X040 New Footprint=CAPC0603X040
Change Physical Footprint: Designator=C39 Old Footprint=CAPC0805X060 New Footprint=CAPC0805X060
Change Physical Footprint: Designator=C40 Old Footprint=CAPC0805X060 New Footprint=CAPC0805X060
Change Physical Footprint: Designator=C41 Old Footprint=CAPC0805X060 New Footprint=CAPC0805X060
Change Physical Footprint: Designator=C42 Old Footprint=CAPC0805X060 New Footprint=CAPC0805X060
Change Physical Footprint: Designator=C43 Old Footprint=CAPC1210X090 New Footprint=CAPC1210X090
Change Physical Footprint: Designator=C44 Old Footprint=CAPC1210X090 New Footprint=CAPC1210X090
Change Physical Footprint: Designator=C45 Old Footprint=CAPC0402X020 New Footprint=CAPC0402X020
Change Physical Footprint: Designator=C46 Old Footprint=CAPC0805X060 New Footprint=CAPC0805X060
Change Physical Footprint: Designator=C47 Old Footprint=CAPC0603X040 New Footprint=CAPC0603X040
Change Physical Footprint: Designator=C48 Old Footprint=CAPC0805X060 New Footprint=CAPC0805X060
Change Physical Footprint: Designator=C49 Old Footprint=CAPC0805X060 New Footprint=CAPC0805X060
Change Physical Footprint: Designator=C50 Old Footprint=CAPC0603X040 New Footprint=CAPC0603X040
Change Physical Footprint: Designator=C51 Old Footprint=CAPC0603X040 New Footprint=CAPC0603X040
Change Physical Footprint: Designator=C52 Old Footprint=CAPC0805X060 New Footprint=CAPC0805X060
Change Physical Footprint: Designator=C53 Old Footprint=CAPC0805X060 New Footprint=CAPC0805X060
Change Physical Footprint: Designator=C54 Old Footprint=CAPC0805X060 New Footprint=CAPC0805X060
Change Physical Footprint: Designator=C55 Old Footprint=CAPC1210X090 New Footprint=CAPC1210X090
Change Physical Footprint: Designator=C56 Old Footprint=CAPC1210X090 New Footprint=CAPC1210X090
Change Physical Footprint: Designator=C57 Old Footprint=CAPC0402X020 New Footprint=CAPC0402X020
Change Physical Footprint: Designator=C58 Old Footprint=CAPC0805X060 New Footprint=CAPC0805X060
Change Physical Footprint: Designator=C59 Old Footprint=CAPC0603X040 New Footprint=CAPC0603X040
Change Physical Footprint: Designator=C60 Old Footprint=2312 Tantalum New Footprint=2312 Tantalum
Change Physical Footprint: Designator=C61 Old Footprint=CAPC0805X060 New Footprint=CAPC0805X060
Change Physical Footprint: Designator=C62 Old Footprint=CAPC0805X060 New Footprint=CAPC0805X060
Change Physical Footprint: Designator=C63 Old Footprint=CAPC0603X040 New Footprint=CAPC0603X040
Change Physical Footprint: Designator=C64 Old Footprint=CAPC0603X040 New Footprint=CAPC0603X040
Change Physical Footprint: Designator=C65 Old Footprint=CAPC0603X040 New Footprint=CAPC0603X040
Change Physical Footprint: Designator=C66 Old Footprint=CAPC0603X040 New Footprint=CAPC0603X040
Change Physical Footprint: Designator=C67 Old Footprint=CAPC0805X060 New Footprint=CAPC0805X060
Change Physical Footprint: Designator=C68 Old Footprint=CAPC0805X060 New Footprint=CAPC0805X060
Change Physical Footprint: Designator=C69 Old Footprint=CAPC0805X060 New Footprint=CAPC0805X060
Change Physical Footprint: Designator=C70 Old Footprint=CAPC0805X060 New Footprint=CAPC0805X060
Change Physical Footprint: Designator=C71 Old Footprint=CAPC1210X090 New Footprint=CAPC1210X090
Change Physical Footprint: Designator=C72 Old Footprint=CAPC0805X060 New Footprint=CAPC0805X060
Change Physical Footprint: Designator=C73 Old Footprint=CAPC1210X090 New Footprint=CAPC1210X090
Change Physical Footprint: Designator=C74 Old Footprint=CAPC0402X020 New Footprint=CAPC0402X020
Change Physical Footprint: Designator=C75 Old Footprint=CAPC0805X060 New Footprint=CAPC0805X060
Change Physical Footprint: Designator=C76 Old Footprint=CAPC0603X040 New Footprint=CAPC0603X040
Change Physical Footprint: Designator=C77 Old Footprint=2312 Tantalum New Footprint=2312 Tantalum
Change Physical Footprint: Designator=C78 Old Footprint=CAPC0805X060 New Footprint=CAPC0805X060
Change Physical Footprint: Designator=C79 Old Footprint=CAPC0805X060 New Footprint=CAPC0805X060
Change Physical Footprint: Designator=C80 Old Footprint=CAPC0603X040 New Footprint=CAPC0603X040
Change Physical Footprint: Designator=C81 Old Footprint=CAPC0603X040 New Footprint=CAPC0603X040
Change Physical Footprint: Designator=C82 Old Footprint=CAPC0603X040 New Footprint=CAPC0603X040
Change Physical Footprint: Designator=C83 Old Footprint=CAPC0603X040 New Footprint=CAPC0603X040
Change Physical Footprint: Designator=C84 Old Footprint=CAPC0805X060 New Footprint=CAPC0805X060
Change Physical Footprint: Designator=C85 Old Footprint=CAPC0805X060 New Footprint=CAPC0805X060
Change Physical Footprint: Designator=C86 Old Footprint=CAPC0805X060 New Footprint=CAPC0805X060
Change Physical Footprint: Designator=C87 Old Footprint=CAPC0805X060 New Footprint=CAPC0805X060
Change Physical Footprint: Designator=C88A Old Footprint=CAPC0603X040 New Footprint=CAPC0603X040
Change Physical Footprint: Designator=C88B Old Footprint=CAPC0603X040 New Footprint=CAPC0603X040
Change Physical Footprint: Designator=C89A Old Footprint=CAPC0603X040 New Footprint=CAPC0603X040
Change Physical Footprint: Designator=C89B Old Footprint=CAPC0603X040 New Footprint=CAPC0603X040
Change Physical Footprint: Designator=C90 Old Footprint=CAPC0603X040 New Footprint=CAPC0603X040
Change Physical Footprint: Designator=C91 Old Footprint=CAPC0805X060 New Footprint=CAPC0805X060
Change Physical Footprint: Designator=C92 Old Footprint=CAPC0805X060 New Footprint=CAPC0805X060
Change Physical Footprint: Designator=C93 Old Footprint=CAPC0805X060 New Footprint=CAPC0805X060
Change Physical Footprint: Designator=C94 Old Footprint=CAPC0805X060 New Footprint=CAPC0805X060
Change Physical Footprint: Designator=C101A Old Footprint=CAPC0805X060 New Footprint=CAPC0805X060
Change Physical Footprint: Designator=C101B Old Footprint=CAPC0805X060 New Footprint=CAPC0805X060
Change Physical Footprint: Designator=C101C Old Footprint=CAPC0805X060 New Footprint=CAPC0805X060
Change Physical Footprint: Designator=C101D Old Footprint=CAPC0805X060 New Footprint=CAPC0805X060
Change Physical Footprint: Designator=C102 Old Footprint=CAPC0603X040 New Footprint=CAPC0603X040
Change Physical Footprint: Designator=C103 Old Footprint=CAPC0603X040 New Footprint=CAPC0603X040
Change Physical Footprint: Designator=C104 Old Footprint=CAPC1210X090 New Footprint=CAPC1210X090
Change Physical Footprint: Designator=C105 Old Footprint=CAPC0603X040 New Footprint=CAPC0603X040
Change Physical Footprint: Designator=C106 Old Footprint=CAPC0603X040 New Footprint=CAPC0603X040
Change Physical Footprint: Designator=C107 Old Footprint=CAPC0603X040 New Footprint=CAPC0603X040
Change Physical Footprint: Designator=C108 Old Footprint=CAPC0603X040 New Footprint=CAPC0603X040
Change Physical Footprint: Designator=C109 Old Footprint=CAPC0805X060 New Footprint=CAPC0805X060
Change Physical Footprint: Designator=C110 Old Footprint=CAPC0805X060 New Footprint=CAPC0805X060
Change Physical Footprint: Designator=C111 Old Footprint=CAPC0603X040 New Footprint=CAPC0603X040
Change Physical Footprint: Designator=C112 Old Footprint=CAPC0603X040 New Footprint=CAPC0603X040
Change Physical Footprint: Designator=C113 Old Footprint=CAPC0603X040 New Footprint=CAPC0603X040
Change Physical Footprint: Designator=C114 Old Footprint=CAPC0603X040 New Footprint=CAPC0603X040
Change Physical Footprint: Designator=C115 Old Footprint=CAPC0603X040 New Footprint=CAPC0603X040
Change Physical Footprint: Designator=C116 Old Footprint=CAPC0603X040 New Footprint=CAPC0603X040
Change Physical Footprint: Designator=C117 Old Footprint=CAPC0603X040 New Footprint=CAPC0603X040
Change Physical Footprint: Designator=C118 Old Footprint=CAPC0603X040 New Footprint=CAPC0603X040
Change Physical Footprint: Designator=C119 Old Footprint=CAPC0603X040 New Footprint=CAPC0603X040
Change Physical Footprint: Designator=C120 Old Footprint=CAPC0603X040 New Footprint=CAPC0603X040
Change Physical Footprint: Designator=C121 Old Footprint=CAPC0603X040 New Footprint=CAPC0603X040
Change Physical Footprint: Designator=C122 Old Footprint=CAPC0805X060 New Footprint=CAPC0805X060
Change Physical Footprint: Designator=C123 Old Footprint=CAPC0805X060 New Footprint=CAPC0805X060
Change Physical Footprint: Designator=C124 Old Footprint=CAPC0805X060 New Footprint=CAPC0805X060
Change Physical Footprint: Designator=C125 Old Footprint=CAPC0805X060 New Footprint=CAPC0805X060
Change Physical Footprint: Designator=D1 Old Footprint=SOT23-3 IC New Footprint=SOT23-3 IC
Change Physical Footprint: Designator=D2 Old Footprint=LEDR_0805 New Footprint=LEDR_0805
Change Physical Footprint: Designator=D3 Old Footprint=LEDG_0805 New Footprint=LEDG_0805
Change Physical Footprint: Designator=D4 Old Footprint=LEDG_0805 New Footprint=LEDG_0805
Change Physical Footprint: Designator=D5 Old Footprint=LEDB_0805 New Footprint=LEDB_0805
Change Physical Footprint: Designator=D6 Old Footprint=LEDB_0805 New Footprint=LEDB_0805
Change Physical Footprint: Designator=D7 Old Footprint=LEDB_0805 New Footprint=LEDB_0805
Change Physical Footprint: Designator=D8 Old Footprint=SOD-323 New Footprint=SOD-323
Change Physical Footprint: Designator=D8A Old Footprint=PESD5V0C1BLS-Q New Footprint=PESD5V0C1BLS-Q
Change Physical Footprint: Designator=D8B Old Footprint=PESD5V0C1BLS-Q New Footprint=PESD5V0C1BLS-Q
Change Physical Footprint: Designator=D8C Old Footprint=PESD5V0C1BLS-Q New Footprint=PESD5V0C1BLS-Q
Change Physical Footprint: Designator=D8D Old Footprint=PESD5V0C1BLS-Q New Footprint=PESD5V0C1BLS-Q
Change Physical Footprint: Designator=D9 Old Footprint=SOD-323 New Footprint=SOD-323
Change Physical Footprint: Designator=FB1 Old Footprint=74279220321 New Footprint=74279220321
Change Physical Footprint: Designator=J1 Old Footprint=0532610471 New Footprint=0532610471
Change Physical Footprint: Designator=J2 Old Footprint=TC2050-IDC New Footprint=TC2050-IDC
Change Physical Footprint: Designator=J3 Old Footprint=0532610471 New Footprint=0532610471
Change Physical Footprint: Designator=J4 Old Footprint=0532610471 New Footprint=0532610471
Change Physical Footprint: Designator=J5 Old Footprint=0532610471 New Footprint=0532610471
Change Physical Footprint: Designator=J6 Old Footprint=0532610471 New Footprint=0532610471
Change Physical Footprint: Designator=J7 Old Footprint=0532610871 New Footprint=0532610871
Change Physical Footprint: Designator=J8 Old Footprint=LS2-110-01-L-D New Footprint=LS2-110-01-L-D
Change Physical Footprint: Designator=L1 Old Footprint=ACT45B-101-2P-TL003 New Footprint=ACT45B-101-2P-TL003
Change Physical Footprint: Designator=L2 Old Footprint=1274AS-H-100M=P3 New Footprint=1274AS-H-100M=P3
Change Physical Footprint: Designator=L3 Old Footprint=744316560 New Footprint=744316560
Change Physical Footprint: Designator=L4 Old Footprint=1274AS-H-100M=P3 New Footprint=1274AS-H-100M=P3
Change Physical Footprint: Designator=L5 Old Footprint=1274AS-H-100M=P3 New Footprint=1274AS-H-100M=P3
Change Physical Footprint: Designator=MECH1 Old Footprint=M3 Mounting Hole New Footprint=M3 Mounting Hole
Change Physical Footprint: Designator=MECH2 Old Footprint=M3 Mounting Hole New Footprint=M3 Mounting Hole
Change Physical Footprint: Designator=MECH3 Old Footprint=M3 Mounting Hole New Footprint=M3 Mounting Hole
Change Physical Footprint: Designator=MECH4 Old Footprint=M3 Mounting Hole New Footprint=M3 Mounting Hole
Change Physical Footprint: Designator=PC1 Old Footprint=PC104 STACK HEADER New Footprint=PC104 STACK HEADER
Change Physical Footprint: Designator=Q1 Old Footprint=SOT23-3 MOSFET New Footprint=SOT23-3 MOSFET
Change Physical Footprint: Designator=Q2 Old Footprint=SOT23-3 MOSFET New Footprint=SOT23-3 MOSFET
Change Physical Footprint: Designator=Q3A Old Footprint=NTTFS5C454NLTAG New Footprint=NTTFS5C454NLTAG
Change Physical Footprint: Designator=Q3B Old Footprint=NTTFS5C454NLTAG New Footprint=NTTFS5C454NLTAG
Change Physical Footprint: Designator=R1A Old Footprint=RESC0805 New Footprint=RESC0805
Change Physical Footprint: Designator=R1B Old Footprint=RESC0805 New Footprint=RESC0805
Change Physical Footprint: Designator=R1C Old Footprint=RESC0805 New Footprint=RESC0805
Change Physical Footprint: Designator=R1D Old Footprint=RESC0805 New Footprint=RESC0805
Change Physical Footprint: Designator=R2A Old Footprint=RESC0805 New Footprint=RESC0805
Change Physical Footprint: Designator=R2B Old Footprint=RESC0805 New Footprint=RESC0805
Change Physical Footprint: Designator=R2C Old Footprint=RESC0805 New Footprint=RESC0805
Change Physical Footprint: Designator=R2D Old Footprint=RESC0805 New Footprint=RESC0805
Change Physical Footprint: Designator=R3A Old Footprint=RESC0805 New Footprint=RESC0805
Change Physical Footprint: Designator=R3B Old Footprint=RESC0805 New Footprint=RESC0805
Change Physical Footprint: Designator=R3C Old Footprint=RESC0805 New Footprint=RESC0805
Change Physical Footprint: Designator=R3D Old Footprint=RESC0805 New Footprint=RESC0805
Change Physical Footprint: Designator=R4A Old Footprint=RESC0805 New Footprint=RESC0805
Change Physical Footprint: Designator=R4B Old Footprint=RESC0805 New Footprint=RESC0805
Change Physical Footprint: Designator=R4C Old Footprint=RESC0805 New Footprint=RESC0805
Change Physical Footprint: Designator=R4D Old Footprint=RESC0805 New Footprint=RESC0805
Change Physical Footprint: Designator=R5A Old Footprint=RESC0805 New Footprint=RESC0805
Change Physical Footprint: Designator=R5B Old Footprint=RESC0805 New Footprint=RESC0805
Change Physical Footprint: Designator=R5C Old Footprint=RESC0805 New Footprint=RESC0805
Change Physical Footprint: Designator=R5D Old Footprint=RESC0805 New Footprint=RESC0805
Change Physical Footprint: Designator=R6A Old Footprint=RESC0805 New Footprint=RESC0805
Change Physical Footprint: Designator=R6B Old Footprint=RESC0805 New Footprint=RESC0805
Change Physical Footprint: Designator=R6C Old Footprint=RESC0805 New Footprint=RESC0805
Change Physical Footprint: Designator=R6D Old Footprint=RESC0805 New Footprint=RESC0805
Change Physical Footprint: Designator=R7 Old Footprint=RESC0805 New Footprint=RESC0805
Change Physical Footprint: Designator=R8 Old Footprint=RESC0805 New Footprint=RESC0805
Change Physical Footprint: Designator=R9 Old Footprint=RESC0805 New Footprint=RESC0805
Change Physical Footprint: Designator=R10 Old Footprint=RESC0603 New Footprint=RESC0603
Change Physical Footprint: Designator=R11 Old Footprint=RESC0603 New Footprint=RESC0603
Change Physical Footprint: Designator=R12 Old Footprint=RESC0805 New Footprint=RESC0805
Change Physical Footprint: Designator=R13 Old Footprint=RESC0805 New Footprint=RESC0805
Change Physical Footprint: Designator=R14 Old Footprint=RESC0805 New Footprint=RESC0805
Change Physical Footprint: Designator=R15 Old Footprint=RESC0603 New Footprint=RESC0603
Change Physical Footprint: Designator=R16 Old Footprint=RESC0603 New Footprint=RESC0603
Change Physical Footprint: Designator=R17 Old Footprint=RESC0805 New Footprint=RESC0805
Change Physical Footprint: Designator=R18 Old Footprint=RESC0603 New Footprint=RESC0603
Change Physical Footprint: Designator=R19 Old Footprint=RESC0603 New Footprint=RESC0603
Change Physical Footprint: Designator=R20 Old Footprint=RESC0805 New Footprint=RESC0805
Change Physical Footprint: Designator=R21 Old Footprint=RESC0805 New Footprint=RESC0805
Change Physical Footprint: Designator=R22 Old Footprint=RESC0805 New Footprint=RESC0805
Change Physical Footprint: Designator=R23 Old Footprint=RESC0805 New Footprint=RESC0805
Change Physical Footprint: Designator=R24 Old Footprint=RESC0805 New Footprint=RESC0805
Change Physical Footprint: Designator=R25 Old Footprint=RESC0805 New Footprint=RESC0805
Change Physical Footprint: Designator=R26 Old Footprint=RESC0805 New Footprint=RESC0805
Change Physical Footprint: Designator=R27 Old Footprint=RESC0805 New Footprint=RESC0805
Change Physical Footprint: Designator=R28 Old Footprint=RESC0603 New Footprint=RESC0603
Change Physical Footprint: Designator=R29 Old Footprint=RESC0805 New Footprint=RESC0805
Change Physical Footprint: Designator=R30 Old Footprint=RESC0805 New Footprint=RESC0805
Change Physical Footprint: Designator=R31 Old Footprint=RESC0603 New Footprint=RESC0603
Change Physical Footprint: Designator=R32 Old Footprint=RESC0603 New Footprint=RESC0603
Change Physical Footprint: Designator=R33 Old Footprint=RESC0805 New Footprint=RESC0805
Change Physical Footprint: Designator=R34 Old Footprint=RESC0603 New Footprint=RESC0603
Change Physical Footprint: Designator=R35 Old Footprint=RESC0805 New Footprint=RESC0805
Change Physical Footprint: Designator=R36 Old Footprint=RESC0805 New Footprint=RESC0805
Change Physical Footprint: Designator=R37 Old Footprint=RESC0805 New Footprint=RESC0805
Change Physical Footprint: Designator=R38 Old Footprint=RESC0805 New Footprint=RESC0805
Change Physical Footprint: Designator=R39 Old Footprint=RESC0805 New Footprint=RESC0805
Change Physical Footprint: Designator=R40 Old Footprint=RESC0805 New Footprint=RESC0805
Change Physical Footprint: Designator=R41 Old Footprint=RESC0805 New Footprint=RESC0805
Change Physical Footprint: Designator=R42 Old Footprint=RESC0805 New Footprint=RESC0805
Change Physical Footprint: Designator=R43 Old Footprint=RESC0805 New Footprint=RESC0805
Change Physical Footprint: Designator=R44 Old Footprint=RESC0805 New Footprint=RESC0805
Change Physical Footprint: Designator=R45 Old Footprint=RESC0603 New Footprint=RESC0603
Change Physical Footprint: Designator=R46 Old Footprint=RESC0603 New Footprint=RESC0603
Change Physical Footprint: Designator=R47 Old Footprint=RESC0805 New Footprint=RESC0805
Change Physical Footprint: Designator=R48 Old Footprint=RESC0805 New Footprint=RESC0805
Change Physical Footprint: Designator=R49 Old Footprint=RESC0805 New Footprint=RESC0805
Change Physical Footprint: Designator=R50 Old Footprint=RESC0805 New Footprint=RESC0805
Change Physical Footprint: Designator=R51 Old Footprint=RESC0805 New Footprint=RESC0805
Change Physical Footprint: Designator=R52 Old Footprint=RESC0805 New Footprint=RESC0805
Change Physical Footprint: Designator=R53 Old Footprint=RESC0805 New Footprint=RESC0805
Change Physical Footprint: Designator=R54 Old Footprint=RESC0805 New Footprint=RESC0805
Change Physical Footprint: Designator=R55 Old Footprint=RESC0805 New Footprint=RESC0805
Change Physical Footprint: Designator=R56 Old Footprint=RESC0603 New Footprint=RESC0603
Change Physical Footprint: Designator=R57 Old Footprint=RESC0805 New Footprint=RESC0805
Change Physical Footprint: Designator=R58 Old Footprint=RESC0805 New Footprint=RESC0805
Change Physical Footprint: Designator=R59 Old Footprint=RESC0603 New Footprint=RESC0603
Change Physical Footprint: Designator=R60 Old Footprint=RESC0603 New Footprint=RESC0603
Change Physical Footprint: Designator=R61 Old Footprint=RESC0805 New Footprint=RESC0805
Change Physical Footprint: Designator=R62 Old Footprint=RESC0805 New Footprint=RESC0805
Change Physical Footprint: Designator=R63 Old Footprint=RESC0805 New Footprint=RESC0805
Change Physical Footprint: Designator=R64 Old Footprint=RESC0805 New Footprint=RESC0805
Change Physical Footprint: Designator=R65 Old Footprint=RESC0805 New Footprint=RESC0805
Change Physical Footprint: Designator=R66 Old Footprint=RESC0805 New Footprint=RESC0805
Change Physical Footprint: Designator=R67 Old Footprint=RESC0805 New Footprint=RESC0805
Change Physical Footprint: Designator=R68 Old Footprint=RESC0805 New Footprint=RESC0805
Change Physical Footprint: Designator=R69 Old Footprint=RESC0805 New Footprint=RESC0805
Change Physical Footprint: Designator=R70A Old Footprint=RESC0805 New Footprint=RESC0805
Change Physical Footprint: Designator=R70B Old Footprint=RESC0805 New Footprint=RESC0805
Change Physical Footprint: Designator=R71A Old Footprint=RESC0603 New Footprint=RESC0603
Change Physical Footprint: Designator=R71B Old Footprint=RESC0603 New Footprint=RESC0603
Change Physical Footprint: Designator=R72A Old Footprint=LVK12R050CER-2 New Footprint=LVK12R050CER-2
Change Physical Footprint: Designator=R72B Old Footprint=LVK12R050CER-2 New Footprint=LVK12R050CER-2
Change Physical Footprint: Designator=R73A Old Footprint=RESC0805 New Footprint=RESC0805
Change Physical Footprint: Designator=R73B Old Footprint=RESC0805 New Footprint=RESC0805
Change Physical Footprint: Designator=R74 Old Footprint=RESC0603 New Footprint=RESC0603
Change Physical Footprint: Designator=R75 Old Footprint=RESC0603 New Footprint=RESC0603
Change Physical Footprint: Designator=R76 Old Footprint=RESC0603 New Footprint=RESC0603
Change Physical Footprint: Designator=R77 Old Footprint=RESC0603 New Footprint=RESC0603
Change Physical Footprint: Designator=R78 Old Footprint=RESC0603 New Footprint=RESC0603
Change Physical Footprint: Designator=R79 Old Footprint=RESC0603 New Footprint=RESC0603
Change Physical Footprint: Designator=R80 Old Footprint=RESC0805 New Footprint=RESC0805
Change Physical Footprint: Designator=R81 Old Footprint=RESC0805 New Footprint=RESC0805
Change Physical Footprint: Designator=R82 Old Footprint=RESC0805 New Footprint=RESC0805
Change Physical Footprint: Designator=R83 Old Footprint=RESC0603 New Footprint=RESC0603
Change Physical Footprint: Designator=R84 Old Footprint=RESC0805 New Footprint=RESC0805
Change Physical Footprint: Designator=R85 Old Footprint=RESC0805 New Footprint=RESC0805
Change Physical Footprint: Designator=R86 Old Footprint=RESC0805 New Footprint=RESC0805
Change Physical Footprint: Designator=R87 Old Footprint=RESC0805 New Footprint=RESC0805
Change Physical Footprint: Designator=R88 Old Footprint=RESC0805 New Footprint=RESC0805
Change Physical Footprint: Designator=R89 Old Footprint=RESC0805 New Footprint=RESC0805
Change Physical Footprint: Designator=R90 Old Footprint=RESC0805 New Footprint=RESC0805
Change Physical Footprint: Designator=R91 Old Footprint=RESC0805 New Footprint=RESC0805
Change Physical Footprint: Designator=R92 Old Footprint=RESC0805 New Footprint=RESC0805
Change Physical Footprint: Designator=R93 Old Footprint=RESC0805 New Footprint=RESC0805
Change Physical Footprint: Designator=R94 Old Footprint=RESC0805 New Footprint=RESC0805
Change Physical Footprint: Designator=R95 Old Footprint=RESC0805 New Footprint=RESC0805
Change Physical Footprint: Designator=R96 Old Footprint=RESC0805 New Footprint=RESC0805
Change Physical Footprint: Designator=R97 Old Footprint=RESC0805 New Footprint=RESC0805
Change Physical Footprint: Designator=R98 Old Footprint=RESC0805 New Footprint=RESC0805
Change Physical Footprint: Designator=R99 Old Footprint=RESC0805 New Footprint=RESC0805
Change Physical Footprint: Designator=S1 Old Footprint=B3U-1000P New Footprint=B3U-1000P
Change Physical Footprint: Designator=S2 Old Footprint=B3U-1000P New Footprint=B3U-1000P
Change Physical Footprint: Designator=U1A Old Footprint=VFQFN-10 New Footprint=VFQFN-10
Change Physical Footprint: Designator=U1B Old Footprint=VFQFN-10 New Footprint=VFQFN-10
Change Physical Footprint: Designator=U1C Old Footprint=VFQFN-10 New Footprint=VFQFN-10
Change Physical Footprint: Designator=U1D Old Footprint=VFQFN-10 New Footprint=VFQFN-10
Change Physical Footprint: Designator=U3 Old Footprint=STM32F427VGT7 New Footprint=STM32F427VGT7
Change Physical Footprint: Designator=U4 Old Footprint=SOIC-8 New Footprint=SOIC-8
Change Physical Footprint: Designator=U5 Old Footprint=SOT-583 New Footprint=SOT-583
Change Physical Footprint: Designator=U6 Old Footprint=SOT23-5 IC New Footprint=SOT23-5 IC
Change Physical Footprint: Designator=U7 Old Footprint=SOT23-5 IC New Footprint=SOT23-5 IC
Change Physical Footprint: Designator=U8 Old Footprint=SOT23-5 IC New Footprint=SOT23-5 IC
Change Physical Footprint: Designator=U9 Old Footprint=TPS1641 New Footprint=TPS1641
Change Physical Footprint: Designator=U10 Old Footprint=TPS1641 New Footprint=TPS1641
Change Physical Footprint: Designator=U11 Old Footprint=SOT-583 New Footprint=SOT-583
Change Physical Footprint: Designator=U12 Old Footprint=SOT23-5 IC New Footprint=SOT23-5 IC
Change Physical Footprint: Designator=U13 Old Footprint=SOT23-5 IC New Footprint=SOT23-5 IC
Change Physical Footprint: Designator=U14 Old Footprint=VFQFN-10 New Footprint=VFQFN-10
Change Physical Footprint: Designator=U15 Old Footprint=SOT-583 New Footprint=SOT-583
Change Physical Footprint: Designator=U16 Old Footprint=SOT23-5 IC New Footprint=SOT23-5 IC
Change Physical Footprint: Designator=U17 Old Footprint=SOT23-5 IC New Footprint=SOT23-5 IC
Change Physical Footprint: Designator=U18 Old Footprint=SOT23-5 IC New Footprint=SOT23-5 IC
Change Physical Footprint: Designator=U19 Old Footprint=TPS1641 New Footprint=TPS1641
Change Physical Footprint: Designator=U20 Old Footprint=TPS1641 New Footprint=TPS1641
Change Physical Footprint: Designator=U21 Old Footprint=SOT-583 New Footprint=SOT-583
Change Physical Footprint: Designator=U22 Old Footprint=SOT23-5 IC New Footprint=SOT23-5 IC
Change Physical Footprint: Designator=U23 Old Footprint=SOT23-5 IC New Footprint=SOT23-5 IC
Change Physical Footprint: Designator=U24 Old Footprint=SOT23-5 IC New Footprint=SOT23-5 IC
Change Physical Footprint: Designator=U25 Old Footprint=TPS1641 New Footprint=TPS1641
Change Physical Footprint: Designator=U26 Old Footprint=TPS1641 New Footprint=TPS1641
Change Physical Footprint: Designator=U27A Old Footprint=SOT23-5 IC New Footprint=SOT23-5 IC
Change Physical Footprint: Designator=U27B Old Footprint=SOT23-5 IC New Footprint=SOT23-5 IC
Change Physical Footprint: Designator=U28A Old Footprint=SOT23-5 IC New Footprint=SOT23-5 IC
Change Physical Footprint: Designator=U28B Old Footprint=SOT23-5 IC New Footprint=SOT23-5 IC
Change Physical Footprint: Designator=U29 Old Footprint=VSSOP-8 New Footprint=VSSOP-8
Change Physical Footprint: Designator=Y1 Old Footprint=CM7VT1A32.768KHZ125PF20PPMTBQAT3 New Footprint=CM7VT1A32.768KHZ125PF20PPMTBQAT3
Change Physical Footprint: Designator=Y2 Old Footprint=830069882 New Footprint=830069882
