Removed Pin From Net: NetName=NetC104_1 Pin=C104-1
Change component parameters: Designator = "Q3A" ("Q3"); Footprint = "NTTFS5C454NLTAG"; UniqueID = "\MXTVUSBR\ILTYOKLQ" ("\MXTVUSBR\ILTYOKLQ")
Change component parameters (AddParameter): Name = "ComponentLink1Description"; Value = "Datasheet"; VariantName = "[No Variations]"
Change component parameters (AddParameter): Name = "ComponentLink1URL"; Value = "https://www.onsemi.com/pdf/datasheet/nttfs5c454nl-d.pdf"; VariantName = "[No Variations]"
Change component parameters (AddParameter): Name = "Current - Continuous Drain (Id)"; Value = "20A"; VariantName = "[No Variations]"
Change component parameters (AddParameter): Name = "Distributor"; Value = ""; VariantName = "[No Variations]"
Change component parameters (AddParameter): Name = "Distributor Part Number"; Value = "NTTFS5C454NLTAGOSCT-ND"; VariantName = "[No Variations]"
Change component parameters (AddParameter): Name = "Gate Charge (Qg) (Max) @ Vgs"; Value = "18nC @ 10V"; VariantName = "[No Variations]"
Change component parameters (AddParameter): Name = "Manufacturer"; Value = "Onsemi"; VariantName = "[No Variations]"
Change component parameters (AddParameter): Name = "Operating Temperature"; Value = "-55ｰC ~ 175ｰC"; VariantName = "[No Variations]"
Change component parameters (AddParameter): Name = "Part Number"; Value = "NTTFS5C454NL"; VariantName = "[No Variations]"
Change component parameters (AddParameter): Name = "Power Dissipation (Max) (Ta)"; Value = "3.2W"; VariantName = "[No Variations]"
Change component parameters (AddParameter): Name = "Rds On (Max)"; Value = "3.8mOhm"; VariantName = "[No Variations]"
Change component parameters (AddParameter): Name = "Vdss"; Value = "40V"; VariantName = "[No Variations]"
Change component parameters (AddParameter): Name = "Vgs (Max)"; Value = "20V"; VariantName = "[No Variations]"
Change component parameters: Designator = "Q3B" ("Q3"); Footprint = "NTTFS5C454NLTAG"; UniqueID = "\ZQVUCRYE\ILTYOKLQ" ("\ZQVUCRYE\ILTYOKLQ")
Change component parameters (AddParameter): Name = "ComponentLink1Description"; Value = "Datasheet"; VariantName = "[No Variations]"
Change component parameters (AddParameter): Name = "ComponentLink1URL"; Value = "https://www.onsemi.com/pdf/datasheet/nttfs5c454nl-d.pdf"; VariantName = "[No Variations]"
Change component parameters (AddParameter): Name = "Current - Continuous Drain (Id)"; Value = "20A"; VariantName = "[No Variations]"
Change component parameters (AddParameter): Name = "Distributor"; Value = ""; VariantName = "[No Variations]"
Change component parameters (AddParameter): Name = "Distributor Part Number"; Value = "NTTFS5C454NLTAGOSCT-ND"; VariantName = "[No Variations]"
Change component parameters (AddParameter): Name = "Gate Charge (Qg) (Max) @ Vgs"; Value = "18nC @ 10V"; VariantName = "[No Variations]"
Change component parameters (AddParameter): Name = "Manufacturer"; Value = "Onsemi"; VariantName = "[No Variations]"
Change component parameters (AddParameter): Name = "Operating Temperature"; Value = "-55ｰC ~ 175ｰC"; VariantName = "[No Variations]"
Change component parameters (AddParameter): Name = "Part Number"; Value = "NTTFS5C454NL"; VariantName = "[No Variations]"
Change component parameters (AddParameter): Name = "Power Dissipation (Max) (Ta)"; Value = "3.2W"; VariantName = "[No Variations]"
Change component parameters (AddParameter): Name = "Rds On (Max)"; Value = "3.8mOhm"; VariantName = "[No Variations]"
Change component parameters (AddParameter): Name = "Vdss"; Value = "40V"; VariantName = "[No Variations]"
Change component parameters (AddParameter): Name = "Vgs (Max)"; Value = "20V"; VariantName = "[No Variations]"
Change component parameters: Designator = "R72A" ("R72"); Footprint = "LVK12R050CER-2"; UniqueID = "\MXTVUSBR\EFXRKTKY" ("\MXTVUSBR\EFXRKTKY")
Change component parameters (AddParameter): Name = "Distributor"; Value = "Digikey"; VariantName = "[No Variations]"
Change component parameters (AddParameter): Name = "Distributor Part Number"; Value = "LVK12R050CER    "; VariantName = "[No Variations]"
Change component parameters (AddParameter): Name = "Manufacturer"; Value = "Ohmite"; VariantName = "[No Variations]"
Change component parameters (AddParameter): Name = "Part Number"; Value = "LVK12R050CER"; VariantName = "[No Variations]"
Change component parameters (AddParameter): Name = "Power"; Value = "0.5W"; VariantName = "[No Variations]"
Change component parameters (AddParameter): Name = "Resistance"; Value = "50mOhm"; VariantName = "[No Variations]"
Change component parameters (AddParameter): Name = "Temperature Coefficient"; Value = "ｱ50ppm/ｰC"; VariantName = "[No Variations]"
Change component parameters (AddParameter): Name = "Tolerance"; Value = "0.25%"; VariantName = "[No Variations]"
Change component parameters: Designator = "R72B" ("R72"); Footprint = "LVK12R050CER-2"; UniqueID = "\ZQVUCRYE\EFXRKTKY" ("\ZQVUCRYE\EFXRKTKY")
Change component parameters (AddParameter): Name = "Distributor"; Value = "Digikey"; VariantName = "[No Variations]"
Change component parameters (AddParameter): Name = "Distributor Part Number"; Value = "LVK12R050CER    "; VariantName = "[No Variations]"
Change component parameters (AddParameter): Name = "Manufacturer"; Value = "Ohmite"; VariantName = "[No Variations]"
Change component parameters (AddParameter): Name = "Part Number"; Value = "LVK12R050CER"; VariantName = "[No Variations]"
Change component parameters (AddParameter): Name = "Power"; Value = "0.5W"; VariantName = "[No Variations]"
Change component parameters (AddParameter): Name = "Resistance"; Value = "50mOhm"; VariantName = "[No Variations]"
Change component parameters (AddParameter): Name = "Temperature Coefficient"; Value = "ｱ50ppm/ｰC"; VariantName = "[No Variations]"
Change component parameters (AddParameter): Name = "Tolerance"; Value = "0.25%"; VariantName = "[No Variations]"
Change component parameters: Designator = "Y2" ("Y2"); Footprint = "830069882"; UniqueID = "\AEVAOYAC\NKCBGTGF" ("\AEVAOYAC\NKCBGTGF")
Change component parameters (AddParameter): Name = "Distributor"; Value = ""; VariantName = "[No Variations]"
Change component parameters (AddParameter): Name = "Distributor Part Number"; Value = "732-830069882CT-ND"; VariantName = "[No Variations]"
Change component parameters (AddParameter): Name = "ESR"; Value = "100R"; VariantName = "[No Variations]"
Change component parameters (AddParameter): Name = "Frequency"; Value = "12MHz"; VariantName = "[No Variations]"
Change component parameters (AddParameter): Name = "Load Capacitance"; Value = "10pF"; VariantName = "[No Variations]"
Change component parameters (AddParameter): Name = "Operating Temperature"; Value = "-40C to 125C"; VariantName = "[No Variations]"
Change component parameters (AddParameter): Name = "Part Number"; Value = "830069882"; VariantName = "[No Variations]"
Added Pin To Net: NetName=GND Pin=C104-1
Change Net Name : Old Net Name=NetC104_1 New Net Name=NetR40_1
