Removed Pin From Net: NetName=+2V5_REF Pin=C111-2
Removed Pin From Net: NetName=+2V5_REF Pin=C112-2
Removed Pin From Net: NetName=+2V5_REF Pin=C113-2
Removed Pin From Net: NetName=+2V5_REF Pin=C114-2
Removed Pin From Net: NetName=+2V5_REF Pin=C115-2
Removed Pin From Net: NetName=+2V5_REF Pin=C116-2
Removed Pin From Net: NetName=+2V5_REF Pin=C117-2
Removed Pin From Net: NetName=+2V5_REF Pin=C118-2
Removed Pin From Net: NetName=+2V5_REF Pin=C119-2
Removed Pin From Net: NetName=+2V5_REF Pin=C120-2
Removed Pin From Net: NetName=+2V5_REF Pin=C121-2
Removed Pin From Net: NetName=+2V5_REF Pin=U6-5
Removed Pin From Net: NetName=+2V5_REF Pin=U7-5
Removed Pin From Net: NetName=+2V5_REF Pin=U12-5
Removed Pin From Net: NetName=+2V5_REF Pin=U13-5
Removed Pin From Net: NetName=+2V5_REF Pin=U16-5
Removed Pin From Net: NetName=+2V5_REF Pin=U17-5
Removed Pin From Net: NetName=+2V5_REF Pin=U18-5
Removed Pin From Net: NetName=+2V5_REF Pin=U22-5
Removed Pin From Net: NetName=+2V5_REF Pin=U23-5
Removed Pin From Net: NetName=+2V5_REF Pin=U24-5
Change Component Designator: OldDesignator=AL5 NewDesignator=L5
Added Pin To Net: NetName=+3V3 Pin=C111-2
Added Pin To Net: NetName=+3V3 Pin=C112-2
Added Pin To Net: NetName=+3V3 Pin=C113-2
Added Pin To Net: NetName=+3V3 Pin=C114-2
Added Pin To Net: NetName=+3V3 Pin=C115-2
Added Pin To Net: NetName=+3V3 Pin=C116-2
Added Pin To Net: NetName=+3V3 Pin=C117-2
Added Pin To Net: NetName=+3V3 Pin=C118-2
Added Pin To Net: NetName=+3V3 Pin=C119-2
Added Pin To Net: NetName=+3V3 Pin=C120-2
Added Pin To Net: NetName=+3V3 Pin=C121-2
Added Pin To Net: NetName=+3V3 Pin=U6-5
Added Pin To Net: NetName=+3V3 Pin=U7-5
Added Pin To Net: NetName=+3V3 Pin=U12-5
Added Pin To Net: NetName=+3V3 Pin=U13-5
Added Pin To Net: NetName=+3V3 Pin=U16-5
Added Pin To Net: NetName=+3V3 Pin=U17-5
Added Pin To Net: NetName=+3V3 Pin=U18-5
Added Pin To Net: NetName=+3V3 Pin=U22-5
Added Pin To Net: NetName=+3V3 Pin=U23-5
Added Pin To Net: NetName=+3V3 Pin=U24-5
