Removed Member From Class: ClassName=Top_Level Member=J2
Removed Member From Class: ClassName=Top_Level Member=J3
Added Component: Designator=PC104(PC104 STACK HEADER)
Add component (AddParameter): Name = "Current Rating"; Value = "6.3A"; VariantName = "[No Variations]"
Add component (AddParameter): Name = "Distributor"; Value = "Digikey"; VariantName = "[No Variations]"
Add component (AddParameter): Name = "Distributor Part Number"; Value = "SSQ-126-21-G-D-ND"; VariantName = "[No Variations]"
Add component (AddParameter): Name = "Number of Positions"; Value = "52"; VariantName = "[No Variations]"
Add component (AddParameter): Name = "Number of Rows"; Value = "2"; VariantName = "[No Variations]"
Add component (AddParameter): Name = "Operating Temperature"; Value = "-55°C ~ 125°C"; VariantName = "[No Variations]"
Add component (AddParameter): Name = "Part Number"; Value = "SSQ-126-21-G-D"; VariantName = "[No Variations]"
Add component (AddParameter): Name = "Voltage Rating (AC)"; Value = "465V"; VariantName = "[No Variations]"
Add component (AddParameter): Name = "Voltage Rating (DC)"; Value = "655V"; VariantName = "[No Variations]"
Added Pin To Net: NetName=NetD3_2 Pin=PC104-A1
Added Pin To Net: NetName=NetD3_1 Pin=PC104-A3
Added Pin To Net: NetName=+5V_AUX Pin=PC104-A25
Added Pin To Net: NetName=+5V_AUX Pin=PC104-A26
Added Pin To Net: NetName=GND Pin=PC104-A29
Added Pin To Net: NetName=GND Pin=PC104-A30
Added Pin To Net: NetName=GND Pin=PC104-A31
Added Pin To Net: NetName=GND Pin=PC104-A32
Added Pin To Net: NetName=+3V3_OBC Pin=PC104-A45
Added Pin To Net: NetName=+3V3_OBC Pin=PC104-A46
Added Pin To Net: NetName=+5V_ADCS Pin=PC104-A47
Added Pin To Net: NetName=+5V_ADCS Pin=PC104-A48
Added Pin To Net: NetName=+5V5_RADIO Pin=PC104-A49
Added Pin To Net: NetName=+5V5_RADIO Pin=PC104-A50
Added Pin To Net: NetName=+5V_AUX Pin=PC104-B25
Added Pin To Net: NetName=+5V_AUX Pin=PC104-B26
Added Pin To Net: NetName=GND Pin=PC104-B29
Added Pin To Net: NetName=GND Pin=PC104-B30
Added Pin To Net: NetName=GND Pin=PC104-B31
Added Pin To Net: NetName=GND Pin=PC104-B32
Added Pin To Net: NetName=+3V3_AUX Pin=PC104-B35
Added Pin To Net: NetName=+3V3_AUX Pin=PC104-B36
Added Pin To Net: NetName=+12V_PAYLOAD Pin=PC104-B51
Added Pin To Net: NetName=+12V_PAYLOAD Pin=PC104-B52
Change Net Name : Old Net Name=NetD3_1 New Net Name=CANH
Change Net Name : Old Net Name=NetD3_2 New Net Name=CANL
Added Pin To Net: NetName=+12V_ACDS Pin=PC104-A51
Added Pin To Net: NetName=+12V_ACDS Pin=PC104-A52
Added Pin To Net: NetName=+12V_ACDS Pin=U18-10
Added Net: Name=+12V_ACDS
Add Net: Net with name "SYS" already exists
Added Class: Name=PC104
Added Member To Class: ClassName=PANEL[0..3] Member=Element[1]: PANEL
Added Room: Name=PC104
