Removed Pin From Net: NetName=GND Pin=D4-K
Removed Member From Class: ClassName=Controller Member=C23
Removed Member From Class: ClassName=Controller Member=J10
Removed Member From Class: ClassName=Controller Member=R10
Removed Member From Class: ClassName=5V5_Supply Member=R82
Change Component Designator: OldDesignator=C1 NewDesignator=C40
Change Component Designator: OldDesignator=C2 NewDesignator=C7
Change Component Designator: OldDesignator=C3 NewDesignator=C88
Change Component Designator: OldDesignator=C6 NewDesignator=C4
Change Component Designator: OldDesignator=C7 NewDesignator=C5
Change Component Designator: OldDesignator=C8 NewDesignator=C6
Change Component Designator: OldDesignator=C9 NewDesignator=C8
Change Component Designator: OldDesignator=C10 NewDesignator=C9
Change Component Designator: OldDesignator=C11 NewDesignator=C10
Change Component Designator: OldDesignator=C12 NewDesignator=C11
Change Component Designator: OldDesignator=C13 NewDesignator=C21
Change Component Designator: OldDesignator=C14 NewDesignator=C19
Change Component Designator: OldDesignator=C15 NewDesignator=C20
Change Component Designator: OldDesignator=C16 NewDesignator=C12
Change Component Designator: OldDesignator=C17 NewDesignator=C13
Change Component Designator: OldDesignator=C18 NewDesignator=C14
Change Component Designator: OldDesignator=C19 NewDesignator=C15
Change Component Designator: OldDesignator=C20 NewDesignator=C22
Change Component Designator: OldDesignator=C21 NewDesignator=C16
Change Component Designator: OldDesignator=C22 NewDesignator=C17
Change Component Designator: OldDesignator=C23 NewDesignator=C18
Change Component Designator: OldDesignator=C24 NewDesignator=C23
Change Component Designator: OldDesignator=C26 NewDesignator=C24
Change Component Designator: OldDesignator=C27 NewDesignator=C25
Change Component Designator: OldDesignator=C28 NewDesignator=C26
Change Component Designator: OldDesignator=C29 NewDesignator=C27
Change Component Designator: OldDesignator=C30 NewDesignator=C28
Change Component Designator: OldDesignator=C31 NewDesignator=C29
Change Component Designator: OldDesignator=C33 NewDesignator=C30
Change Component Designator: OldDesignator=C34 NewDesignator=C31
Change Component Designator: OldDesignator=C35 NewDesignator=C32
Change Component Designator: OldDesignator=C36 NewDesignator=C33
Change Component Designator: OldDesignator=C37 NewDesignator=C34
Change Component Designator: OldDesignator=C38 NewDesignator=C35
Change Component Designator: OldDesignator=C39 NewDesignator=C36
Change Component Designator: OldDesignator=C40 NewDesignator=C37
Change Component Designator: OldDesignator=C41 NewDesignator=C38
Change Component Designator: OldDesignator=C42 NewDesignator=C39
Change Component Designator: OldDesignator=C43 NewDesignator=C41
Change Component Designator: OldDesignator=C44 NewDesignator=C42
Change Component Designator: OldDesignator=C45 NewDesignator=C43
Change Component Designator: OldDesignator=C46 NewDesignator=C44
Change Component Designator: OldDesignator=C47 NewDesignator=C45
Change Component Designator: OldDesignator=C48 NewDesignator=C46
Change Component Designator: OldDesignator=C49 NewDesignator=C47
Change Component Designator: OldDesignator=C50 NewDesignator=C48
Change Component Designator: OldDesignator=C51 NewDesignator=C49
Change Component Designator: OldDesignator=C52 NewDesignator=C50
Change Component Designator: OldDesignator=C53 NewDesignator=C51
Change Component Designator: OldDesignator=C54 NewDesignator=C52
Change Component Designator: OldDesignator=C56 NewDesignator=C53
Change Component Designator: OldDesignator=C57 NewDesignator=C54
Change Component Designator: OldDesignator=C58 NewDesignator=C55
Change Component Designator: OldDesignator=C59 NewDesignator=C56
Change Component Designator: OldDesignator=C60 NewDesignator=C57
Change Component Designator: OldDesignator=C61 NewDesignator=C58
Change Component Designator: OldDesignator=C63 NewDesignator=C59
Change Component Designator: OldDesignator=C64 NewDesignator=C60
Change Component Designator: OldDesignator=C65 NewDesignator=C61
Change Component Designator: OldDesignator=C66 NewDesignator=C62
Change Component Designator: OldDesignator=C67 NewDesignator=C63
Change Component Designator: OldDesignator=C68 NewDesignator=C64
Change Component Designator: OldDesignator=C69 NewDesignator=C65
Change Component Designator: OldDesignator=C70 NewDesignator=C66
Change Component Designator: OldDesignator=C71 NewDesignator=C67
Change Component Designator: OldDesignator=C72 NewDesignator=C68
Change Component Designator: OldDesignator=C73 NewDesignator=C69
Change Component Designator: OldDesignator=C74 NewDesignator=C70
Change Component Designator: OldDesignator=C76 NewDesignator=C71
Change Component Designator: OldDesignator=C77 NewDesignator=C72
Change Component Designator: OldDesignator=C78 NewDesignator=C73
Change Component Designator: OldDesignator=C79 NewDesignator=C74
Change Component Designator: OldDesignator=C80 NewDesignator=C75
Change Component Designator: OldDesignator=C81 NewDesignator=C76
Change Component Designator: OldDesignator=C82 NewDesignator=C77
Change Component Designator: OldDesignator=C84 NewDesignator=C78
Change Component Designator: OldDesignator=C85 NewDesignator=C79
Change Component Designator: OldDesignator=C86 NewDesignator=C80
Change Component Designator: OldDesignator=C87 NewDesignator=C81
Change Component Designator: OldDesignator=C88 NewDesignator=C82
Change Component Designator: OldDesignator=C89 NewDesignator=C83
Change Component Designator: OldDesignator=C90 NewDesignator=C84
Change Component Designator: OldDesignator=C91 NewDesignator=C85
Change Component Designator: OldDesignator=C92A NewDesignator=C3A
Change Component Designator: OldDesignator=C92B NewDesignator=C3B
Change Component Designator: OldDesignator=C92C NewDesignator=C3C
Change Component Designator: OldDesignator=C92D NewDesignator=C3D
Change Component Designator: OldDesignator=C93A NewDesignator=C1A
Change Component Designator: OldDesignator=C93B NewDesignator=C1B
Change Component Designator: OldDesignator=C93C NewDesignator=C1C
Change Component Designator: OldDesignator=C93D NewDesignator=C1D
Change Component Designator: OldDesignator=C94A NewDesignator=C2A
Change Component Designator: OldDesignator=C94B NewDesignator=C2B
Change Component Designator: OldDesignator=C94C NewDesignator=C2C
Change Component Designator: OldDesignator=C94D NewDesignator=C2D
Change Component Designator: OldDesignator=C100A NewDesignator=C86A
Change Component Designator: OldDesignator=C100B NewDesignator=C86B
Change Component Designator: OldDesignator=C101A NewDesignator=C87A
Change Component Designator: OldDesignator=C101B NewDesignator=C87B
Change Component Designator: OldDesignator=D1 NewDesignator=D2
Change Component Designator: OldDesignator=D2 NewDesignator=D4
Change Component Designator: OldDesignator=D3 NewDesignator=D1
Change Component Designator: OldDesignator=D4 NewDesignator=D3
Change Component Designator: OldDesignator=J1 NewDesignator=J2
Change Component Designator: OldDesignator=J4 NewDesignator=J8
Change Component Designator: OldDesignator=J5 NewDesignator=J7
Change Component Designator: OldDesignator=J6 NewDesignator=J3
Change Component Designator: OldDesignator=J7 NewDesignator=J4
Change Component Designator: OldDesignator=J8 NewDesignator=J5
Change Component Designator: OldDesignator=J9 NewDesignator=J6
Change Component Designator: OldDesignator=J10 NewDesignator=J1
Change Component Designator: OldDesignator=PC104 NewDesignator=PC1
Change Component Designator: OldDesignator=Q1A NewDesignator=Q3A
Change Component Designator: OldDesignator=Q1B NewDesignator=Q3B
Change Component Designator: OldDesignator=Q2 NewDesignator=Q1
Change Component Designator: OldDesignator=Q4 NewDesignator=Q2
Change Component Designator: OldDesignator=R1 NewDesignator=R28
Change Component Designator: OldDesignator=R2 NewDesignator=R29
Change Component Designator: OldDesignator=R3 NewDesignator=R7
Change Component Designator: OldDesignator=R4 NewDesignator=R71
Change Component Designator: OldDesignator=R5 NewDesignator=R12
Change Component Designator: OldDesignator=R6 NewDesignator=R14
Change Component Designator: OldDesignator=R7 NewDesignator=R8
Change Component Designator: OldDesignator=R8 NewDesignator=R10
Change Component Designator: OldDesignator=R9 NewDesignator=R11
Change Component Designator: OldDesignator=R10 NewDesignator=R9
Change Component Designator: OldDesignator=R11 NewDesignator=R15
Change Component Designator: OldDesignator=R12 NewDesignator=R16
Change Component Designator: OldDesignator=R13 NewDesignator=R72
Change Component Designator: OldDesignator=R14 NewDesignator=R73
Change Component Designator: OldDesignator=R15 NewDesignator=R17
Change Component Designator: OldDesignator=R16 NewDesignator=R74
Change Component Designator: OldDesignator=R17 NewDesignator=R75
Change Component Designator: OldDesignator=R28 NewDesignator=R31
Change Component Designator: OldDesignator=R29 NewDesignator=R32
Change Component Designator: OldDesignator=R30 NewDesignator=R33
Change Component Designator: OldDesignator=R31 NewDesignator=R34
Change Component Designator: OldDesignator=R32 NewDesignator=R35
Change Component Designator: OldDesignator=R33 NewDesignator=R36
Change Component Designator: OldDesignator=R34 NewDesignator=R37
Change Component Designator: OldDesignator=R35 NewDesignator=R38
Change Component Designator: OldDesignator=R36 NewDesignator=R39
Change Component Designator: OldDesignator=R37 NewDesignator=R40
Change Component Designator: OldDesignator=R38 NewDesignator=R41
Change Component Designator: OldDesignator=R39 NewDesignator=R42
Change Component Designator: OldDesignator=R40 NewDesignator=R76
Change Component Designator: OldDesignator=R42 NewDesignator=R43
Change Component Designator: OldDesignator=R45 NewDesignator=R44
Change Component Designator: OldDesignator=R46 NewDesignator=R45
Change Component Designator: OldDesignator=R47 NewDesignator=R46
Change Component Designator: OldDesignator=R48 NewDesignator=R47
Change Component Designator: OldDesignator=R49 NewDesignator=R48
Change Component Designator: OldDesignator=R50 NewDesignator=R49
Change Component Designator: OldDesignator=R51 NewDesignator=R50
Change Component Designator: OldDesignator=R52 NewDesignator=R51
Change Component Designator: OldDesignator=R53 NewDesignator=R52
Change Component Designator: OldDesignator=R54 NewDesignator=R53
Change Component Designator: OldDesignator=R55 NewDesignator=R54
Change Component Designator: OldDesignator=R56 NewDesignator=R55
Change Component Designator: OldDesignator=R59 NewDesignator=R56
Change Component Designator: OldDesignator=R62 NewDesignator=R57
Change Component Designator: OldDesignator=R63 NewDesignator=R58
Change Component Designator: OldDesignator=R64 NewDesignator=R59
Change Component Designator: OldDesignator=R65 NewDesignator=R60
Change Component Designator: OldDesignator=R66 NewDesignator=R61
Change Component Designator: OldDesignator=R67 NewDesignator=R62
Change Component Designator: OldDesignator=R68 NewDesignator=R63
Change Component Designator: OldDesignator=R69 NewDesignator=R64
Change Component Designator: OldDesignator=R70 NewDesignator=R65
Change Component Designator: OldDesignator=R71 NewDesignator=R66
Change Component Designator: OldDesignator=R72A NewDesignator=R4A
Change Component Designator: OldDesignator=R72B NewDesignator=R4B
Change Component Designator: OldDesignator=R72C NewDesignator=R4C
Change Component Designator: OldDesignator=R72D NewDesignator=R4D
Change Component Designator: OldDesignator=R73A NewDesignator=R5A
Change Component Designator: OldDesignator=R73B NewDesignator=R5B
Change Component Designator: OldDesignator=R73C NewDesignator=R5C
Change Component Designator: OldDesignator=R73D NewDesignator=R5D
Change Component Designator: OldDesignator=R74A NewDesignator=R6A
Change Component Designator: OldDesignator=R74B NewDesignator=R6B
Change Component Designator: OldDesignator=R74C NewDesignator=R6C
Change Component Designator: OldDesignator=R74D NewDesignator=R6D
Change Component Designator: OldDesignator=R75A NewDesignator=R3A
Change Component Designator: OldDesignator=R75B NewDesignator=R3B
Change Component Designator: OldDesignator=R75C NewDesignator=R3C
Change Component Designator: OldDesignator=R75D NewDesignator=R3D
Change Component Designator: OldDesignator=R76A NewDesignator=R1A
Change Component Designator: OldDesignator=R76B NewDesignator=R1B
Change Component Designator: OldDesignator=R76C NewDesignator=R1C
Change Component Designator: OldDesignator=R76D NewDesignator=R1D
Change Component Designator: OldDesignator=R77A NewDesignator=R2A
Change Component Designator: OldDesignator=R77B NewDesignator=R2B
Change Component Designator: OldDesignator=R77C NewDesignator=R2C
Change Component Designator: OldDesignator=R77D NewDesignator=R2D
Change Component Designator: OldDesignator=R78A NewDesignator=R67A
Change Component Designator: OldDesignator=R78B NewDesignator=R67B
Change Component Designator: OldDesignator=R79A NewDesignator=R68A
Change Component Designator: OldDesignator=R79B NewDesignator=R68B
Change Component Designator: OldDesignator=R80A NewDesignator=R69A
Change Component Designator: OldDesignator=R80B NewDesignator=R69B
Change Component Designator: OldDesignator=R81A NewDesignator=R70A
Change Component Designator: OldDesignator=R81B NewDesignator=R70B
Change Component Designator: OldDesignator=R82 NewDesignator=R30
Change Component Designator: OldDesignator=R? NewDesignator=R13
Change Component Designator: OldDesignator=U1 NewDesignator=U12
Change Component Designator: OldDesignator=U12 NewDesignator=U14
Change Component Designator: OldDesignator=U13 NewDesignator=U15
Change Component Designator: OldDesignator=U14 NewDesignator=U16
Change Component Designator: OldDesignator=U15 NewDesignator=U17
Change Component Designator: OldDesignator=U16 NewDesignator=U18
Change Component Designator: OldDesignator=U17 NewDesignator=U19
Change Component Designator: OldDesignator=U18 NewDesignator=U20
Change Component Designator: OldDesignator=U19 NewDesignator=U21
Change Component Designator: OldDesignator=U20 NewDesignator=U22
Change Component Designator: OldDesignator=U21 NewDesignator=U23
Change Component Designator: OldDesignator=U22 NewDesignator=U24
Change Component Designator: OldDesignator=U23 NewDesignator=U25
Change Component Designator: OldDesignator=U24 NewDesignator=U26
Change Component Designator: OldDesignator=U25A NewDesignator=U1A
Change Component Designator: OldDesignator=U25B NewDesignator=U1B
Change Component Designator: OldDesignator=U25C NewDesignator=U1C
Change Component Designator: OldDesignator=U25D NewDesignator=U1D
Change Component Designator: OldDesignator=U26 NewDesignator=U13
Change Component Designator: OldDesignator=U27 NewDesignator=U29
Change Component Designator: OldDesignator=U31A NewDesignator=U27A
Change Component Designator: OldDesignator=U31B NewDesignator=U27B
Change Component Designator: OldDesignator=U32A NewDesignator=U28A
Change Component Designator: OldDesignator=U32B NewDesignator=U28B
Added Pin To Net: NetName=LED1 Pin=D3-K
Change Net Name : Old Net Name=NetC1_2 New Net Name=NetC40_2
Change Net Name : Old Net Name=NetC2_2 New Net Name=NetC7_2
Change Net Name : Old Net Name=NetC10_2 New Net Name=NetC9_2
Change Net Name : Old Net Name=NetC13_1 New Net Name=NetC21_1
Change Net Name : Old Net Name=NetC14_2 New Net Name=NetC19_2
Change Net Name : Old Net Name=NetC15_2 New Net Name=NetC20_2
Change Net Name : Old Net Name=NetC20_2 New Net Name=NetC22_2
Change Net Name : Old Net Name=NetC24_2 New Net Name=NetC23_2
Change Net Name : Old Net Name=NetC29_2 New Net Name=NetC27_2
Change Net Name : Old Net Name=NetC30_1 New Net Name=NetC28_1
Change Net Name : Old Net Name=NetC30_2 New Net Name=NetC28_2
Change Net Name : Old Net Name=NetC36_1 New Net Name=NetC33_1
Change Net Name : Old Net Name=NetC37_1 New Net Name=NetC34_1
Change Net Name : Old Net Name=NetC38_2 New Net Name=NetC35_2
Change Net Name : Old Net Name=NetC39_1 New Net Name=NetC36_1
Change Net Name : Old Net Name=NetC40_2 New Net Name=NetC37_2
Change Net Name : Old Net Name=NetC41_2 New Net Name=NetC38_2
Change Net Name : Old Net Name=NetC42_2 New Net Name=NetC39_2
Change Net Name : Old Net Name=NetC46_2 New Net Name=NetC44_2
Change Net Name : Old Net Name=NetC47_1 New Net Name=NetC45_1
Change Net Name : Old Net Name=NetC47_2 New Net Name=NetC45_2
Change Net Name : Old Net Name=NetC51_1 New Net Name=NetC49_1
Change Net Name : Old Net Name=NetC52_2 New Net Name=NetC50_2
Change Net Name : Old Net Name=NetC53_2 New Net Name=NetC51_2
Change Net Name : Old Net Name=NetC54_2 New Net Name=NetC52_2
Change Net Name : Old Net Name=NetC59_2 New Net Name=NetC56_2
Change Net Name : Old Net Name=NetC60_1 New Net Name=NetC57_1
Change Net Name : Old Net Name=NetC60_2 New Net Name=NetC57_2
Change Net Name : Old Net Name=NetC66_1 New Net Name=NetC62_1
Change Net Name : Old Net Name=NetC67_1 New Net Name=NetC63_1
Change Net Name : Old Net Name=NetC68_1 New Net Name=NetC64_1
Change Net Name : Old Net Name=NetC69_2 New Net Name=NetC65_2
Change Net Name : Old Net Name=NetC70_2 New Net Name=NetC66_2
Change Net Name : Old Net Name=NetC71_2 New Net Name=NetC67_2
Change Net Name : Old Net Name=NetC72_2 New Net Name=NetC68_2
Change Net Name : Old Net Name=NetC74_2 New Net Name=NetC70_2
Change Net Name : Old Net Name=NetC78_2 New Net Name=NetC73_2
Change Net Name : Old Net Name=NetC79_1 New Net Name=NetC74_1
Change Net Name : Old Net Name=NetC79_2 New Net Name=NetC74_2
Change Net Name : Old Net Name=NetC85_1 New Net Name=NetC79_1
Change Net Name : Old Net Name=NetC86_1 New Net Name=NetC80_1
Change Net Name : Old Net Name=NetC87_1 New Net Name=NetC81_1
Change Net Name : Old Net Name=NetC88_2 New Net Name=NetC82_2
Change Net Name : Old Net Name=NetC89_2 New Net Name=NetC83_2
Change Net Name : Old Net Name=NetC90_2 New Net Name=NetC84_2
Change Net Name : Old Net Name=NetC91_2 New Net Name=NetC85_2
Change Net Name : Old Net Name=NetC92A_2 New Net Name=NetC3A_2
Change Net Name : Old Net Name=NetC92B_2 New Net Name=NetC3B_2
Change Net Name : Old Net Name=NetC92C_2 New Net Name=NetC3C_2
Change Net Name : Old Net Name=NetC92D_2 New Net Name=NetC3D_2
Change Net Name : Old Net Name=NetC94A_1 New Net Name=NetC2A_1
Change Net Name : Old Net Name=NetC94B_1 New Net Name=NetC2B_1
Change Net Name : Old Net Name=NetC94C_1 New Net Name=NetC2C_1
Change Net Name : Old Net Name=NetC94D_1 New Net Name=NetC2D_1
Change Net Name : Old Net Name=NetD1_A New Net Name=NetD2_A
Change Net Name : Old Net Name=NetD2_A New Net Name=NetD4_A
Change Net Name : Old Net Name=NetD4_A New Net Name=NetD3_A
Change Net Name : Old Net Name=NetJ1_1 New Net Name=NetJ2_1
Change Net Name : Old Net Name=NetJ5_1 New Net Name=NetJ7_1
Change Net Name : Old Net Name=NetJ5_7 New Net Name=NetJ7_7
Change Net Name : Old Net Name=NetQ1A_D New Net Name=NetQ3A_D
Change Net Name : Old Net Name=NetQ1A_G New Net Name=NetQ3A_G
Change Net Name : Old Net Name=NetQ1B_D New Net Name=NetQ3B_D
Change Net Name : Old Net Name=NetQ1B_G New Net Name=NetQ3B_G
Change Net Name : Old Net Name=NetQ2_D New Net Name=NetQ1_D
Change Net Name : Old Net Name=NetQ2_G New Net Name=NetQ1_G
Change Net Name : Old Net Name=NetQ4_D New Net Name=NetQ2_D
Change Net Name : Old Net Name=NetR15_2 New Net Name=NetR17_2
Change Net Name : Old Net Name=NetR16_1 New Net Name=NetR74_1
Change Net Name : Old Net Name=NetR32_1 New Net Name=NetR35_1
Change Net Name : Old Net Name=NetR36_1 New Net Name=NetR39_1
Change Net Name : Old Net Name=NetR42_2 New Net Name=NetR43_2
Change Net Name : Old Net Name=NetR51_2 New Net Name=NetR50_2
Change Net Name : Old Net Name=NetR52_2 New Net Name=NetR51_2
Change Net Name : Old Net Name=NetR59_2 New Net Name=NetR56_2
Change Net Name : Old Net Name=NetR68_2 New Net Name=NetR63_2
Change Net Name : Old Net Name=NetR69_2 New Net Name=NetR64_2
Change Net Name : Old Net Name=NetR72A_2 New Net Name=NetR4A_2
Change Net Name : Old Net Name=NetR72B_2 New Net Name=NetR4B_2
Change Net Name : Old Net Name=NetR72C_2 New Net Name=NetR4C_2
Change Net Name : Old Net Name=NetR72D_2 New Net Name=NetR4D_2
Change Net Name : Old Net Name=NetR76A_1 New Net Name=NetR1A_1
Change Net Name : Old Net Name=NetR76B_1 New Net Name=NetR1B_1
Change Net Name : Old Net Name=NetR76C_1 New Net Name=NetR1C_1
Change Net Name : Old Net Name=NetR76D_1 New Net Name=NetR1D_1
Change Net Name : Old Net Name=NetR79A_1 New Net Name=NetR68A_1
Change Net Name : Old Net Name=NetR79B_1 New Net Name=NetR68B_1
Change Net Name : Old Net Name=NetR80A_2 New Net Name=NetR69A_2
Change Net Name : Old Net Name=NetR80A_3 New Net Name=NetR69A_3
Change Net Name : Old Net Name=NetR80B_2 New Net Name=NetR69B_2
Change Net Name : Old Net Name=NetR80B_3 New Net Name=NetR69B_3
Added Member To Class: ClassName=Controller Member=Component C21 KGM05ACG1H180FH
Added Member To Class: ClassName=Controller Member=Component J2 FTSH-105-01-F-DV-K-P
Added Member To Class: ClassName=Controller Member=Component R11
Added Member To Class: ClassName=5V5_Supply Member=Component R39 RMCF0805FG100K
