Removed Pin From Net: NetName=GND Pin=C2-1
Removed Pin From Net: NetName=GND Pin=C3-1
Removed Pin From Net: NetName=+3V3 Pin=C3-2
Removed Pin From Net: NetName=GND Pin=C4-1
Removed Pin From Net: NetName=GND Pin=C5-1
Removed Pin From Net: NetName=+3V3 Pin=C5-2
Removed Pin From Net: NetName=GND Pin=C25-1
Removed Pin From Net: NetName=GND Pin=C32-1
Removed Pin From Net: NetName=GND Pin=C55-1
Removed Pin From Net: NetName=GND Pin=C62-1
Removed Pin From Net: NetName=GND Pin=C75-1
Removed Pin From Net: NetName=GND Pin=C83-1
Removed Pin From Net: NetName=GND Pin=C95-1
Removed Pin From Net: NetName=GND Pin=C96-1
Removed Pin From Net: NetName=+3V3 Pin=C96-2
Removed Pin From Net: NetName=GND Pin=C97-1
Removed Pin From Net: NetName=GND Pin=C98-1
Removed Pin From Net: NetName=+3V3 Pin=C98-2
Removed Pin From Net: NetName=GND Pin=C99-1
Removed Pin From Net: NetName=+5V5_RADIO Pin=R3-2
Removed Pin From Net: NetName=GND Pin=R4-1
Removed Pin From Net: NetName=+3V3_OBC Pin=R13-2
Removed Pin From Net: NetName=GND Pin=R14-1
Removed Pin From Net: NetName=+3V3_AUX Pin=R16-2
Removed Pin From Net: NetName=GND Pin=R17-1
Removed Pin From Net: NetName=OBC_IMON Pin=R26-2
Removed Pin From Net: NetName=+12V_PAYLOAD Pin=R40-2
Removed Pin From Net: NetName=GND Pin=R41-1
Removed Pin From Net: NetName=+12V_ADCS Pin=R43-2
Removed Pin From Net: NetName=GND Pin=R44-1
Removed Pin From Net: NetName=PAYLOAD_IMON Pin=R53-2
Removed Pin From Net: NetName=ADCS_12V_IMON Pin=R54-2
Removed Pin From Net: NetName=+5V_ADCS Pin=R57-2
Removed Pin From Net: NetName=GND Pin=R58-1
Removed Pin From Net: NetName=+5V_AUX Pin=R60-2
Removed Pin From Net: NetName=GND Pin=R61-1
Removed Pin From Net: NetName=ADCS_5V_IMON Pin=R70-2
Removed Pin From Net: NetName=5V_AUX_IMON Pin=R71-2
Removed Pin From Net: NetName=LED0 Pin=U3-10
Removed Pin From Net: NetName=LED1 Pin=U3-11
Removed Pin From Net: NetName=DEBUG_TX Pin=U3-16
Removed Pin From Net: NetName=DEBUG_RX Pin=U3-17
Removed Pin From Net: NetName=CAN_SHDN Pin=U3-26
Removed Pin From Net: NetName=CAN_STB Pin=U3-27
Removed Pin From Net: NetName=CAN_SHDN Pin=U3-50
Removed Pin From Net: NetName=OBC_IMON Pin=U9-9
Removed Pin From Net: NetName=PAYLOAD_IMON Pin=U17-9
Removed Pin From Net: NetName=ADCS_12V_IMON Pin=U18-9
Removed Pin From Net: NetName=ADCS_5V_IMON Pin=U23-9
Removed Pin From Net: NetName=5V_AUX_IMON Pin=U24-9
Removed Pin From Net: NetName=GND Pin=U27-2
Removed Pin From Net: NetName=+3V3 Pin=U27-4
Removed Pin From Net: NetName=GND Pin=U28-2
Removed Pin From Net: NetName=+3V3 Pin=U28-4
Removed Pin From Net: NetName=GND Pin=U29-2
Removed Pin From Net: NetName=+3V3 Pin=U29-4
Removed Pin From Net: NetName=GND Pin=U30-2
Removed Pin From Net: NetName=+3V3 Pin=U30-4
Removed Member From Class: ClassName=5V5_Supply Member=C2
Removed Member From Class: ClassName=3V3_Supply Member=C3
Removed Member From Class: ClassName=3V3_Supply Member=C4
Removed Member From Class: ClassName=5V5_Supply Member=C5
Removed Member From Class: ClassName=3V3_Supply Member=C25
Removed Member From Class: ClassName=3V3_Supply Member=C32
Removed Member From Class: ClassName=12V_Supply Member=C55
Removed Member From Class: ClassName=12V_Supply Member=C62
Removed Member From Class: ClassName=5V_Supply Member=C75
Removed Member From Class: ClassName=5V_Supply Member=C83
Removed Member From Class: ClassName=5V5_Supply Member=C95
Removed Member From Class: ClassName=12V_Supply Member=C96
Removed Member From Class: ClassName=12V_Supply Member=C97
Removed Member From Class: ClassName=5V_Supply Member=C98
Removed Member From Class: ClassName=5V_Supply Member=C99
Removed Member From Class: ClassName=5V5_Supply Member=R3
Removed Member From Class: ClassName=5V5_Supply Member=R4
Removed Member From Class: ClassName=3V3_Supply Member=R13
Removed Member From Class: ClassName=3V3_Supply Member=R14
Removed Member From Class: ClassName=3V3_Supply Member=R16
Removed Member From Class: ClassName=3V3_Supply Member=R17
Removed Member From Class: ClassName=12V_Supply Member=R40
Removed Member From Class: ClassName=12V_Supply Member=R41
Removed Member From Class: ClassName=12V_Supply Member=R43
Removed Member From Class: ClassName=12V_Supply Member=R44
Removed Member From Class: ClassName=5V_Supply Member=R57
Removed Member From Class: ClassName=5V_Supply Member=R58
Removed Member From Class: ClassName=5V_Supply Member=R60
Removed Member From Class: ClassName=5V_Supply Member=R61
Removed Member From Class: ClassName=3V3_Supply Member=U27
Removed Member From Class: ClassName=5V5_Supply Member=U28
Removed Member From Class: ClassName=12V_Supply Member=U29
Removed Member From Class: ClassName=5V_Supply Member=U30
Added Pin To Net: NetName=PAYLOAD_EN Pin=U3-2
Added Pin To Net: NetName=12V_VMON Pin=U3-8
Added Pin To Net: NetName=PAYLOAD_IMON Pin=U3-9
Added Pin To Net: NetName=ADCS_12V_IMON Pin=U3-10
Added Pin To Net: NetName=3V3_VMON Pin=U3-14
Added Pin To Net: NetName=OBC_IMON Pin=U3-15
Added Pin To Net: NetName=5V_VMON Pin=U3-17
Added Pin To Net: NetName=ADCS_5V_IMON Pin=U3-20
Added Pin To Net: NetName=5V_AUX_IMON Pin=U3-21
Added Pin To Net: NetName=5V5_VMON Pin=U3-22
Added Pin To Net: NetName=OBC_EN Pin=U3-25
Added Pin To Net: NetName=3V3_CONV_EN Pin=U3-36
Added Pin To Net: NetName=AUX_EN Pin=U3-37
Added Pin To Net: NetName=5V_CONV_EN Pin=U3-38
Added Pin To Net: NetName=ADCS_5V_EN Pin=U3-39
Added Pin To Net: NetName=AUX_5V_EN Pin=U3-40
Added Pin To Net: NetName=5V5_CONV_EN Pin=U3-50
Added Pin To Net: NetName=DEBUG_TX Pin=U3-51
Added Pin To Net: NetName=DEBUG_RX Pin=U3-52
Added Pin To Net: NetName=RADIO_EN Pin=U3-53
Added Pin To Net: NetName=12V_CONV_EN Pin=U3-54
Added Pin To Net: NetName=OBC_IMON Pin=U7-1
Added Pin To Net: NetName=OBC_IMON Pin=U7-4
Added Pin To Net: NetName=PAYLOAD_IMON Pin=U15-1
Added Pin To Net: NetName=PAYLOAD_IMON Pin=U15-4
Added Pin To Net: NetName=ADCS_12V_IMON Pin=U16-1
Added Pin To Net: NetName=ADCS_12V_IMON Pin=U16-4
Added Pin To Net: NetName=ADCS_5V_IMON Pin=U21-1
Added Pin To Net: NetName=ADCS_5V_IMON Pin=U21-4
Added Pin To Net: NetName=5V_AUX_IMON Pin=U22-1
Added Pin To Net: NetName=5V_AUX_IMON Pin=U22-4
Change Net Name : Old Net Name=PANEL[0..3] New Net Name=PANEL
Change Net Name : Old Net Name=PANEL_EN[0..3] New Net Name=PANEL_EN
Change Net Name : Old Net Name=PANEL_PG[0..3] New Net Name=PANEL_PG
Added Pin To Net: NetName=3V3_AUX_IMON Pin=U3-16
Added Pin To Net: NetName=3V3_AUX_IMON Pin=U8-1
Added Pin To Net: NetName=3V3_AUX_IMON Pin=U8-4
Added Net: Name=3V3_AUX_IMON
Added Pin To Net: NetName=3V3_AUX_IOCP Pin=R27-2
Added Pin To Net: NetName=3V3_AUX_IOCP Pin=U8-3
Added Pin To Net: NetName=3V3_AUX_IOCP Pin=U10-9
Added Net: Name=3V3_AUX_IOCP
Added Pin To Net: NetName=BMS_nCE Pin=J4-15
Added Pin To Net: NetName=BMS_nCE Pin=U3-29
Added Net: Name=BMS_nCE
Added Pin To Net: NetName=BMS_nINT Pin=J4-10
Added Pin To Net: NetName=BMS_nINT Pin=U3-35
Added Net: Name=BMS_nINT
Added Pin To Net: NetName=BMS_nQON Pin=J4-9
Added Pin To Net: NetName=BMS_nQON Pin=U3-34
Added Net: Name=BMS_nQON
Added Pin To Net: NetName=BMS_nSTAT Pin=J4-16
Added Pin To Net: NetName=BMS_nSTAT Pin=U3-33
Added Net: Name=BMS_nSTAT
Added Pin To Net: NetName=BMS_SCL Pin=J4-11
Added Pin To Net: NetName=BMS_SCL Pin=U3-58
Added Net: Name=BMS_SCL
Added Pin To Net: NetName=BMS_SDA Pin=J4-12
Added Pin To Net: NetName=BMS_SDA Pin=U3-59
Added Net: Name=BMS_SDA
Added Pin To Net: NetName=HEATER1_PWM Pin=R78B-2
Added Pin To Net: NetName=HEATER1_PWM Pin=U3-61
Added Pin To Net: NetName=HEATER1_PWM Pin=U31B-3
Added Net: Name=HEATER1_PWM
Added Pin To Net: NetName=HEATER2_PWM Pin=R78A-2
Added Pin To Net: NetName=HEATER2_PWM Pin=U3-62
Added Pin To Net: NetName=HEATER2_PWM Pin=U31A-3
Added Net: Name=HEATER2_PWM
Added Pin To Net: NetName=IOCP_5V_ADCS Pin=R70-2
Added Pin To Net: NetName=IOCP_5V_ADCS Pin=U21-3
Added Pin To Net: NetName=IOCP_5V_ADCS Pin=U23-9
Added Net: Name=IOCP_5V_ADCS
Added Pin To Net: NetName=IOCP_5V_AUX Pin=R71-2
Added Pin To Net: NetName=IOCP_5V_AUX Pin=U22-3
Added Pin To Net: NetName=IOCP_5V_AUX Pin=U24-9
Added Net: Name=IOCP_5V_AUX
Added Pin To Net: NetName=IOCP_12V_ADCS Pin=R54-2
Added Pin To Net: NetName=IOCP_12V_ADCS Pin=U16-3
Added Pin To Net: NetName=IOCP_12V_ADCS Pin=U18-9
Added Net: Name=IOCP_12V_ADCS
Added Pin To Net: NetName=IOCP_PAYLOAD Pin=R53-2
Added Pin To Net: NetName=IOCP_PAYLOAD Pin=U15-3
Added Pin To Net: NetName=IOCP_PAYLOAD Pin=U17-9
Added Net: Name=IOCP_PAYLOAD
Added Pin To Net: NetName=NetR81A_2 Pin=R81A-2
Added Pin To Net: NetName=NetR81A_2 Pin=U3-24
Added Pin To Net: NetName=NetR81A_2 Pin=U32A-1
Added Net: Name=NetR81A_2
Added Pin To Net: NetName=NetR81B_2 Pin=R81B-2
Added Pin To Net: NetName=NetR81B_2 Pin=U3-11
Added Pin To Net: NetName=NetR81B_2 Pin=U32B-1
Added Net: Name=NetR81B_2
Added Pin To Net: NetName=OBC_IOCP Pin=R26-2
Added Pin To Net: NetName=OBC_IOCP Pin=U7-3
Added Pin To Net: NetName=OBC_IOCP Pin=U9-9
Added Net: Name=OBC_IOCP
Added Pin To Net: NetName=PANEL_EN0 Pin=U3-41
Added Net: Name=PANEL_EN0
Added Pin To Net: NetName=PANEL_EN1 Pin=U3-42
Added Net: Name=PANEL_EN1
Added Pin To Net: NetName=PANEL_EN2 Pin=U3-26
Added Net: Name=PANEL_EN2
Added Pin To Net: NetName=PANEL_EN3 Pin=U3-27
Added Net: Name=PANEL_EN3
Added Pin To Net: NetName=PANEL_PG0 Pin=U3-28
Added Net: Name=PANEL_PG0
Added Pin To Net: NetName=PANEL_PG1 Pin=U3-55
Added Net: Name=PANEL_PG1
Added Pin To Net: NetName=PANEL_PG2 Pin=U3-56
Added Net: Name=PANEL_PG2
Added Pin To Net: NetName=PANEL_PG3 Pin=U3-57
Added Net: Name=PANEL_PG3
Added Pin To Net: NetName=RADIO_ILM Pin=R35-2
Added Pin To Net: NetName=RADIO_ILM Pin=U12-9
Added Pin To Net: NetName=RADIO_ILM Pin=U26-3
Added Net: Name=RADIO_ILM
Added Pin To Net: NetName=RADIO_IMON Pin=U3-23
Added Pin To Net: NetName=RADIO_IMON Pin=U26-1
Added Pin To Net: NetName=RADIO_IMON Pin=U26-4
Added Net: Name=RADIO_IMON
Added Class: Name=PANEL[0..3]
Added Class: Name=PANEL_EN[0..3]
Added Class: Name=PANEL_PG[0..3]
