Removed Pin From Net: NetName=NetC2A_1 Pin=C2A-1
Removed Pin From Net: NetName=NetC2B_1 Pin=C2B-1
Removed Pin From Net: NetName=NetC2C_1 Pin=C2C-1
Removed Pin From Net: NetName=NetC2D_1 Pin=C2D-1
Removed Pin From Net: NetName=NetC2A_1 Pin=C101A-1
Removed Pin From Net: NetName=NetC2B_1 Pin=C101B-1
Removed Pin From Net: NetName=NetC2C_1 Pin=C101C-1
Removed Pin From Net: NetName=NetC2D_1 Pin=C101D-1
Added Pin To Net: NetName=GND Pin=C2A-1
Added Pin To Net: NetName=GND Pin=C2B-1
Added Pin To Net: NetName=GND Pin=C2C-1
Added Pin To Net: NetName=GND Pin=C2D-1
Added Pin To Net: NetName=GND Pin=C101A-1
Added Pin To Net: NetName=GND Pin=C101B-1
Added Pin To Net: NetName=GND Pin=C101C-1
Added Pin To Net: NetName=GND Pin=C101D-1
Change Net Name : Old Net Name=NetC2A_1 New Net Name=NetR5A_1
Change Net Name : Old Net Name=NetC2B_1 New Net Name=NetR5B_1
Change Net Name : Old Net Name=NetC2C_1 New Net Name=NetR5C_1
Change Net Name : Old Net Name=NetC2D_1 New Net Name=NetR5D_1
Added Room: Name=PC104
Added Room: Name=Top_Level
