Removed Pin From Net: NetName=GND Pin=R30-1
Removed Pin From Net: NetName=NetC53_2 Pin=U12-9
Removed Pin From Net: NetName=NetR35_2 Pin=U12-10
Removed Pin From Net: NetName=12V_VMON Pin=U16-1
Removed Pin From Net: NetName=12V_VMON Pin=U16-4
Added Component: Designator=Q2(SOT23-3 MOSFET)
Add component (AddParameter): Name = "(Id) @ 25°C"; Value = "200mA"; VariantName = "[No Variations]"
Add component (AddParameter): Name = "Drain to Source Voltage"; Value = "60V"; VariantName = "[No Variations]"
Add component (AddParameter): Name = "Manufacturer Part Number"; Value = "T2N7002AK,LM"; VariantName = "[No Variations]"
Add component (AddParameter): Name = "Operating Temperature"; Value = "-55C - 150C"; VariantName = "[No Variations]"
Add component (AddParameter): Name = "Power Dissipation (Max)"; Value = "320mW (Ta)"; VariantName = "[No Variations]"
Add component (AddParameter): Name = "Rds On (Max) @ Id, Vgs"; Value = "3.9ohm"; VariantName = "[No Variations]"
Add component (AddParameter): Name = "Vgs (Max)"; Value = ""; VariantName = "[No Variations]"
Add component (AddParameter): Name = "Vgs(th) (Max) @ Id"; Value = "2.1V @ 250µA"; VariantName = "[No Variations]"
Added Component: Designator=R82(RESC0805)
Add component (AddParameter): Name = "Case Code"; Value = "0805"; VariantName = "[No Variations]"
Add component (AddParameter): Name = "Distributor"; Value = "Digikey"; VariantName = "[No Variations]"
Add component (AddParameter): Name = "Distributor Part Number"; Value = "RMCF0805FT100RCT-ND"; VariantName = "[No Variations]"
Add component (AddParameter): Name = "Part Number"; Value = "RMCF0805FT100R"; VariantName = "[No Variations]"
Add component (AddParameter): Name = "Resistance"; Value = "100R"; VariantName = "[No Variations]"
Add component (AddParameter): Name = "Tolerance"; Value = "1%"; VariantName = "[No Variations]"
Added Pin To Net: NetName=SYS Pin=C26-2
Added Pin To Net: NetName=SYS Pin=C27-2
Added Pin To Net: NetName=SYS Pin=C28-2
Added Pin To Net: NetName=SYS Pin=C43-2
Added Pin To Net: NetName=SYS Pin=C44-2
Added Pin To Net: NetName=SYS Pin=C45-2
Added Pin To Net: NetName=SYS Pin=C56-2
Added Pin To Net: NetName=SYS Pin=C57-2
Added Pin To Net: NetName=SYS Pin=C58-2
Added Pin To Net: NetName=SYS Pin=C73-2
Added Pin To Net: NetName=SYS Pin=C76-2
Added Pin To Net: NetName=SYS Pin=C77-2
Added Pin To Net: NetName=GND Pin=Q2-S
Added Pin To Net: NetName=NetQ4_D Pin=R30-2
Added Pin To Net: NetName=SYS Pin=U5-3
Added Pin To Net: NetName=SYS Pin=U11-3
Added Pin To Net: NetName=NetR35_2 Pin=U12-9
Added Pin To Net: NetName=NetC53_2 Pin=U12-10
Added Pin To Net: NetName=SYS Pin=U13-3
Added Pin To Net: NetName=SYS Pin=U19-3
Change Net Name : Old Net Name=NetC4_2 New Net Name=3V3_TMON
Change Net Name : Old Net Name=NetC95_2 New Net Name=5V5_TMON
Change Net Name : Old Net Name=NetC97_2 New Net Name=12V_TMON
Change Net Name : Old Net Name=NetC99_2 New Net Name=5V_TMON
Change Net Name : Old Net Name=NetR26_2 New Net Name=OBC_IMON
Change Net Name : Old Net Name=NetR34_1 New Net Name=RADIO_PG
Change Net Name : Old Net Name=NetR53_2 New Net Name=PAYLOAD_IMON
Change Net Name : Old Net Name=NetR54_2 New Net Name=ADCS_12V_IMON
Change Net Name : Old Net Name=NetR70_2 New Net Name=ADCS_5V_IMON
Change Net Name : Old Net Name=NetR71_2 New Net Name=5V_AUX_IMON
Change Net Name : Old Net Name=NetU5_2 New Net Name=3V3_CONV_EN
Change Net Name : Old Net Name=NetU9_4 New Net Name=OBC_nFLT
Change Net Name : Old Net Name=NetU9_5 New Net Name=OBC_EN
Change Net Name : Old Net Name=NetU10_4 New Net Name=AUX_nFLT
Change Net Name : Old Net Name=NetU10_5 New Net Name=AUX_EN
Change Net Name : Old Net Name=NetU11_2 New Net Name=5V5_CONV_EN
Change Net Name : Old Net Name=NetU13_2 New Net Name=12V_CONV_EN
Change Net Name : Old Net Name=NetU17_4 New Net Name=PAYLOAD_nFLT
Change Net Name : Old Net Name=NetU17_5 New Net Name=PAYLOAD_EN
Change Net Name : Old Net Name=NetU18_4 New Net Name=ADCS_12V_nFLT
Change Net Name : Old Net Name=NetU18_5 New Net Name=ADCS_12V_EN
Change Net Name : Old Net Name=NetU19_2 New Net Name=5V_CONV_EN
Change Net Name : Old Net Name=NetU23_4 New Net Name=ADCS_5V_nFLT
Change Net Name : Old Net Name=NetU23_5 New Net Name=ADCS_5V_EN
Change Net Name : Old Net Name=NetU24_4 New Net Name=AUX_5V_nFLT
Change Net Name : Old Net Name=NetU24_5 New Net Name=AUX_5V_EN
Change Net Color : Old Net Color=RGB(158, 161, 117) New Net Color=Black
Change Net Color : Old Net Color=RGB(158, 161, 117) New Net Color=Black
Change Net Color : Old Net Color=RGB(158, 161, 117) New Net Color=Black
Change Net Color : Old Net Color=RGB(158, 161, 117) New Net Color=Black
Change Net Color : Old Net Color=RGB(158, 161, 117) New Net Color=Black
Added Pin To Net: NetName=ADCS_VMON Pin=U16-1
Added Pin To Net: NetName=ADCS_VMON Pin=U16-4
Added Net: Name=ADCS_VMON
Added Pin To Net: NetName=NetQ2_D Pin=Q2-D
Added Pin To Net: NetName=NetQ2_D Pin=Q4-G
Added Pin To Net: NetName=NetQ2_D Pin=R30-1
Added Net: Name=NetQ2_D
Added Pin To Net: NetName=NetQ2_G Pin=Q2-G
Added Pin To Net: NetName=NetQ2_G Pin=R82-1
Added Net: Name=NetQ2_G
Added Pin To Net: NetName=RADIO_EN Pin=R82-2
Added Net: Name=RADIO_EN
Added Member To Class: ClassName=5V5_Supply Member=Component Q2 T2N7002AK,LM
Added Member To Class: ClassName=5V5_Supply Member=Component R82 RMCF0805FT100R
