Change Component Footprint: Designator=C107 Old Footprint=CAPC1210X090 New Footprint=CAPC0603X040
Change Component Footprint: Designator=C108 Old Footprint=CAPC1210X090 New Footprint=CAPC0603X040
Change Component Comment : Designator=C107 Old Comment=CL32B226MOJNNNE New Comment=C0603C104K5RACTU
Change Component Comment : Designator=C108 Old Comment=CL32B226MOJNNNE New Comment=C0603C104K5RACTU
Change component parameters: Designator = "C107" ("C107"); Footprint = "CAPC1210X090"; UniqueID = "\VEIWRKVN\OCUHZART" ("\VEIWRKVN\OCUHZART")
Change component parameters (AddParameter): Name = "Capacitance"; Value = "100nF"; VariantName = "[No Variations]"
Change component parameters (AddParameter): Name = "Case Code"; Value = "0603"; VariantName = "[No Variations]"
Change component parameters (AddParameter): Name = "Distributor"; Value = "Digikey"; VariantName = "[No Variations]"
Change component parameters (AddParameter): Name = "Distributor Part Number"; Value = "399-C0603C104K5RACTUCT-ND"; VariantName = "[No Variations]"
Change component parameters (AddParameter): Name = "Part Number"; Value = "C0603C104K5RACTU"; VariantName = "[No Variations]"
Change component parameters (AddParameter): Name = "Tolerance"; Value = "10%"; VariantName = "[No Variations]"
Change component parameters (AddParameter): Name = "Voltage Rating"; Value = "50V"; VariantName = "[No Variations]"
Change component parameters: Designator = "C108" ("C108"); Footprint = "CAPC1210X090"; UniqueID = "\VEIWRKVN\ZEBRZAXO" ("\VEIWRKVN\ZEBRZAXO")
Change component parameters (AddParameter): Name = "Capacitance"; Value = "100nF"; VariantName = "[No Variations]"
Change component parameters (AddParameter): Name = "Case Code"; Value = "0603"; VariantName = "[No Variations]"
Change component parameters (AddParameter): Name = "Distributor"; Value = "Digikey"; VariantName = "[No Variations]"
Change component parameters (AddParameter): Name = "Distributor Part Number"; Value = "399-C0603C104K5RACTUCT-ND"; VariantName = "[No Variations]"
Change component parameters (AddParameter): Name = "Part Number"; Value = "C0603C104K5RACTU"; VariantName = "[No Variations]"
Change component parameters (AddParameter): Name = "Tolerance"; Value = "10%"; VariantName = "[No Variations]"
Change component parameters (AddParameter): Name = "Voltage Rating"; Value = "50V"; VariantName = "[No Variations]"
Added Component: Designator=C122(CAPC0805X060)
Add component (AddParameter): Name = "Capacitance"; Value = "1uF"; VariantName = "[No Variations]"
Add component (AddParameter): Name = "Case Code"; Value = "0805"; VariantName = "[No Variations]"
Add component (AddParameter): Name = "Distributor"; Value = "Digikey"; VariantName = "[No Variations]"
Add component (AddParameter): Name = "Distributor Part Number"; Value = "1276-1066-1-ND"; VariantName = "[No Variations]"
Add component (AddParameter): Name = "Part Number"; Value = "CL21B105KAFNNNE"; VariantName = "[No Variations]"
Add component (AddParameter): Name = "Tolerance"; Value = "10%"; VariantName = "[No Variations]"
Add component (AddParameter): Name = "Voltage Rating"; Value = "25V"; VariantName = "[No Variations]"
Added Component: Designator=C123(CAPC0805X060)
Add component (AddParameter): Name = "Capacitance"; Value = "1uF"; VariantName = "[No Variations]"
Add component (AddParameter): Name = "Case Code"; Value = "0805"; VariantName = "[No Variations]"
Add component (AddParameter): Name = "Distributor"; Value = "Digikey"; VariantName = "[No Variations]"
Add component (AddParameter): Name = "Distributor Part Number"; Value = "1276-1066-1-ND"; VariantName = "[No Variations]"
Add component (AddParameter): Name = "Part Number"; Value = "CL21B105KAFNNNE"; VariantName = "[No Variations]"
Add component (AddParameter): Name = "Tolerance"; Value = "10%"; VariantName = "[No Variations]"
Add component (AddParameter): Name = "Voltage Rating"; Value = "25V"; VariantName = "[No Variations]"
Added Pin To Net: NetName=GND Pin=C122-1
Added Pin To Net: NetName=+5V_ADCS Pin=C122-2
Added Pin To Net: NetName=GND Pin=C123-1
Added Pin To Net: NetName=+5V_AUX Pin=C123-2
Added Member To Class: ClassName=5V_Supply Member=Component C122 CL21B105KAFNNNE
Added Member To Class: ClassName=5V_Supply Member=Component C123 CL21B105KAFNNNE
