Added Component: Designator=J4(LS2-110-01-L-D)
Add component (AddParameter): Name = "Contact Rating"; Value = "3.2A"; VariantName = "[No Variations]"
Add component (AddParameter): Name = "Distributor"; Value = "Digikey"; VariantName = "[No Variations]"
Add component (AddParameter): Name = "Distributor Part Number"; Value = "SAM9665-ND"; VariantName = "[No Variations]"
Add component (AddParameter): Name = "Number of Positions"; Value = "20"; VariantName = "[No Variations]"
Add component (AddParameter): Name = "Number of Rows"; Value = "2"; VariantName = "[No Variations]"
Add component (AddParameter): Name = "Operating Temperature"; Value = "-55C ~ 125C"; VariantName = "[No Variations]"
Add component (AddParameter): Name = "Part Number"; Value = "LS2-110-01-L-D"; VariantName = "[No Variations]"
Add component (AddParameter): Name = "Voltage Rating"; Value = "475VAC"; VariantName = "[No Variations]"
Added Pin To Net: NetName=GND Pin=J4-5
Added Pin To Net: NetName=GND Pin=J4-6
Added Pin To Net: NetName=GND Pin=J4-7
Added Pin To Net: NetName=GND Pin=J4-8
Added Pin To Net: NetName=GND Pin=J4-13
Added Pin To Net: NetName=GND Pin=J4-14
Added Pin To Net: NetName=GND Pin=J4-18
Added Pin To Net: NetName=GND Pin=J4-20
Added Pin To Net: NetName=nCE Pin=J4-15
Added Net: Name=nCE
Added Pin To Net: NetName=nINT Pin=J4-10
Added Net: Name=nINT
Added Pin To Net: NetName=nQON Pin=J4-9
Added Net: Name=nQON
Added Pin To Net: NetName=nSTAT Pin=J4-16
Added Net: Name=nSTAT
Added Pin To Net: NetName=SCL Pin=J4-11
Added Net: Name=SCL
Added Pin To Net: NetName=SDA Pin=J4-12
Added Net: Name=SDA
Added Pin To Net: NetName=SYS Pin=J4-1
Added Pin To Net: NetName=SYS Pin=J4-2
Added Pin To Net: NetName=SYS Pin=J4-3
Added Pin To Net: NetName=SYS Pin=J4-4
Added Net: Name=SYS
Added Pin To Net: NetName=VPANEL Pin=J4-17
Added Pin To Net: NetName=VPANEL Pin=J4-19
Added Net: Name=VPANEL
Added Member To Class: ClassName=Top_Level Member=Component J4 LS2-110-01-L-D
