Removed Pin From Net: NetName=GND Pin=C14-2
Removed Pin From Net: NetName=nRST Pin=J1-1
Removed Pin From Net: NetName=+3V3 Pin=U3-1
Removed Pin From Net: NetName=PAYLOAD_EN Pin=U3-2
Removed Pin From Net: NetName=NetC13_1 Pin=U3-3
Removed Pin From Net: NetName=NetC20_2 Pin=U3-5
Removed Pin From Net: NetName=NetC15_2 Pin=U3-6
Removed Pin From Net: NetName=nRST Pin=U3-7
Removed Pin From Net: NetName=12V_VMON Pin=U3-8
Removed Pin From Net: NetName=PAYLOAD_IMON Pin=U3-9
Removed Pin From Net: NetName=ADCS_12V_IMON Pin=U3-10
Removed Pin From Net: NetName=NetR81B_2 Pin=U3-11
Removed Pin From Net: NetName=GND Pin=U3-12
Removed Pin From Net: NetName=+2V5_REF Pin=U3-13
Removed Pin From Net: NetName=3V3_VMON Pin=U3-14
Removed Pin From Net: NetName=OBC_IMON Pin=U3-15
Removed Pin From Net: NetName=3V3_AUX_IMON Pin=U3-16
Removed Pin From Net: NetName=5V_VMON Pin=U3-17
Removed Pin From Net: NetName=GND Pin=U3-18
Removed Pin From Net: NetName=ADCS_5V_IMON Pin=U3-20
Removed Pin From Net: NetName=5V_AUX_IMON Pin=U3-21
Removed Pin From Net: NetName=5V5_VMON Pin=U3-22
Removed Pin From Net: NetName=RADIO_IMON Pin=U3-23
Removed Pin From Net: NetName=NetR81A_2 Pin=U3-24
Removed Pin From Net: NetName=OBC_EN Pin=U3-25
Removed Pin From Net: NetName=PANEL_EN3 Pin=U3-27
Removed Pin From Net: NetName=PANEL_PG0 Pin=U3-28
Removed Pin From Net: NetName=BMS_nCE Pin=U3-29
Removed Pin From Net: NetName=NetC10_2 Pin=U3-30
Removed Pin From Net: NetName=GND Pin=U3-31
Removed Pin From Net: NetName=+3V3 Pin=U3-32
Removed Pin From Net: NetName=BMS_nSTAT Pin=U3-33
Removed Pin From Net: NetName=BMS_nQON Pin=U3-34
Removed Pin From Net: NetName=BMS_nINT Pin=U3-35
Removed Pin From Net: NetName=3V3_CONV_EN Pin=U3-36
Removed Pin From Net: NetName=AUX_EN Pin=U3-37
Removed Pin From Net: NetName=5V_CONV_EN Pin=U3-38
Removed Pin From Net: NetName=ADCS_5V_EN Pin=U3-39
Removed Pin From Net: NetName=AUX_5V_EN Pin=U3-40
Removed Pin From Net: NetName=CAN_TX Pin=U3-44
Removed Pin From Net: NetName=CAN_RX Pin=U3-45
Removed Pin From Net: NetName=SWDIO Pin=U3-46
Removed Pin From Net: NetName=GND Pin=U3-47
Removed Pin From Net: NetName=+3V3 Pin=U3-48
Removed Pin From Net: NetName=SWCLK Pin=U3-49
Removed Pin From Net: NetName=5V5_CONV_EN Pin=U3-50
Removed Pin From Net: NetName=DEBUG_TX Pin=U3-51
Removed Pin From Net: NetName=DEBUG_RX Pin=U3-52
Removed Pin From Net: NetName=RADIO_EN Pin=U3-53
Removed Pin From Net: NetName=12V_CONV_EN Pin=U3-54
Removed Pin From Net: NetName=BMS_SCL Pin=U3-58
Removed Pin From Net: NetName=BMS_SDA Pin=U3-59
Removed Pin From Net: NetName=BOOT0 Pin=U3-60
Removed Pin From Net: NetName=HEATER1_PWM Pin=U3-61
Removed Pin From Net: NetName=HEATER2_PWM Pin=U3-62
Removed Pin From Net: NetName=GND Pin=U3-63
Removed Pin From Net: NetName=+3V3 Pin=U3-64
Change Component Footprint: Designator=U3 Old Footprint=LQFP-64 New Footprint=STM32F427VGT7
Change Component Comment : Designator=U3 Old Comment=STM32F446RET7 New Comment=STM32F427VGT7
Change component parameters: Designator = "U3" ("U3"); Footprint = "LQFP-64"; UniqueID = "\AEVAOYAC\JNDVEIIO" ("\AEVAOYAC\JNDVEIIO")
Change component parameters (AddParameter): Name = "Distributor"; Value = "Digikey"; VariantName = "[No Variations]"
Change component parameters (AddParameter): Name = "Distributor Part Number"; Value = "497-16769-ND"; VariantName = "[No Variations]"
Change component parameters (AddParameter): Name = "Operating Temperature"; Value = "-40°C ~ 105°C (TA)"; VariantName = "[No Variations]"
Change component parameters (AddParameter): Name = "Part Number"; Value = "STM32F427VGT7"; VariantName = "[No Variations]"
Change component parameters (AddParameter): Name = "RAM Size"; Value = "256Kx8"; VariantName = "[No Variations]"
Change component parameters (AddParameter): Name = "Speed"; Value = "180MHz"; VariantName = "[No Variations]"
Change component parameters (AddParameter): Name = "Voltage - Supply"; Value = "1.8V ~ 3.6V"; VariantName = "[No Variations]"
Added Component: Designator=C2(CAPC0805X060)
Add component (AddParameter): Name = "Capacitance"; Value = "4.7uF"; VariantName = "[No Variations]"
Add component (AddParameter): Name = "Case Code"; Value = "0805"; VariantName = "[No Variations]"
Add component (AddParameter): Name = "Distributor"; Value = "Digikey"; VariantName = "[No Variations]"
Add component (AddParameter): Name = "Distributor Part Number"; Value = "1276-2970-1-ND"; VariantName = "[No Variations]"
Add component (AddParameter): Name = "Manufacturer Part Number"; Value = "CL21B475KOFNFNE"; VariantName = "[No Variations]"
Add component (AddParameter): Name = "Tolerance"; Value = "10%"; VariantName = "[No Variations]"
Add component (AddParameter): Name = "Voltage Rating"; Value = "16V"; VariantName = "[No Variations]"
Added Component: Designator=R3(RESC0805)
Add component (AddParameter): Name = "Case Code"; Value = "0805"; VariantName = "[No Variations]"
Add component (AddParameter): Name = "Distributor"; Value = "Digikey"; VariantName = "[No Variations]"
Add component (AddParameter): Name = "Distributor Part Number"; Value = "RNCP0805FTD1K00CT-ND"; VariantName = "[No Variations]"
Add component (AddParameter): Name = "Manufacturer Part Number"; Value = "RNCP0805FTD1K00"; VariantName = "[No Variations]"
Add component (AddParameter): Name = "Resistance"; Value = "1K"; VariantName = "[No Variations]"
Add component (AddParameter): Name = "Tolerance"; Value = "1%"; VariantName = "[No Variations]"
Added Pin To Net: NetName=GND Pin=C2-1
Added Pin To Net: NetName=GND Pin=C14-1
Added Pin To Net: NetName=nRST Pin=R3-2
Added Pin To Net: NetName=+3V3 Pin=U3-6
Added Pin To Net: NetName=NetC13_1 Pin=U3-8
Added Pin To Net: NetName=GND Pin=U3-10
Added Pin To Net: NetName=+3V3 Pin=U3-11
Added Pin To Net: NetName=NetC20_2 Pin=U3-12
Added Pin To Net: NetName=NetC15_2 Pin=U3-13
Added Pin To Net: NetName=nRST Pin=U3-14
Added Pin To Net: NetName=ADCS_12V_IMON Pin=U3-15
Added Pin To Net: NetName=NetR81B_2 Pin=U3-16
Added Pin To Net: NetName=NetR81A_2 Pin=U3-17
Added Pin To Net: NetName=GND Pin=U3-20
Added Pin To Net: NetName=+2V5_REF Pin=U3-21
Added Pin To Net: NetName=+2V5_REF Pin=U3-22
Added Pin To Net: NetName=3V3_VMON Pin=U3-23
Added Pin To Net: NetName=OBC_IMON Pin=U3-24
Added Pin To Net: NetName=3V3_AUX_IMON Pin=U3-25
Added Pin To Net: NetName=5V_VMON Pin=U3-26
Added Pin To Net: NetName=GND Pin=U3-27
Added Pin To Net: NetName=GND Pin=U3-28
Added Pin To Net: NetName=ADCS_5V_IMON Pin=U3-29
Added Pin To Net: NetName=5V_AUX_IMON Pin=U3-30
Added Pin To Net: NetName=5V5_VMON Pin=U3-31
Added Pin To Net: NetName=RADIO_IMON Pin=U3-32
Added Pin To Net: NetName=12V_VMON Pin=U3-35
Added Pin To Net: NetName=PAYLOAD_IMON Pin=U3-36
Added Pin To Net: NetName=BMS_nQON Pin=U3-47
Added Pin To Net: NetName=BMS_nINT Pin=U3-48
Added Pin To Net: NetName=+3V3 Pin=U3-50
Added Pin To Net: NetName=CAN_RX Pin=U3-51
Added Pin To Net: NetName=CAN_TX Pin=U3-52
Added Pin To Net: NetName=PANEL_EN3 Pin=U3-58
Added Pin To Net: NetName=PANEL_PG0 Pin=U3-59
Added Pin To Net: NetName=3V3_CONV_EN Pin=U3-63
Added Pin To Net: NetName=5V5_CONV_EN Pin=U3-64
Added Pin To Net: NetName=CAN_SHDN Pin=U3-67
Added Pin To Net: NetName=CAN_STB Pin=U3-68
Added Pin To Net: NetName=SWDIO Pin=U3-72
Added Pin To Net: NetName=NetC10_2 Pin=U3-73
Added Pin To Net: NetName=GND Pin=U3-74
Added Pin To Net: NetName=+3V3 Pin=U3-75
Added Pin To Net: NetName=SWCLK Pin=U3-76
Added Pin To Net: NetName=HEATER1_PWM Pin=U3-77
Added Pin To Net: NetName=DEBUG_TX Pin=U3-78
Added Pin To Net: NetName=DEBUG_RX Pin=U3-79
Added Pin To Net: NetName=OBC_EN Pin=U3-81
Added Pin To Net: NetName=AUX_EN Pin=U3-82
Added Pin To Net: NetName=5V_CONV_EN Pin=U3-83
Added Pin To Net: NetName=ADCS_5V_EN Pin=U3-84
Added Pin To Net: NetName=AUX_5V_EN Pin=U3-85
Added Pin To Net: NetName=RADIO_EN Pin=U3-86
Added Pin To Net: NetName=PAYLOAD_EN Pin=U3-87
Added Pin To Net: NetName=12V_CONV_EN Pin=U3-88
Added Pin To Net: NetName=HEATER2_PWM Pin=U3-89
Added Pin To Net: NetName=BMS_SCL Pin=U3-92
Added Pin To Net: NetName=BMS_SDA Pin=U3-93
Added Pin To Net: NetName=BOOT0 Pin=U3-94
Added Pin To Net: NetName=BMS_nCE Pin=U3-95
Added Pin To Net: NetName=BMS_nSTAT Pin=U3-96
Added Pin To Net: NetName=GND Pin=U3-99
Added Pin To Net: NetName=+3V3 Pin=U3-100
Change Net Name : Old Net Name=PANEL_PG1 New Net Name=PANEL_EN0
Change Net Name : Old Net Name=PANEL_PG2 New Net Name=PANEL_EN1
Change Net Name : Old Net Name=PANEL_PG3 New Net Name=PANEL_EN2
Added Pin To Net: NetName=NetC2_2 Pin=C2-2
Added Pin To Net: NetName=NetC2_2 Pin=U3-49
Added Net: Name=NetC2_2
Added Pin To Net: NetName=NetC14_2 Pin=C14-2
Added Pin To Net: NetName=NetC14_2 Pin=U3-9
Added Pin To Net: NetName=NetC14_2 Pin=Y1-1
Added Net: Name=NetC14_2
Added Pin To Net: NetName=NetJ1_1 Pin=J1-1
Added Pin To Net: NetName=NetJ1_1 Pin=R3-1
Added Net: Name=NetJ1_1
Added Pin To Net: NetName=PANEL_PG1 Pin=U3-60
Added Net: Name=PANEL_PG1
Added Pin To Net: NetName=PANEL_PG2 Pin=U3-61
Added Net: Name=PANEL_PG2
Added Pin To Net: NetName=PANEL_PG3 Pin=U3-62
Added Net: Name=PANEL_PG3
Added Member To Class: ClassName=Controller Member=Component C2 CAPC0805
Added Member To Class: ClassName=Controller Member=Component R3 RNCP0805FTD1K00
